01-Jul-2021 09:22:58.508 INFO [main] org.apache.catalina.startup.VersionLoggerListener.log Server version name:   Apache Tomcat/8.5.68
01-Jul-2021 09:22:58.510 INFO [main] org.apache.catalina.startup.VersionLoggerListener.log Server built:          Jun 11 2021 13:32:01 UTC
01-Jul-2021 09:22:58.510 INFO [main] org.apache.catalina.startup.VersionLoggerListener.log Server version number: 8.5.68.0
01-Jul-2021 09:22:58.510 INFO [main] org.apache.catalina.startup.VersionLoggerListener.log OS Name:               Linux
01-Jul-2021 09:22:58.510 INFO [main] org.apache.catalina.startup.VersionLoggerListener.log OS Version:            5.11.20-300.fc34.x86_64
01-Jul-2021 09:22:58.510 INFO [main] org.apache.catalina.startup.VersionLoggerListener.log Architecture:          amd64
01-Jul-2021 09:22:58.510 INFO [main] org.apache.catalina.startup.VersionLoggerListener.log Java Home:             /home/mo/.sdkman/candidates/java/8.0.282.hs-adpt/jre
01-Jul-2021 09:22:58.511 INFO [main] org.apache.catalina.startup.VersionLoggerListener.log JVM Version:           1.8.0_282-b08
01-Jul-2021 09:22:58.511 INFO [main] org.apache.catalina.startup.VersionLoggerListener.log JVM Vendor:            AdoptOpenJDK
01-Jul-2021 09:22:58.511 INFO [main] org.apache.catalina.startup.VersionLoggerListener.log CATALINA_BASE:         /home/mo/apps/tomcat8
01-Jul-2021 09:22:58.511 INFO [main] org.apache.catalina.startup.VersionLoggerListener.log CATALINA_HOME:         /home/mo/apps/tomcat8
01-Jul-2021 09:22:58.511 INFO [main] org.apache.catalina.startup.VersionLoggerListener.log Command line argument: -Djava.util.logging.config.file=/home/mo/apps/tomcat8/conf/logging.properties
01-Jul-2021 09:22:58.511 INFO [main] org.apache.catalina.startup.VersionLoggerListener.log Command line argument: -Djava.util.logging.manager=org.apache.juli.ClassLoaderLogManager
01-Jul-2021 09:22:58.511 INFO [main] org.apache.catalina.startup.VersionLoggerListener.log Command line argument: -Djdk.tls.ephemeralDHKeySize=2048
01-Jul-2021 09:22:58.511 INFO [main] org.apache.catalina.startup.VersionLoggerListener.log Command line argument: -Djava.protocol.handler.pkgs=org.apache.catalina.webresources
01-Jul-2021 09:22:58.512 INFO [main] org.apache.catalina.startup.VersionLoggerListener.log Command line argument: -Dorg.apache.catalina.security.SecurityListener.UMASK=0027
01-Jul-2021 09:22:58.512 INFO [main] org.apache.catalina.startup.VersionLoggerListener.log Command line argument: -Dignore.endorsed.dirs=
01-Jul-2021 09:22:58.512 INFO [main] org.apache.catalina.startup.VersionLoggerListener.log Command line argument: -Dcatalina.base=/home/mo/apps/tomcat8
01-Jul-2021 09:22:58.512 INFO [main] org.apache.catalina.startup.VersionLoggerListener.log Command line argument: -Dcatalina.home=/home/mo/apps/tomcat8
01-Jul-2021 09:22:58.512 INFO [main] org.apache.catalina.startup.VersionLoggerListener.log Command line argument: -Djava.io.tmpdir=/home/mo/apps/tomcat8/temp
01-Jul-2021 09:22:58.512 INFO [main] org.apache.catalina.core.AprLifecycleListener.lifecycleEvent The Apache Tomcat Native library which allows using OpenSSL was not found on the java.library.path: [/usr/java/packages/lib/amd64:/usr/lib64:/lib64:/lib:/usr/lib]
01-Jul-2021 09:22:58.597 INFO [main] org.apache.coyote.AbstractProtocol.init Initializing ProtocolHandler ["http-nio-8080"]
01-Jul-2021 09:22:58.610 SEVERE [main] org.apache.catalina.core.StandardService.initInternal Failed to initialize connector [Connector[HTTP/1.1-8080]]
	org.apache.catalina.LifecycleException: Protocol handler initialization failed
		at org.apache.catalina.connector.Connector.initInternal(Connector.java:1077)
		at org.apache.catalina.util.LifecycleBase.init(LifecycleBase.java:136)
		at org.apache.catalina.core.StandardService.initInternal(StandardService.java:557)
		at org.apache.catalina.util.LifecycleBase.init(LifecycleBase.java:136)
		at org.apache.catalina.core.StandardServer.initInternal(StandardServer.java:850)
		at org.apache.catalina.util.LifecycleBase.init(LifecycleBase.java:136)
		at org.apache.catalina.startup.Catalina.load(Catalina.java:639)
		at org.apache.catalina.startup.Catalina.load(Catalina.java:662)
		at sun.reflect.NativeMethodAccessorImpl.invoke0(Native Method)
		at sun.reflect.NativeMethodAccessorImpl.invoke(NativeMethodAccessorImpl.java:62)
		at sun.reflect.DelegatingMethodAccessorImpl.invoke(DelegatingMethodAccessorImpl.java:43)
		at java.lang.reflect.Method.invoke(Method.java:498)
		at org.apache.catalina.startup.Bootstrap.load(Bootstrap.java:305)
		at org.apache.catalina.startup.Bootstrap.main(Bootstrap.java:475)
	Caused by: java.net.BindException: Address already in use
		at sun.nio.ch.Net.bind0(Native Method)
		at sun.nio.ch.Net.bind(Net.java:461)
		at sun.nio.ch.Net.bind(Net.java:453)
		at sun.nio.ch.ServerSocketChannelImpl.bind(ServerSocketChannelImpl.java:222)
		at sun.nio.ch.ServerSocketAdaptor.bind(ServerSocketAdaptor.java:85)
		at org.apache.tomcat.util.net.NioEndpoint.bind(NioEndpoint.java:222)
		at org.apache.tomcat.util.net.AbstractEndpoint.init(AbstractEndpoint.java:1147)
		at org.apache.tomcat.util.net.AbstractJsseEndpoint.init(AbstractJsseEndpoint.java:222)
		at org.apache.coyote.AbstractProtocol.init(AbstractProtocol.java:599)
		at org.apache.coyote.http11.AbstractHttp11Protocol.init(AbstractHttp11Protocol.java:80)
		at org.apache.catalina.connector.Connector.initInternal(Connector.java:1074)
		... 13 more
01-Jul-2021 09:22:58.611 INFO [main] org.apache.catalina.startup.Catalina.load Initialization processed in 518 ms
01-Jul-2021 09:22:58.640 INFO [main] org.apache.catalina.core.StandardService.startInternal Starting service [Catalina]
01-Jul-2021 09:22:58.640 INFO [main] org.apache.catalina.core.StandardEngine.startInternal Starting Servlet engine: [Apache Tomcat/8.5.68]
01-Jul-2021 09:22:58.648 INFO [localhost-startStop-1] org.apache.catalina.startup.HostConfig.deployDirectory Deploying web application directory [/home/mo/apps/tomcat8/webapps/ROOT]
01-Jul-2021 09:22:58.916 INFO [localhost-startStop-1] org.apache.catalina.startup.HostConfig.deployDirectory Deployment of web application directory [/home/mo/apps/tomcat8/webapps/ROOT] has finished in [267] ms
01-Jul-2021 09:22:58.919 INFO [localhost-startStop-1] org.apache.catalina.startup.HostConfig.deployDirectory Deploying web application directory [/home/mo/apps/tomcat8/webapps/docs]
01-Jul-2021 09:22:58.936 INFO [localhost-startStop-1] org.apache.catalina.startup.HostConfig.deployDirectory Deployment of web application directory [/home/mo/apps/tomcat8/webapps/docs] has finished in [17] ms
01-Jul-2021 09:22:58.936 INFO [localhost-startStop-1] org.apache.catalina.startup.HostConfig.deployDirectory Deploying web application directory [/home/mo/apps/tomcat8/webapps/examples]
01-Jul-2021 09:22:59.167 INFO [localhost-startStop-1] org.apache.catalina.startup.HostConfig.deployDirectory Deployment of web application directory [/home/mo/apps/tomcat8/webapps/examples] has finished in [230] ms
01-Jul-2021 09:22:59.167 INFO [localhost-startStop-1] org.apache.catalina.startup.HostConfig.deployDirectory Deploying web application directory [/home/mo/apps/tomcat8/webapps/host-manager]
01-Jul-2021 09:22:59.189 INFO [localhost-startStop-1] org.apache.catalina.startup.HostConfig.deployDirectory Deployment of web application directory [/home/mo/apps/tomcat8/webapps/host-manager] has finished in [22] ms
01-Jul-2021 09:22:59.189 INFO [localhost-startStop-1] org.apache.catalina.startup.HostConfig.deployDirectory Deploying web application directory [/home/mo/apps/tomcat8/webapps/manager]
01-Jul-2021 09:22:59.209 INFO [localhost-startStop-1] org.apache.catalina.startup.HostConfig.deployDirectory Deployment of web application directory [/home/mo/apps/tomcat8/webapps/manager] has finished in [20] ms
01-Jul-2021 09:22:59.212 INFO [main] org.apache.catalina.startup.Catalina.start Server startup in 600 ms
01-Jul-2021 09:22:59.213 SEVERE [main] org.apache.catalina.core.StandardServer.await StandardServer.await: create[localhost:8005]: 
	java.net.BindException: Address already in use (Bind failed)
		at java.net.PlainSocketImpl.socketBind(Native Method)
		at java.net.AbstractPlainSocketImpl.bind(AbstractPlainSocketImpl.java:387)
		at java.net.ServerSocket.bind(ServerSocket.java:390)
		at java.net.ServerSocket.<init>(ServerSocket.java:252)
		at org.apache.catalina.core.StandardServer.await(StandardServer.java:422)
		at org.apache.catalina.startup.Catalina.await(Catalina.java:776)
		at org.apache.catalina.startup.Catalina.start(Catalina.java:722)
		at sun.reflect.NativeMethodAccessorImpl.invoke0(Native Method)
		at sun.reflect.NativeMethodAccessorImpl.invoke(NativeMethodAccessorImpl.java:62)
		at sun.reflect.DelegatingMethodAccessorImpl.invoke(DelegatingMethodAccessorImpl.java:43)
		at java.lang.reflect.Method.invoke(Method.java:498)
		at org.apache.catalina.startup.Bootstrap.start(Bootstrap.java:345)
		at org.apache.catalina.startup.Bootstrap.main(Bootstrap.java:476)
01-Jul-2021 09:22:59.214 INFO [main] org.apache.coyote.AbstractProtocol.pause Pausing ProtocolHandler ["http-nio-8080"]
01-Jul-2021 09:22:59.214 INFO [main] org.apache.catalina.core.StandardService.stopInternal Stopping service [Catalina]
01-Jul-2021 09:22:59.235 INFO [main] org.apache.coyote.AbstractProtocol.stop Stopping ProtocolHandler ["http-nio-8080"]
01-Jul-2021 09:22:59.236 INFO [main] org.apache.coyote.AbstractProtocol.destroy Destroying ProtocolHandler ["http-nio-8080"]
01-Jul-2021 09:28:51.091 INFO [main] org.apache.catalina.startup.VersionLoggerListener.log Server version name:   Apache Tomcat/8.5.68
01-Jul-2021 09:28:51.093 INFO [main] org.apache.catalina.startup.VersionLoggerListener.log Server built:          Jun 11 2021 13:32:01 UTC
01-Jul-2021 09:28:51.093 INFO [main] org.apache.catalina.startup.VersionLoggerListener.log Server version number: 8.5.68.0
01-Jul-2021 09:28:51.093 INFO [main] org.apache.catalina.startup.VersionLoggerListener.log OS Name:               Linux
01-Jul-2021 09:28:51.093 INFO [main] org.apache.catalina.startup.VersionLoggerListener.log OS Version:            5.11.20-300.fc34.x86_64
01-Jul-2021 09:28:51.093 INFO [main] org.apache.catalina.startup.VersionLoggerListener.log Architecture:          amd64
01-Jul-2021 09:28:51.094 INFO [main] org.apache.catalina.startup.VersionLoggerListener.log Java Home:             /home/mo/.sdkman/candidates/java/8.0.282.hs-adpt/jre
01-Jul-2021 09:28:51.094 INFO [main] org.apache.catalina.startup.VersionLoggerListener.log JVM Version:           1.8.0_282-b08
01-Jul-2021 09:28:51.094 INFO [main] org.apache.catalina.startup.VersionLoggerListener.log JVM Vendor:            AdoptOpenJDK
01-Jul-2021 09:28:51.094 INFO [main] org.apache.catalina.startup.VersionLoggerListener.log CATALINA_BASE:         /home/mo/apps/tomcat8
01-Jul-2021 09:28:51.094 INFO [main] org.apache.catalina.startup.VersionLoggerListener.log CATALINA_HOME:         /home/mo/apps/tomcat8
01-Jul-2021 09:28:51.094 INFO [main] org.apache.catalina.startup.VersionLoggerListener.log Command line argument: -Djava.util.logging.config.file=/home/mo/apps/tomcat8/conf/logging.properties
01-Jul-2021 09:28:51.095 INFO [main] org.apache.catalina.startup.VersionLoggerListener.log Command line argument: -Djava.util.logging.manager=org.apache.juli.ClassLoaderLogManager
01-Jul-2021 09:28:51.095 INFO [main] org.apache.catalina.startup.VersionLoggerListener.log Command line argument: -Djdk.tls.ephemeralDHKeySize=2048
01-Jul-2021 09:28:51.095 INFO [main] org.apache.catalina.startup.VersionLoggerListener.log Command line argument: -Djava.protocol.handler.pkgs=org.apache.catalina.webresources
01-Jul-2021 09:28:51.095 INFO [main] org.apache.catalina.startup.VersionLoggerListener.log Command line argument: -Dorg.apache.catalina.security.SecurityListener.UMASK=0027
01-Jul-2021 09:28:51.095 INFO [main] org.apache.catalina.startup.VersionLoggerListener.log Command line argument: -Dignore.endorsed.dirs=
01-Jul-2021 09:28:51.096 INFO [main] org.apache.catalina.startup.VersionLoggerListener.log Command line argument: -Dcatalina.base=/home/mo/apps/tomcat8
01-Jul-2021 09:28:51.096 INFO [main] org.apache.catalina.startup.VersionLoggerListener.log Command line argument: -Dcatalina.home=/home/mo/apps/tomcat8
01-Jul-2021 09:28:51.096 INFO [main] org.apache.catalina.startup.VersionLoggerListener.log Command line argument: -Djava.io.tmpdir=/home/mo/apps/tomcat8/temp
01-Jul-2021 09:28:51.096 INFO [main] org.apache.catalina.core.AprLifecycleListener.lifecycleEvent The Apache Tomcat Native library which allows using OpenSSL was not found on the java.library.path: [/usr/java/packages/lib/amd64:/usr/lib64:/lib64:/lib:/usr/lib]
01-Jul-2021 09:28:51.170 INFO [main] org.apache.coyote.AbstractProtocol.init Initializing ProtocolHandler ["http-nio-8081"]
01-Jul-2021 09:28:51.181 INFO [main] org.apache.tomcat.util.net.NioSelectorPool.getSharedSelector Using a shared selector for servlet write/read
01-Jul-2021 09:28:51.195 INFO [main] org.apache.catalina.startup.Catalina.load Initialization processed in 604 ms
01-Jul-2021 09:28:51.220 INFO [main] org.apache.catalina.core.StandardService.startInternal Starting service [Catalina]
01-Jul-2021 09:28:51.220 INFO [main] org.apache.catalina.core.StandardEngine.startInternal Starting Servlet engine: [Apache Tomcat/8.5.68]
01-Jul-2021 09:28:51.239 INFO [localhost-startStop-1] org.apache.catalina.startup.HostConfig.deployWAR Deploying web application archive [/home/mo/apps/tomcat8/webapps/nsl#mapper##2.2.war]
01-Jul-2021 09:28:53.365 INFO [localhost-startStop-1] org.apache.jasper.servlet.TldScanner.scanJars At least one JAR was scanned for TLDs yet contained no TLDs. Enable debug logging for this logger for a complete list of JARs that were scanned but no TLDs were found in them. Skipping unneeded JARs during scanning can improve startup time and JSP compilation time.
01-Jul-2021 09:28:55.818 SEVERE [localhost-startStop-1] org.apache.catalina.core.ContainerBase.addChildInternal ContainerBase.addChild: start: 
	org.apache.catalina.LifecycleException: Failed to start component [StandardEngine[Catalina].StandardHost[localhost].StandardContext[/nsl/mapper##2.2]]
		at org.apache.catalina.util.LifecycleBase.handleSubClassException(LifecycleBase.java:440)
		at org.apache.catalina.util.LifecycleBase.start(LifecycleBase.java:198)
		at org.apache.catalina.core.ContainerBase.addChildInternal(ContainerBase.java:755)
		at org.apache.catalina.core.ContainerBase.addChild(ContainerBase.java:729)
		at org.apache.catalina.core.StandardHost.addChild(StandardHost.java:695)
		at org.apache.catalina.startup.HostConfig.deployWAR(HostConfig.java:1016)
		at org.apache.catalina.startup.HostConfig$DeployWar.run(HostConfig.java:1903)
		at java.util.concurrent.Executors$RunnableAdapter.call(Executors.java:511)
		at java.util.concurrent.FutureTask.run(FutureTask.java:266)
		at java.util.concurrent.ThreadPoolExecutor.runWorker(ThreadPoolExecutor.java:1149)
		at java.util.concurrent.ThreadPoolExecutor$Worker.run(ThreadPoolExecutor.java:624)
		at java.lang.Thread.run(Thread.java:748)
	Caused by: io.micronaut.context.exceptions.BeanInstantiationException: Bean definition [javax.sql.DataSource] could not be loaded: Error instantiating bean of type [javax.sql.DataSource]: Failed to initialize pool: Connection to localhost:5432 refused. Check that the hostname and port are correct and that the postmaster is accepting TCP/IP connections.
		at io.micronaut.context.DefaultBeanContext.initializeContext(DefaultBeanContext.java:1549)
		at io.micronaut.context.DefaultApplicationContext.initializeContext(DefaultApplicationContext.java:220)
		at io.micronaut.context.DefaultBeanContext.readAllBeanDefinitionClasses(DefaultBeanContext.java:2812)
		at io.micronaut.context.DefaultBeanContext.start(DefaultBeanContext.java:233)
		at io.micronaut.context.DefaultApplicationContext.start(DefaultApplicationContext.java:166)
		at io.micronaut.servlet.engine.initializer.MicronautServletInitializer.onStartup(MicronautServletInitializer.java:37)
		at org.apache.catalina.core.StandardContext.startInternal(StandardContext.java:5221)
		at org.apache.catalina.util.LifecycleBase.start(LifecycleBase.java:183)
		... 10 more
	Caused by: io.micronaut.context.exceptions.BeanInstantiationException: Error instantiating bean of type [javax.sql.DataSource]: Failed to initialize pool: Connection to localhost:5432 refused. Check that the hostname and port are correct and that the postmaster is accepting TCP/IP connections.
		at io.micronaut.context.DefaultBeanContext.doCreateBean(DefaultBeanContext.java:1927)
		at io.micronaut.context.DefaultBeanContext.createAndRegisterSingletonInternal(DefaultBeanContext.java:2679)
		at io.micronaut.context.DefaultBeanContext.createAndRegisterSingleton(DefaultBeanContext.java:2665)
		at io.micronaut.context.DefaultBeanContext.loadContextScopeBean(DefaultBeanContext.java:2204)
		at io.micronaut.context.DefaultBeanContext.initializeContext(DefaultBeanContext.java:1543)
		... 17 more
	Caused by: com.zaxxer.hikari.pool.HikariPool$PoolInitializationException: Failed to initialize pool: Connection to localhost:5432 refused. Check that the hostname and port are correct and that the postmaster is accepting TCP/IP connections.
		at com.zaxxer.hikari.pool.HikariPool.throwPoolInitializationException(HikariPool.java:595)
		at com.zaxxer.hikari.pool.HikariPool.checkFailFast(HikariPool.java:581)
		at com.zaxxer.hikari.pool.HikariPool.<init>(HikariPool.java:115)
		at com.zaxxer.hikari.HikariDataSource.<init>(HikariDataSource.java:81)
		at io.micronaut.configuration.jdbc.hikari.HikariUrlDataSource.<init>(HikariUrlDataSource.java:35)
		at io.micronaut.configuration.jdbc.hikari.DatasourceFactory.dataSource(DatasourceFactory.java:66)
		at io.micronaut.configuration.jdbc.hikari.$DatasourceFactory$DataSource0Definition.build(Unknown Source)
		at io.micronaut.context.BeanDefinitionDelegate.build(BeanDefinitionDelegate.java:148)
		at io.micronaut.context.DefaultBeanContext.doCreateBean(DefaultBeanContext.java:1898)
		... 21 more
	Caused by: org.postgresql.util.PSQLException: Connection to localhost:5432 refused. Check that the hostname and port are correct and that the postmaster is accepting TCP/IP connections.
		at org.postgresql.core.v3.ConnectionFactoryImpl.openConnectionImpl(ConnectionFactoryImpl.java:303)
		at org.postgresql.core.ConnectionFactory.openConnection(ConnectionFactory.java:51)
		at org.postgresql.jdbc.PgConnection.<init>(PgConnection.java:225)
		at org.postgresql.Driver.makeConnection(Driver.java:465)
		at org.postgresql.Driver.connect(Driver.java:264)
		at com.zaxxer.hikari.util.DriverDataSource.getConnection(DriverDataSource.java:138)
		at com.zaxxer.hikari.pool.PoolBase.newConnection(PoolBase.java:358)
		at com.zaxxer.hikari.pool.PoolBase.newPoolEntry(PoolBase.java:206)
		at com.zaxxer.hikari.pool.HikariPool.createPoolEntry(HikariPool.java:477)
		at com.zaxxer.hikari.pool.HikariPool.checkFailFast(HikariPool.java:560)
		... 28 more
	Caused by: java.net.ConnectException: Connection refused (Connection refused)
		at java.net.PlainSocketImpl.socketConnect(Native Method)
		at java.net.AbstractPlainSocketImpl.doConnect(AbstractPlainSocketImpl.java:350)
		at java.net.AbstractPlainSocketImpl.connectToAddress(AbstractPlainSocketImpl.java:206)
		at java.net.AbstractPlainSocketImpl.connect(AbstractPlainSocketImpl.java:188)
		at java.net.SocksSocketImpl.connect(SocksSocketImpl.java:392)
		at java.net.Socket.connect(Socket.java:607)
		at org.postgresql.core.PGStream.createSocket(PGStream.java:231)
		at org.postgresql.core.PGStream.<init>(PGStream.java:95)
		at org.postgresql.core.v3.ConnectionFactoryImpl.tryConnect(ConnectionFactoryImpl.java:98)
		at org.postgresql.core.v3.ConnectionFactoryImpl.openConnectionImpl(ConnectionFactoryImpl.java:213)
		... 37 more
01-Jul-2021 09:28:55.821 SEVERE [localhost-startStop-1] org.apache.catalina.startup.HostConfig.deployWAR Error deploying web application archive [/home/mo/apps/tomcat8/webapps/nsl#mapper##2.2.war]
	java.lang.IllegalStateException: Error starting child
		at org.apache.catalina.core.ContainerBase.addChildInternal(ContainerBase.java:759)
		at org.apache.catalina.core.ContainerBase.addChild(ContainerBase.java:729)
		at org.apache.catalina.core.StandardHost.addChild(StandardHost.java:695)
		at org.apache.catalina.startup.HostConfig.deployWAR(HostConfig.java:1016)
		at org.apache.catalina.startup.HostConfig$DeployWar.run(HostConfig.java:1903)
		at java.util.concurrent.Executors$RunnableAdapter.call(Executors.java:511)
		at java.util.concurrent.FutureTask.run(FutureTask.java:266)
		at java.util.concurrent.ThreadPoolExecutor.runWorker(ThreadPoolExecutor.java:1149)
		at java.util.concurrent.ThreadPoolExecutor$Worker.run(ThreadPoolExecutor.java:624)
		at java.lang.Thread.run(Thread.java:748)
	Caused by: org.apache.catalina.LifecycleException: Failed to start component [StandardEngine[Catalina].StandardHost[localhost].StandardContext[/nsl/mapper##2.2]]
		at org.apache.catalina.util.LifecycleBase.handleSubClassException(LifecycleBase.java:440)
		at org.apache.catalina.util.LifecycleBase.start(LifecycleBase.java:198)
		at org.apache.catalina.core.ContainerBase.addChildInternal(ContainerBase.java:755)
		... 9 more
	Caused by: io.micronaut.context.exceptions.BeanInstantiationException: Bean definition [javax.sql.DataSource] could not be loaded: Error instantiating bean of type [javax.sql.DataSource]: Failed to initialize pool: Connection to localhost:5432 refused. Check that the hostname and port are correct and that the postmaster is accepting TCP/IP connections.
		at io.micronaut.context.DefaultBeanContext.initializeContext(DefaultBeanContext.java:1549)
		at io.micronaut.context.DefaultApplicationContext.initializeContext(DefaultApplicationContext.java:220)
		at io.micronaut.context.DefaultBeanContext.readAllBeanDefinitionClasses(DefaultBeanContext.java:2812)
		at io.micronaut.context.DefaultBeanContext.start(DefaultBeanContext.java:233)
		at io.micronaut.context.DefaultApplicationContext.start(DefaultApplicationContext.java:166)
		at io.micronaut.servlet.engine.initializer.MicronautServletInitializer.onStartup(MicronautServletInitializer.java:37)
		at org.apache.catalina.core.StandardContext.startInternal(StandardContext.java:5221)
		at org.apache.catalina.util.LifecycleBase.start(LifecycleBase.java:183)
		... 10 more
	Caused by: io.micronaut.context.exceptions.BeanInstantiationException: Error instantiating bean of type [javax.sql.DataSource]: Failed to initialize pool: Connection to localhost:5432 refused. Check that the hostname and port are correct and that the postmaster is accepting TCP/IP connections.
		at io.micronaut.context.DefaultBeanContext.doCreateBean(DefaultBeanContext.java:1927)
		at io.micronaut.context.DefaultBeanContext.createAndRegisterSingletonInternal(DefaultBeanContext.java:2679)
		at io.micronaut.context.DefaultBeanContext.createAndRegisterSingleton(DefaultBeanContext.java:2665)
		at io.micronaut.context.DefaultBeanContext.loadContextScopeBean(DefaultBeanContext.java:2204)
		at io.micronaut.context.DefaultBeanContext.initializeContext(DefaultBeanContext.java:1543)
		... 17 more
	Caused by: com.zaxxer.hikari.pool.HikariPool$PoolInitializationException: Failed to initialize pool: Connection to localhost:5432 refused. Check that the hostname and port are correct and that the postmaster is accepting TCP/IP connections.
		at com.zaxxer.hikari.pool.HikariPool.throwPoolInitializationException(HikariPool.java:595)
		at com.zaxxer.hikari.pool.HikariPool.checkFailFast(HikariPool.java:581)
		at com.zaxxer.hikari.pool.HikariPool.<init>(HikariPool.java:115)
		at com.zaxxer.hikari.HikariDataSource.<init>(HikariDataSource.java:81)
		at io.micronaut.configuration.jdbc.hikari.HikariUrlDataSource.<init>(HikariUrlDataSource.java:35)
		at io.micronaut.configuration.jdbc.hikari.DatasourceFactory.dataSource(DatasourceFactory.java:66)
		at io.micronaut.configuration.jdbc.hikari.$DatasourceFactory$DataSource0Definition.build(Unknown Source)
		at io.micronaut.context.BeanDefinitionDelegate.build(BeanDefinitionDelegate.java:148)
		at io.micronaut.context.DefaultBeanContext.doCreateBean(DefaultBeanContext.java:1898)
		... 21 more
	Caused by: org.postgresql.util.PSQLException: Connection to localhost:5432 refused. Check that the hostname and port are correct and that the postmaster is accepting TCP/IP connections.
		at org.postgresql.core.v3.ConnectionFactoryImpl.openConnectionImpl(ConnectionFactoryImpl.java:303)
		at org.postgresql.core.ConnectionFactory.openConnection(ConnectionFactory.java:51)
		at org.postgresql.jdbc.PgConnection.<init>(PgConnection.java:225)
		at org.postgresql.Driver.makeConnection(Driver.java:465)
		at org.postgresql.Driver.connect(Driver.java:264)
		at com.zaxxer.hikari.util.DriverDataSource.getConnection(DriverDataSource.java:138)
		at com.zaxxer.hikari.pool.PoolBase.newConnection(PoolBase.java:358)
		at com.zaxxer.hikari.pool.PoolBase.newPoolEntry(PoolBase.java:206)
		at com.zaxxer.hikari.pool.HikariPool.createPoolEntry(HikariPool.java:477)
		at com.zaxxer.hikari.pool.HikariPool.checkFailFast(HikariPool.java:560)
		... 28 more
	Caused by: java.net.ConnectException: Connection refused (Connection refused)
		at java.net.PlainSocketImpl.socketConnect(Native Method)
		at java.net.AbstractPlainSocketImpl.doConnect(AbstractPlainSocketImpl.java:350)
		at java.net.AbstractPlainSocketImpl.connectToAddress(AbstractPlainSocketImpl.java:206)
		at java.net.AbstractPlainSocketImpl.connect(AbstractPlainSocketImpl.java:188)
		at java.net.SocksSocketImpl.connect(SocksSocketImpl.java:392)
		at java.net.Socket.connect(Socket.java:607)
		at org.postgresql.core.PGStream.createSocket(PGStream.java:231)
		at org.postgresql.core.PGStream.<init>(PGStream.java:95)
		at org.postgresql.core.v3.ConnectionFactoryImpl.tryConnect(ConnectionFactoryImpl.java:98)
		at org.postgresql.core.v3.ConnectionFactoryImpl.openConnectionImpl(ConnectionFactoryImpl.java:213)
		... 37 more
01-Jul-2021 09:28:55.823 INFO [localhost-startStop-1] org.apache.catalina.startup.HostConfig.deployWAR Deployment of web application archive [/home/mo/apps/tomcat8/webapps/nsl#mapper##2.2.war] has finished in [4,583] ms
01-Jul-2021 09:28:55.824 INFO [localhost-startStop-1] org.apache.catalina.startup.HostConfig.deployDirectory Deploying web application directory [/home/mo/apps/tomcat8/webapps/ROOT]
01-Jul-2021 09:28:55.958 INFO [localhost-startStop-1] org.apache.catalina.startup.HostConfig.deployDirectory Deployment of web application directory [/home/mo/apps/tomcat8/webapps/ROOT] has finished in [133] ms
01-Jul-2021 09:28:55.958 INFO [localhost-startStop-1] org.apache.catalina.startup.HostConfig.deployDirectory Deploying web application directory [/home/mo/apps/tomcat8/webapps/docs]
01-Jul-2021 09:28:55.982 INFO [localhost-startStop-1] org.apache.catalina.startup.HostConfig.deployDirectory Deployment of web application directory [/home/mo/apps/tomcat8/webapps/docs] has finished in [24] ms
01-Jul-2021 09:28:55.983 INFO [localhost-startStop-1] org.apache.catalina.startup.HostConfig.deployDirectory Deploying web application directory [/home/mo/apps/tomcat8/webapps/examples]
01-Jul-2021 09:28:56.160 INFO [localhost-startStop-1] org.apache.catalina.startup.HostConfig.deployDirectory Deployment of web application directory [/home/mo/apps/tomcat8/webapps/examples] has finished in [177] ms
01-Jul-2021 09:28:56.160 INFO [localhost-startStop-1] org.apache.catalina.startup.HostConfig.deployDirectory Deploying web application directory [/home/mo/apps/tomcat8/webapps/host-manager]
01-Jul-2021 09:28:56.180 INFO [localhost-startStop-1] org.apache.catalina.startup.HostConfig.deployDirectory Deployment of web application directory [/home/mo/apps/tomcat8/webapps/host-manager] has finished in [20] ms
01-Jul-2021 09:28:56.180 INFO [localhost-startStop-1] org.apache.catalina.startup.HostConfig.deployDirectory Deploying web application directory [/home/mo/apps/tomcat8/webapps/manager]
01-Jul-2021 09:28:56.198 INFO [localhost-startStop-1] org.apache.catalina.startup.HostConfig.deployDirectory Deployment of web application directory [/home/mo/apps/tomcat8/webapps/manager] has finished in [18] ms
01-Jul-2021 09:28:56.203 INFO [main] org.apache.coyote.AbstractProtocol.start Starting ProtocolHandler ["http-nio-8081"]
01-Jul-2021 09:28:56.211 INFO [main] org.apache.catalina.startup.Catalina.start Server startup in 5015 ms
01-Jul-2021 09:35:06.793 INFO [ContainerBackgroundProcessor[StandardEngine[Catalina]]] org.apache.catalina.startup.HostConfig.undeploy Undeploying context [/nsl/mapper##2.2]
01-Jul-2021 09:35:06.804 WARNING [ContainerBackgroundProcessor[StandardEngine[Catalina]]] org.apache.catalina.loader.WebappClassLoaderBase.clearReferencesJdbc The web application [nsl#mapper##2.2] registered the JDBC driver [org.postgresql.Driver] but failed to unregister it when the web application was stopped. To prevent a memory leak, the JDBC Driver has been forcibly unregistered.
01-Jul-2021 09:35:36.849 INFO [localhost-startStop-2] org.apache.catalina.startup.HostConfig.deployDirectory Deploying web application directory [/home/mo/apps/tomcat8/webapps/nsl#mapper]
01-Jul-2021 09:35:36.864 INFO [localhost-startStop-2] org.apache.catalina.startup.HostConfig.deployDirectory Deployment of web application directory [/home/mo/apps/tomcat8/webapps/nsl#mapper] has finished in [15] ms
01-Jul-2021 09:38:26.477 INFO [main] org.apache.catalina.core.StandardServer.await A valid shutdown command was received via the shutdown port. Stopping the Server instance.
01-Jul-2021 09:38:26.478 INFO [main] org.apache.coyote.AbstractProtocol.pause Pausing ProtocolHandler ["http-nio-8081"]
01-Jul-2021 09:38:26.484 INFO [main] org.apache.catalina.core.StandardService.stopInternal Stopping service [Catalina]
01-Jul-2021 09:38:26.517 INFO [main] org.apache.coyote.AbstractProtocol.stop Stopping ProtocolHandler ["http-nio-8081"]
01-Jul-2021 09:38:26.521 INFO [main] org.apache.coyote.AbstractProtocol.destroy Destroying ProtocolHandler ["http-nio-8081"]
01-Jul-2021 09:38:42.865 INFO [main] org.apache.catalina.startup.VersionLoggerListener.log Server version name:   Apache Tomcat/8.5.68
01-Jul-2021 09:38:42.867 INFO [main] org.apache.catalina.startup.VersionLoggerListener.log Server built:          Jun 11 2021 13:32:01 UTC
01-Jul-2021 09:38:42.868 INFO [main] org.apache.catalina.startup.VersionLoggerListener.log Server version number: 8.5.68.0
01-Jul-2021 09:38:42.868 INFO [main] org.apache.catalina.startup.VersionLoggerListener.log OS Name:               Linux
01-Jul-2021 09:38:42.868 INFO [main] org.apache.catalina.startup.VersionLoggerListener.log OS Version:            5.11.20-300.fc34.x86_64
01-Jul-2021 09:38:42.868 INFO [main] org.apache.catalina.startup.VersionLoggerListener.log Architecture:          amd64
01-Jul-2021 09:38:42.868 INFO [main] org.apache.catalina.startup.VersionLoggerListener.log Java Home:             /home/mo/.sdkman/candidates/java/8.0.282.hs-adpt/jre
01-Jul-2021 09:38:42.868 INFO [main] org.apache.catalina.startup.VersionLoggerListener.log JVM Version:           1.8.0_282-b08
01-Jul-2021 09:38:42.868 INFO [main] org.apache.catalina.startup.VersionLoggerListener.log JVM Vendor:            AdoptOpenJDK
01-Jul-2021 09:38:42.868 INFO [main] org.apache.catalina.startup.VersionLoggerListener.log CATALINA_BASE:         /home/mo/apps/tomcat8
01-Jul-2021 09:38:42.868 INFO [main] org.apache.catalina.startup.VersionLoggerListener.log CATALINA_HOME:         /home/mo/apps/tomcat8
01-Jul-2021 09:38:42.869 INFO [main] org.apache.catalina.startup.VersionLoggerListener.log Command line argument: -Djava.util.logging.config.file=/home/mo/apps/tomcat8/conf/logging.properties
01-Jul-2021 09:38:42.869 INFO [main] org.apache.catalina.startup.VersionLoggerListener.log Command line argument: -Djava.util.logging.manager=org.apache.juli.ClassLoaderLogManager
01-Jul-2021 09:38:42.869 INFO [main] org.apache.catalina.startup.VersionLoggerListener.log Command line argument: -Djdk.tls.ephemeralDHKeySize=2048
01-Jul-2021 09:38:42.869 INFO [main] org.apache.catalina.startup.VersionLoggerListener.log Command line argument: -Djava.protocol.handler.pkgs=org.apache.catalina.webresources
01-Jul-2021 09:38:42.869 INFO [main] org.apache.catalina.startup.VersionLoggerListener.log Command line argument: -Dorg.apache.catalina.security.SecurityListener.UMASK=0027
01-Jul-2021 09:38:42.869 INFO [main] org.apache.catalina.startup.VersionLoggerListener.log Command line argument: -Dignore.endorsed.dirs=
01-Jul-2021 09:38:42.869 INFO [main] org.apache.catalina.startup.VersionLoggerListener.log Command line argument: -Dcatalina.base=/home/mo/apps/tomcat8
01-Jul-2021 09:38:42.870 INFO [main] org.apache.catalina.startup.VersionLoggerListener.log Command line argument: -Dcatalina.home=/home/mo/apps/tomcat8
01-Jul-2021 09:38:42.870 INFO [main] org.apache.catalina.startup.VersionLoggerListener.log Command line argument: -Djava.io.tmpdir=/home/mo/apps/tomcat8/temp
01-Jul-2021 09:38:42.870 INFO [main] org.apache.catalina.core.AprLifecycleListener.lifecycleEvent The Apache Tomcat Native library which allows using OpenSSL was not found on the java.library.path: [/usr/java/packages/lib/amd64:/usr/lib64:/lib64:/lib:/usr/lib]
01-Jul-2021 09:38:42.943 INFO [main] org.apache.coyote.AbstractProtocol.init Initializing ProtocolHandler ["http-nio-8081"]
01-Jul-2021 09:38:42.955 INFO [main] org.apache.tomcat.util.net.NioSelectorPool.getSharedSelector Using a shared selector for servlet write/read
01-Jul-2021 09:38:42.973 INFO [main] org.apache.catalina.startup.Catalina.load Initialization processed in 565 ms
01-Jul-2021 09:38:42.996 INFO [main] org.apache.catalina.core.StandardService.startInternal Starting service [Catalina]
01-Jul-2021 09:38:42.997 INFO [main] org.apache.catalina.core.StandardEngine.startInternal Starting Servlet engine: [Apache Tomcat/8.5.68]
01-Jul-2021 09:38:43.005 INFO [localhost-startStop-1] org.apache.catalina.startup.HostConfig.deployDirectory Deploying web application directory [/home/mo/apps/tomcat8/webapps/ROOT]
01-Jul-2021 09:38:43.262 INFO [localhost-startStop-1] org.apache.catalina.startup.HostConfig.deployDirectory Deployment of web application directory [/home/mo/apps/tomcat8/webapps/ROOT] has finished in [256] ms
01-Jul-2021 09:38:43.262 INFO [localhost-startStop-1] org.apache.catalina.startup.HostConfig.deployDirectory Deploying web application directory [/home/mo/apps/tomcat8/webapps/docs]
01-Jul-2021 09:38:43.281 INFO [localhost-startStop-1] org.apache.catalina.startup.HostConfig.deployDirectory Deployment of web application directory [/home/mo/apps/tomcat8/webapps/docs] has finished in [18] ms
01-Jul-2021 09:38:43.281 INFO [localhost-startStop-1] org.apache.catalina.startup.HostConfig.deployDirectory Deploying web application directory [/home/mo/apps/tomcat8/webapps/examples]
01-Jul-2021 09:38:43.522 INFO [localhost-startStop-1] org.apache.catalina.startup.HostConfig.deployDirectory Deployment of web application directory [/home/mo/apps/tomcat8/webapps/examples] has finished in [241] ms
01-Jul-2021 09:38:43.523 INFO [localhost-startStop-1] org.apache.catalina.startup.HostConfig.deployDirectory Deploying web application directory [/home/mo/apps/tomcat8/webapps/host-manager]
01-Jul-2021 09:38:43.544 INFO [localhost-startStop-1] org.apache.catalina.startup.HostConfig.deployDirectory Deployment of web application directory [/home/mo/apps/tomcat8/webapps/host-manager] has finished in [20] ms
01-Jul-2021 09:38:43.544 INFO [localhost-startStop-1] org.apache.catalina.startup.HostConfig.deployDirectory Deploying web application directory [/home/mo/apps/tomcat8/webapps/manager]
01-Jul-2021 09:38:43.562 INFO [localhost-startStop-1] org.apache.catalina.startup.HostConfig.deployDirectory Deployment of web application directory [/home/mo/apps/tomcat8/webapps/manager] has finished in [18] ms
01-Jul-2021 09:38:43.562 INFO [localhost-startStop-1] org.apache.catalina.startup.HostConfig.deployDirectory Deploying web application directory [/home/mo/apps/tomcat8/webapps/nsl#mapper]
01-Jul-2021 09:38:43.579 INFO [localhost-startStop-1] org.apache.catalina.startup.HostConfig.deployDirectory Deployment of web application directory [/home/mo/apps/tomcat8/webapps/nsl#mapper] has finished in [17] ms
01-Jul-2021 09:38:43.582 INFO [main] org.apache.coyote.AbstractProtocol.start Starting ProtocolHandler ["http-nio-8081"]
01-Jul-2021 09:38:43.590 INFO [main] org.apache.catalina.startup.Catalina.start Server startup in 616 ms
01-Jul-2021 09:48:52.145 INFO [main] org.apache.catalina.core.StandardServer.await A valid shutdown command was received via the shutdown port. Stopping the Server instance.
01-Jul-2021 09:48:52.146 INFO [main] org.apache.coyote.AbstractProtocol.pause Pausing ProtocolHandler ["http-nio-8081"]
01-Jul-2021 09:48:52.153 INFO [main] org.apache.catalina.core.StandardService.stopInternal Stopping service [Catalina]
01-Jul-2021 09:48:52.178 INFO [main] org.apache.coyote.AbstractProtocol.stop Stopping ProtocolHandler ["http-nio-8081"]
01-Jul-2021 09:48:52.183 INFO [main] org.apache.coyote.AbstractProtocol.destroy Destroying ProtocolHandler ["http-nio-8081"]
01-Jul-2021 09:49:02.815 INFO [main] org.apache.catalina.startup.VersionLoggerListener.log Server version name:   Apache Tomcat/8.5.68
01-Jul-2021 09:49:02.817 INFO [main] org.apache.catalina.startup.VersionLoggerListener.log Server built:          Jun 11 2021 13:32:01 UTC
01-Jul-2021 09:49:02.817 INFO [main] org.apache.catalina.startup.VersionLoggerListener.log Server version number: 8.5.68.0
01-Jul-2021 09:49:02.817 INFO [main] org.apache.catalina.startup.VersionLoggerListener.log OS Name:               Linux
01-Jul-2021 09:49:02.818 INFO [main] org.apache.catalina.startup.VersionLoggerListener.log OS Version:            5.11.20-300.fc34.x86_64
01-Jul-2021 09:49:02.818 INFO [main] org.apache.catalina.startup.VersionLoggerListener.log Architecture:          amd64
01-Jul-2021 09:49:02.818 INFO [main] org.apache.catalina.startup.VersionLoggerListener.log Java Home:             /home/mo/.sdkman/candidates/java/8.0.282.hs-adpt/jre
01-Jul-2021 09:49:02.818 INFO [main] org.apache.catalina.startup.VersionLoggerListener.log JVM Version:           1.8.0_282-b08
01-Jul-2021 09:49:02.818 INFO [main] org.apache.catalina.startup.VersionLoggerListener.log JVM Vendor:            AdoptOpenJDK
01-Jul-2021 09:49:02.818 INFO [main] org.apache.catalina.startup.VersionLoggerListener.log CATALINA_BASE:         /home/mo/apps/tomcat8
01-Jul-2021 09:49:02.818 INFO [main] org.apache.catalina.startup.VersionLoggerListener.log CATALINA_HOME:         /home/mo/apps/tomcat8
01-Jul-2021 09:49:02.819 INFO [main] org.apache.catalina.startup.VersionLoggerListener.log Command line argument: -Djava.util.logging.config.file=/home/mo/apps/tomcat8/conf/logging.properties
01-Jul-2021 09:49:02.819 INFO [main] org.apache.catalina.startup.VersionLoggerListener.log Command line argument: -Djava.util.logging.manager=org.apache.juli.ClassLoaderLogManager
01-Jul-2021 09:49:02.819 INFO [main] org.apache.catalina.startup.VersionLoggerListener.log Command line argument: -Djdk.tls.ephemeralDHKeySize=2048
01-Jul-2021 09:49:02.819 INFO [main] org.apache.catalina.startup.VersionLoggerListener.log Command line argument: -Djava.protocol.handler.pkgs=org.apache.catalina.webresources
01-Jul-2021 09:49:02.819 INFO [main] org.apache.catalina.startup.VersionLoggerListener.log Command line argument: -Dorg.apache.catalina.security.SecurityListener.UMASK=0027
01-Jul-2021 09:49:02.819 INFO [main] org.apache.catalina.startup.VersionLoggerListener.log Command line argument: -Dignore.endorsed.dirs=
01-Jul-2021 09:49:02.819 INFO [main] org.apache.catalina.startup.VersionLoggerListener.log Command line argument: -Dcatalina.base=/home/mo/apps/tomcat8
01-Jul-2021 09:49:02.820 INFO [main] org.apache.catalina.startup.VersionLoggerListener.log Command line argument: -Dcatalina.home=/home/mo/apps/tomcat8
01-Jul-2021 09:49:02.820 INFO [main] org.apache.catalina.startup.VersionLoggerListener.log Command line argument: -Djava.io.tmpdir=/home/mo/apps/tomcat8/temp
01-Jul-2021 09:49:02.820 INFO [main] org.apache.catalina.core.AprLifecycleListener.lifecycleEvent The Apache Tomcat Native library which allows using OpenSSL was not found on the java.library.path: [/usr/java/packages/lib/amd64:/usr/lib64:/lib64:/lib:/usr/lib]
01-Jul-2021 09:49:02.905 INFO [main] org.apache.coyote.AbstractProtocol.init Initializing ProtocolHandler ["http-nio-8081"]
01-Jul-2021 09:49:02.917 INFO [main] org.apache.tomcat.util.net.NioSelectorPool.getSharedSelector Using a shared selector for servlet write/read
01-Jul-2021 09:49:02.931 INFO [main] org.apache.catalina.startup.Catalina.load Initialization processed in 533 ms
01-Jul-2021 09:49:02.955 INFO [main] org.apache.catalina.core.StandardService.startInternal Starting service [Catalina]
01-Jul-2021 09:49:02.955 INFO [main] org.apache.catalina.core.StandardEngine.startInternal Starting Servlet engine: [Apache Tomcat/8.5.68]
01-Jul-2021 09:49:02.963 INFO [localhost-startStop-1] org.apache.catalina.startup.HostConfig.deployDirectory Deploying web application directory [/home/mo/apps/tomcat8/webapps/ROOT]
01-Jul-2021 09:49:03.203 INFO [localhost-startStop-1] org.apache.catalina.startup.HostConfig.deployDirectory Deployment of web application directory [/home/mo/apps/tomcat8/webapps/ROOT] has finished in [236] ms
01-Jul-2021 09:49:03.203 INFO [localhost-startStop-1] org.apache.catalina.startup.HostConfig.deployDirectory Deploying web application directory [/home/mo/apps/tomcat8/webapps/docs]
01-Jul-2021 09:49:03.217 INFO [localhost-startStop-1] org.apache.catalina.startup.HostConfig.deployDirectory Deployment of web application directory [/home/mo/apps/tomcat8/webapps/docs] has finished in [14] ms
01-Jul-2021 09:49:03.217 INFO [localhost-startStop-1] org.apache.catalina.startup.HostConfig.deployDirectory Deploying web application directory [/home/mo/apps/tomcat8/webapps/examples]
01-Jul-2021 09:49:03.422 INFO [localhost-startStop-1] org.apache.catalina.startup.HostConfig.deployDirectory Deployment of web application directory [/home/mo/apps/tomcat8/webapps/examples] has finished in [205] ms
01-Jul-2021 09:49:03.423 INFO [localhost-startStop-1] org.apache.catalina.startup.HostConfig.deployDirectory Deploying web application directory [/home/mo/apps/tomcat8/webapps/host-manager]
01-Jul-2021 09:49:03.445 INFO [localhost-startStop-1] org.apache.catalina.startup.HostConfig.deployDirectory Deployment of web application directory [/home/mo/apps/tomcat8/webapps/host-manager] has finished in [21] ms
01-Jul-2021 09:49:03.445 INFO [localhost-startStop-1] org.apache.catalina.startup.HostConfig.deployDirectory Deploying web application directory [/home/mo/apps/tomcat8/webapps/manager]
01-Jul-2021 09:49:03.464 INFO [localhost-startStop-1] org.apache.catalina.startup.HostConfig.deployDirectory Deployment of web application directory [/home/mo/apps/tomcat8/webapps/manager] has finished in [18] ms
01-Jul-2021 09:49:03.464 INFO [localhost-startStop-1] org.apache.catalina.startup.HostConfig.deployDirectory Deploying web application directory [/home/mo/apps/tomcat8/webapps/nsl#mapper]
01-Jul-2021 09:49:03.484 INFO [localhost-startStop-1] org.apache.catalina.startup.HostConfig.deployDirectory Deployment of web application directory [/home/mo/apps/tomcat8/webapps/nsl#mapper] has finished in [19] ms
01-Jul-2021 09:49:03.487 INFO [main] org.apache.coyote.AbstractProtocol.start Starting ProtocolHandler ["http-nio-8081"]
01-Jul-2021 09:49:03.495 INFO [main] org.apache.catalina.startup.Catalina.start Server startup in 564 ms
01-Jul-2021 09:52:52.519 INFO [main] org.apache.catalina.core.StandardServer.await A valid shutdown command was received via the shutdown port. Stopping the Server instance.
01-Jul-2021 09:52:52.519 INFO [main] org.apache.coyote.AbstractProtocol.pause Pausing ProtocolHandler ["http-nio-8081"]
01-Jul-2021 09:52:52.527 INFO [main] org.apache.catalina.core.StandardService.stopInternal Stopping service [Catalina]
01-Jul-2021 09:52:52.553 INFO [main] org.apache.coyote.AbstractProtocol.stop Stopping ProtocolHandler ["http-nio-8081"]
01-Jul-2021 09:52:52.556 INFO [main] org.apache.coyote.AbstractProtocol.destroy Destroying ProtocolHandler ["http-nio-8081"]
01-Jul-2021 09:53:00.043 INFO [main] org.apache.catalina.startup.VersionLoggerListener.log Server version name:   Apache Tomcat/8.5.68
01-Jul-2021 09:53:00.045 INFO [main] org.apache.catalina.startup.VersionLoggerListener.log Server built:          Jun 11 2021 13:32:01 UTC
01-Jul-2021 09:53:00.045 INFO [main] org.apache.catalina.startup.VersionLoggerListener.log Server version number: 8.5.68.0
01-Jul-2021 09:53:00.045 INFO [main] org.apache.catalina.startup.VersionLoggerListener.log OS Name:               Linux
01-Jul-2021 09:53:00.045 INFO [main] org.apache.catalina.startup.VersionLoggerListener.log OS Version:            5.11.20-300.fc34.x86_64
01-Jul-2021 09:53:00.045 INFO [main] org.apache.catalina.startup.VersionLoggerListener.log Architecture:          amd64
01-Jul-2021 09:53:00.045 INFO [main] org.apache.catalina.startup.VersionLoggerListener.log Java Home:             /home/mo/.sdkman/candidates/java/8.0.282.hs-adpt/jre
01-Jul-2021 09:53:00.046 INFO [main] org.apache.catalina.startup.VersionLoggerListener.log JVM Version:           1.8.0_282-b08
01-Jul-2021 09:53:00.046 INFO [main] org.apache.catalina.startup.VersionLoggerListener.log JVM Vendor:            AdoptOpenJDK
01-Jul-2021 09:53:00.046 INFO [main] org.apache.catalina.startup.VersionLoggerListener.log CATALINA_BASE:         /home/mo/apps/tomcat8
01-Jul-2021 09:53:00.046 INFO [main] org.apache.catalina.startup.VersionLoggerListener.log CATALINA_HOME:         /home/mo/apps/tomcat8
01-Jul-2021 09:53:00.046 INFO [main] org.apache.catalina.startup.VersionLoggerListener.log Command line argument: -Djava.util.logging.config.file=/home/mo/apps/tomcat8/conf/logging.properties
01-Jul-2021 09:53:00.046 INFO [main] org.apache.catalina.startup.VersionLoggerListener.log Command line argument: -Djava.util.logging.manager=org.apache.juli.ClassLoaderLogManager
01-Jul-2021 09:53:00.046 INFO [main] org.apache.catalina.startup.VersionLoggerListener.log Command line argument: -Djdk.tls.ephemeralDHKeySize=2048
01-Jul-2021 09:53:00.046 INFO [main] org.apache.catalina.startup.VersionLoggerListener.log Command line argument: -Djava.protocol.handler.pkgs=org.apache.catalina.webresources
01-Jul-2021 09:53:00.047 INFO [main] org.apache.catalina.startup.VersionLoggerListener.log Command line argument: -Dorg.apache.catalina.security.SecurityListener.UMASK=0027
01-Jul-2021 09:53:00.047 INFO [main] org.apache.catalina.startup.VersionLoggerListener.log Command line argument: -Dignore.endorsed.dirs=
01-Jul-2021 09:53:00.047 INFO [main] org.apache.catalina.startup.VersionLoggerListener.log Command line argument: -Dcatalina.base=/home/mo/apps/tomcat8
01-Jul-2021 09:53:00.047 INFO [main] org.apache.catalina.startup.VersionLoggerListener.log Command line argument: -Dcatalina.home=/home/mo/apps/tomcat8
01-Jul-2021 09:53:00.047 INFO [main] org.apache.catalina.startup.VersionLoggerListener.log Command line argument: -Djava.io.tmpdir=/home/mo/apps/tomcat8/temp
01-Jul-2021 09:53:00.047 INFO [main] org.apache.catalina.core.AprLifecycleListener.lifecycleEvent The Apache Tomcat Native library which allows using OpenSSL was not found on the java.library.path: [/usr/java/packages/lib/amd64:/usr/lib64:/lib64:/lib:/usr/lib]
01-Jul-2021 09:53:00.120 INFO [main] org.apache.coyote.AbstractProtocol.init Initializing ProtocolHandler ["http-nio-8081"]
01-Jul-2021 09:53:00.132 INFO [main] org.apache.tomcat.util.net.NioSelectorPool.getSharedSelector Using a shared selector for servlet write/read
01-Jul-2021 09:53:00.145 INFO [main] org.apache.catalina.startup.Catalina.load Initialization processed in 511 ms
01-Jul-2021 09:53:00.174 INFO [main] org.apache.catalina.core.StandardService.startInternal Starting service [Catalina]
01-Jul-2021 09:53:00.174 INFO [main] org.apache.catalina.core.StandardEngine.startInternal Starting Servlet engine: [Apache Tomcat/8.5.68]
01-Jul-2021 09:53:00.184 INFO [localhost-startStop-1] org.apache.catalina.startup.HostConfig.deployDirectory Deploying web application directory [/home/mo/apps/tomcat8/webapps/ROOT]
01-Jul-2021 09:53:00.451 INFO [localhost-startStop-1] org.apache.catalina.startup.HostConfig.deployDirectory Deployment of web application directory [/home/mo/apps/tomcat8/webapps/ROOT] has finished in [264] ms
01-Jul-2021 09:53:00.451 INFO [localhost-startStop-1] org.apache.catalina.startup.HostConfig.deployDirectory Deploying web application directory [/home/mo/apps/tomcat8/webapps/docs]
01-Jul-2021 09:53:00.467 INFO [localhost-startStop-1] org.apache.catalina.startup.HostConfig.deployDirectory Deployment of web application directory [/home/mo/apps/tomcat8/webapps/docs] has finished in [16] ms
01-Jul-2021 09:53:00.467 INFO [localhost-startStop-1] org.apache.catalina.startup.HostConfig.deployDirectory Deploying web application directory [/home/mo/apps/tomcat8/webapps/examples]
01-Jul-2021 09:53:00.719 INFO [localhost-startStop-1] org.apache.catalina.startup.HostConfig.deployDirectory Deployment of web application directory [/home/mo/apps/tomcat8/webapps/examples] has finished in [252] ms
01-Jul-2021 09:53:00.720 INFO [localhost-startStop-1] org.apache.catalina.startup.HostConfig.deployDirectory Deploying web application directory [/home/mo/apps/tomcat8/webapps/host-manager]
01-Jul-2021 09:53:00.745 INFO [localhost-startStop-1] org.apache.catalina.startup.HostConfig.deployDirectory Deployment of web application directory [/home/mo/apps/tomcat8/webapps/host-manager] has finished in [25] ms
01-Jul-2021 09:53:00.745 INFO [localhost-startStop-1] org.apache.catalina.startup.HostConfig.deployDirectory Deploying web application directory [/home/mo/apps/tomcat8/webapps/manager]
01-Jul-2021 09:53:00.766 INFO [localhost-startStop-1] org.apache.catalina.startup.HostConfig.deployDirectory Deployment of web application directory [/home/mo/apps/tomcat8/webapps/manager] has finished in [21] ms
01-Jul-2021 09:53:00.767 INFO [localhost-startStop-1] org.apache.catalina.startup.HostConfig.deployDirectory Deploying web application directory [/home/mo/apps/tomcat8/webapps/nsl#mapper]
01-Jul-2021 09:53:00.790 INFO [localhost-startStop-1] org.apache.catalina.startup.HostConfig.deployDirectory Deployment of web application directory [/home/mo/apps/tomcat8/webapps/nsl#mapper] has finished in [23] ms
01-Jul-2021 09:53:00.793 INFO [main] org.apache.coyote.AbstractProtocol.start Starting ProtocolHandler ["http-nio-8081"]
01-Jul-2021 09:53:00.800 INFO [main] org.apache.catalina.startup.Catalina.start Server startup in 654 ms
01-Jul-2021 10:11:21.039 INFO [ContainerBackgroundProcessor[StandardEngine[Catalina]]] org.apache.catalina.startup.HostConfig.undeploy Undeploying context []
01-Jul-2021 10:11:21.057 INFO [ContainerBackgroundProcessor[StandardEngine[Catalina]]] org.apache.catalina.startup.HostConfig.undeploy Undeploying context [/nsl/mapper]
01-Jul-2021 10:11:21.065 INFO [ContainerBackgroundProcessor[StandardEngine[Catalina]]] org.apache.catalina.startup.HostConfig.undeploy Undeploying context [/examples]
01-Jul-2021 10:11:21.074 INFO [ContainerBackgroundProcessor[StandardEngine[Catalina]]] org.apache.catalina.startup.HostConfig.undeploy Undeploying context [/host-manager]
01-Jul-2021 10:11:21.080 INFO [ContainerBackgroundProcessor[StandardEngine[Catalina]]] org.apache.catalina.startup.HostConfig.undeploy Undeploying context [/manager]
01-Jul-2021 10:11:21.087 INFO [ContainerBackgroundProcessor[StandardEngine[Catalina]]] org.apache.catalina.startup.HostConfig.undeploy Undeploying context [/docs]
01-Jul-2021 10:11:21.095 INFO [localhost-startStop-2] org.apache.catalina.startup.HostConfig.deployDirectory Deploying web application directory [/home/mo/apps/tomcat8/webapps/ROOT]
01-Jul-2021 10:11:21.115 INFO [localhost-startStop-2] org.apache.catalina.startup.HostConfig.deployDirectory Deployment of web application directory [/home/mo/apps/tomcat8/webapps/ROOT] has finished in [20] ms
01-Jul-2021 10:11:21.116 INFO [localhost-startStop-2] org.apache.catalina.startup.HostConfig.deployDirectory Deploying web application directory [/home/mo/apps/tomcat8/webapps/docs]
01-Jul-2021 10:11:21.133 INFO [localhost-startStop-2] org.apache.catalina.startup.HostConfig.deployDirectory Deployment of web application directory [/home/mo/apps/tomcat8/webapps/docs] has finished in [17] ms
01-Jul-2021 10:11:21.133 INFO [localhost-startStop-2] org.apache.catalina.startup.HostConfig.deployDirectory Deploying web application directory [/home/mo/apps/tomcat8/webapps/examples]
01-Jul-2021 10:11:21.273 INFO [localhost-startStop-2] org.apache.catalina.startup.HostConfig.deployDirectory Deployment of web application directory [/home/mo/apps/tomcat8/webapps/examples] has finished in [140] ms
01-Jul-2021 10:11:21.273 INFO [localhost-startStop-2] org.apache.catalina.startup.HostConfig.deployDirectory Deploying web application directory [/home/mo/apps/tomcat8/webapps/host-manager]
01-Jul-2021 10:11:21.290 INFO [localhost-startStop-2] org.apache.catalina.startup.HostConfig.deployDirectory Deployment of web application directory [/home/mo/apps/tomcat8/webapps/host-manager] has finished in [17] ms
01-Jul-2021 10:11:21.290 INFO [localhost-startStop-2] org.apache.catalina.startup.HostConfig.deployDirectory Deploying web application directory [/home/mo/apps/tomcat8/webapps/manager]
01-Jul-2021 10:11:21.313 INFO [localhost-startStop-2] org.apache.catalina.startup.HostConfig.deployDirectory Deployment of web application directory [/home/mo/apps/tomcat8/webapps/manager] has finished in [23] ms
01-Jul-2021 10:11:21.313 INFO [localhost-startStop-2] org.apache.catalina.startup.HostConfig.deployDirectory Deploying web application directory [/home/mo/apps/tomcat8/webapps/nsl#mapper]
01-Jul-2021 10:11:21.327 INFO [localhost-startStop-2] org.apache.catalina.startup.HostConfig.deployDirectory Deployment of web application directory [/home/mo/apps/tomcat8/webapps/nsl#mapper] has finished in [14] ms
01-Jul-2021 10:11:57.252 INFO [main] org.apache.catalina.core.StandardServer.await A valid shutdown command was received via the shutdown port. Stopping the Server instance.
01-Jul-2021 10:11:57.252 INFO [main] org.apache.coyote.AbstractProtocol.pause Pausing ProtocolHandler ["http-nio-8081"]
01-Jul-2021 10:11:57.260 INFO [main] org.apache.catalina.core.StandardService.stopInternal Stopping service [Catalina]
01-Jul-2021 10:11:57.292 INFO [main] org.apache.coyote.AbstractProtocol.stop Stopping ProtocolHandler ["http-nio-8081"]
01-Jul-2021 10:11:57.294 INFO [main] org.apache.coyote.AbstractProtocol.destroy Destroying ProtocolHandler ["http-nio-8081"]
01-Jul-2021 10:12:35.351 INFO [main] org.apache.catalina.startup.VersionLoggerListener.log Server version name:   Apache Tomcat/8.5.68
01-Jul-2021 10:12:35.353 INFO [main] org.apache.catalina.startup.VersionLoggerListener.log Server built:          Jun 11 2021 13:32:01 UTC
01-Jul-2021 10:12:35.354 INFO [main] org.apache.catalina.startup.VersionLoggerListener.log Server version number: 8.5.68.0
01-Jul-2021 10:12:35.354 INFO [main] org.apache.catalina.startup.VersionLoggerListener.log OS Name:               Linux
01-Jul-2021 10:12:35.354 INFO [main] org.apache.catalina.startup.VersionLoggerListener.log OS Version:            5.11.20-300.fc34.x86_64
01-Jul-2021 10:12:35.354 INFO [main] org.apache.catalina.startup.VersionLoggerListener.log Architecture:          amd64
01-Jul-2021 10:12:35.354 INFO [main] org.apache.catalina.startup.VersionLoggerListener.log Java Home:             /home/mo/.sdkman/candidates/java/8.0.282.hs-adpt/jre
01-Jul-2021 10:12:35.354 INFO [main] org.apache.catalina.startup.VersionLoggerListener.log JVM Version:           1.8.0_282-b08
01-Jul-2021 10:12:35.354 INFO [main] org.apache.catalina.startup.VersionLoggerListener.log JVM Vendor:            AdoptOpenJDK
01-Jul-2021 10:12:35.354 INFO [main] org.apache.catalina.startup.VersionLoggerListener.log CATALINA_BASE:         /home/mo/apps/tomcat8
01-Jul-2021 10:12:35.355 INFO [main] org.apache.catalina.startup.VersionLoggerListener.log CATALINA_HOME:         /home/mo/apps/tomcat8
01-Jul-2021 10:12:35.355 INFO [main] org.apache.catalina.startup.VersionLoggerListener.log Command line argument: -Djava.util.logging.config.file=/home/mo/apps/tomcat8/conf/logging.properties
01-Jul-2021 10:12:35.355 INFO [main] org.apache.catalina.startup.VersionLoggerListener.log Command line argument: -Djava.util.logging.manager=org.apache.juli.ClassLoaderLogManager
01-Jul-2021 10:12:35.355 INFO [main] org.apache.catalina.startup.VersionLoggerListener.log Command line argument: -Djdk.tls.ephemeralDHKeySize=2048
01-Jul-2021 10:12:35.355 INFO [main] org.apache.catalina.startup.VersionLoggerListener.log Command line argument: -Djava.protocol.handler.pkgs=org.apache.catalina.webresources
01-Jul-2021 10:12:35.356 INFO [main] org.apache.catalina.startup.VersionLoggerListener.log Command line argument: -Dorg.apache.catalina.security.SecurityListener.UMASK=0027
01-Jul-2021 10:12:35.356 INFO [main] org.apache.catalina.startup.VersionLoggerListener.log Command line argument: -Dignore.endorsed.dirs=
01-Jul-2021 10:12:35.356 INFO [main] org.apache.catalina.startup.VersionLoggerListener.log Command line argument: -Dcatalina.base=/home/mo/apps/tomcat8
01-Jul-2021 10:12:35.356 INFO [main] org.apache.catalina.startup.VersionLoggerListener.log Command line argument: -Dcatalina.home=/home/mo/apps/tomcat8
01-Jul-2021 10:12:35.356 INFO [main] org.apache.catalina.startup.VersionLoggerListener.log Command line argument: -Djava.io.tmpdir=/home/mo/apps/tomcat8/temp
01-Jul-2021 10:12:35.356 INFO [main] org.apache.catalina.core.AprLifecycleListener.lifecycleEvent The Apache Tomcat Native library which allows using OpenSSL was not found on the java.library.path: [/usr/java/packages/lib/amd64:/usr/lib64:/lib64:/lib:/usr/lib]
01-Jul-2021 10:12:35.439 INFO [main] org.apache.coyote.AbstractProtocol.init Initializing ProtocolHandler ["http-nio-8081"]
01-Jul-2021 10:12:35.454 INFO [main] org.apache.tomcat.util.net.NioSelectorPool.getSharedSelector Using a shared selector for servlet write/read
01-Jul-2021 10:12:35.467 INFO [main] org.apache.catalina.startup.Catalina.load Initialization processed in 532 ms
01-Jul-2021 10:12:35.492 INFO [main] org.apache.catalina.core.StandardService.startInternal Starting service [Catalina]
01-Jul-2021 10:12:35.492 INFO [main] org.apache.catalina.core.StandardEngine.startInternal Starting Servlet engine: [Apache Tomcat/8.5.68]
01-Jul-2021 10:12:35.505 INFO [localhost-startStop-1] org.apache.catalina.startup.HostConfig.deployDirectory Deploying web application directory [/home/mo/apps/tomcat8/webapps/ROOT]
01-Jul-2021 10:12:35.752 INFO [localhost-startStop-1] org.apache.catalina.startup.HostConfig.deployDirectory Deployment of web application directory [/home/mo/apps/tomcat8/webapps/ROOT] has finished in [246] ms
01-Jul-2021 10:12:35.755 INFO [localhost-startStop-1] org.apache.catalina.startup.HostConfig.deployDirectory Deploying web application directory [/home/mo/apps/tomcat8/webapps/docs]
01-Jul-2021 10:12:35.776 INFO [localhost-startStop-1] org.apache.catalina.startup.HostConfig.deployDirectory Deployment of web application directory [/home/mo/apps/tomcat8/webapps/docs] has finished in [21] ms
01-Jul-2021 10:12:35.776 INFO [localhost-startStop-1] org.apache.catalina.startup.HostConfig.deployDirectory Deploying web application directory [/home/mo/apps/tomcat8/webapps/examples]
01-Jul-2021 10:12:36.059 INFO [localhost-startStop-1] org.apache.catalina.startup.HostConfig.deployDirectory Deployment of web application directory [/home/mo/apps/tomcat8/webapps/examples] has finished in [283] ms
01-Jul-2021 10:12:36.060 INFO [localhost-startStop-1] org.apache.catalina.startup.HostConfig.deployDirectory Deploying web application directory [/home/mo/apps/tomcat8/webapps/host-manager]
01-Jul-2021 10:12:36.089 INFO [localhost-startStop-1] org.apache.catalina.startup.HostConfig.deployDirectory Deployment of web application directory [/home/mo/apps/tomcat8/webapps/host-manager] has finished in [28] ms
01-Jul-2021 10:12:36.089 INFO [localhost-startStop-1] org.apache.catalina.startup.HostConfig.deployDirectory Deploying web application directory [/home/mo/apps/tomcat8/webapps/manager]
01-Jul-2021 10:12:36.114 INFO [localhost-startStop-1] org.apache.catalina.startup.HostConfig.deployDirectory Deployment of web application directory [/home/mo/apps/tomcat8/webapps/manager] has finished in [25] ms
01-Jul-2021 10:12:36.115 INFO [localhost-startStop-1] org.apache.catalina.startup.HostConfig.deployDirectory Deploying web application directory [/home/mo/apps/tomcat8/webapps/nsl#mapper]
01-Jul-2021 10:12:36.137 INFO [localhost-startStop-1] org.apache.catalina.startup.HostConfig.deployDirectory Deployment of web application directory [/home/mo/apps/tomcat8/webapps/nsl#mapper] has finished in [23] ms
01-Jul-2021 10:12:36.140 INFO [main] org.apache.coyote.AbstractProtocol.start Starting ProtocolHandler ["http-nio-8081"]
01-Jul-2021 10:12:36.149 INFO [main] org.apache.catalina.startup.Catalina.start Server startup in 681 ms
01-Jul-2021 16:36:04.372 INFO [main] org.apache.catalina.startup.VersionLoggerListener.log Server version name:   Apache Tomcat/8.5.68
01-Jul-2021 16:36:04.381 INFO [main] org.apache.catalina.startup.VersionLoggerListener.log Server built:          Jun 11 2021 13:32:01 UTC
01-Jul-2021 16:36:04.381 INFO [main] org.apache.catalina.startup.VersionLoggerListener.log Server version number: 8.5.68.0
01-Jul-2021 16:36:04.381 INFO [main] org.apache.catalina.startup.VersionLoggerListener.log OS Name:               Linux
01-Jul-2021 16:36:04.381 INFO [main] org.apache.catalina.startup.VersionLoggerListener.log OS Version:            5.11.20-300.fc34.x86_64
01-Jul-2021 16:36:04.381 INFO [main] org.apache.catalina.startup.VersionLoggerListener.log Architecture:          amd64
01-Jul-2021 16:36:04.381 INFO [main] org.apache.catalina.startup.VersionLoggerListener.log Java Home:             /home/mo/.sdkman/candidates/java/8.0.282.hs-adpt/jre
01-Jul-2021 16:36:04.381 INFO [main] org.apache.catalina.startup.VersionLoggerListener.log JVM Version:           1.8.0_282-b08
01-Jul-2021 16:36:04.381 INFO [main] org.apache.catalina.startup.VersionLoggerListener.log JVM Vendor:            AdoptOpenJDK
01-Jul-2021 16:36:04.381 INFO [main] org.apache.catalina.startup.VersionLoggerListener.log CATALINA_BASE:         /home/mo/apps/tomcat8
01-Jul-2021 16:36:04.381 INFO [main] org.apache.catalina.startup.VersionLoggerListener.log CATALINA_HOME:         /home/mo/apps/tomcat8
01-Jul-2021 16:36:04.382 INFO [main] org.apache.catalina.startup.VersionLoggerListener.log Command line argument: -Djava.util.logging.config.file=/home/mo/apps/tomcat8/conf/logging.properties
01-Jul-2021 16:36:04.382 INFO [main] org.apache.catalina.startup.VersionLoggerListener.log Command line argument: -Djava.util.logging.manager=org.apache.juli.ClassLoaderLogManager
01-Jul-2021 16:36:04.382 INFO [main] org.apache.catalina.startup.VersionLoggerListener.log Command line argument: -Djdk.tls.ephemeralDHKeySize=2048
01-Jul-2021 16:36:04.382 INFO [main] org.apache.catalina.startup.VersionLoggerListener.log Command line argument: -Djava.protocol.handler.pkgs=org.apache.catalina.webresources
01-Jul-2021 16:36:04.382 INFO [main] org.apache.catalina.startup.VersionLoggerListener.log Command line argument: -Dorg.apache.catalina.security.SecurityListener.UMASK=0027
01-Jul-2021 16:36:04.382 INFO [main] org.apache.catalina.startup.VersionLoggerListener.log Command line argument: -Dignore.endorsed.dirs=
01-Jul-2021 16:36:04.382 INFO [main] org.apache.catalina.startup.VersionLoggerListener.log Command line argument: -Dcatalina.base=/home/mo/apps/tomcat8
01-Jul-2021 16:36:04.382 INFO [main] org.apache.catalina.startup.VersionLoggerListener.log Command line argument: -Dcatalina.home=/home/mo/apps/tomcat8
01-Jul-2021 16:36:04.382 INFO [main] org.apache.catalina.startup.VersionLoggerListener.log Command line argument: -Djava.io.tmpdir=/home/mo/apps/tomcat8/temp
01-Jul-2021 16:36:04.382 INFO [main] org.apache.catalina.core.AprLifecycleListener.lifecycleEvent The Apache Tomcat Native library which allows using OpenSSL was not found on the java.library.path: [/usr/java/packages/lib/amd64:/usr/lib64:/lib64:/lib:/usr/lib]
01-Jul-2021 16:36:04.457 INFO [main] org.apache.coyote.AbstractProtocol.init Initializing ProtocolHandler ["http-nio-8081"]
01-Jul-2021 16:36:04.466 INFO [main] org.apache.tomcat.util.net.NioSelectorPool.getSharedSelector Using a shared selector for servlet write/read
01-Jul-2021 16:36:04.478 INFO [main] org.apache.catalina.startup.Catalina.load Initialization processed in 526 ms
01-Jul-2021 16:36:04.504 INFO [main] org.apache.catalina.core.StandardService.startInternal Starting service [Catalina]
01-Jul-2021 16:36:04.504 INFO [main] org.apache.catalina.core.StandardEngine.startInternal Starting Servlet engine: [Apache Tomcat/8.5.68]
01-Jul-2021 16:36:04.512 INFO [localhost-startStop-1] org.apache.catalina.startup.HostConfig.deployDirectory Deploying web application directory [/home/mo/apps/tomcat8/webapps/ROOT]
01-Jul-2021 16:36:04.702 INFO [localhost-startStop-1] org.apache.catalina.startup.HostConfig.deployDirectory Deployment of web application directory [/home/mo/apps/tomcat8/webapps/ROOT] has finished in [188] ms
01-Jul-2021 16:36:04.703 INFO [localhost-startStop-1] org.apache.catalina.startup.HostConfig.deployDirectory Deploying web application directory [/home/mo/apps/tomcat8/webapps/docs]
01-Jul-2021 16:36:04.715 INFO [localhost-startStop-1] org.apache.catalina.startup.HostConfig.deployDirectory Deployment of web application directory [/home/mo/apps/tomcat8/webapps/docs] has finished in [12] ms
01-Jul-2021 16:36:04.715 INFO [localhost-startStop-1] org.apache.catalina.startup.HostConfig.deployDirectory Deploying web application directory [/home/mo/apps/tomcat8/webapps/examples]
01-Jul-2021 16:36:04.914 INFO [localhost-startStop-1] org.apache.catalina.startup.HostConfig.deployDirectory Deployment of web application directory [/home/mo/apps/tomcat8/webapps/examples] has finished in [199] ms
01-Jul-2021 16:36:04.914 INFO [localhost-startStop-1] org.apache.catalina.startup.HostConfig.deployDirectory Deploying web application directory [/home/mo/apps/tomcat8/webapps/host-manager]
01-Jul-2021 16:36:04.932 INFO [localhost-startStop-1] org.apache.catalina.startup.HostConfig.deployDirectory Deployment of web application directory [/home/mo/apps/tomcat8/webapps/host-manager] has finished in [18] ms
01-Jul-2021 16:36:04.933 INFO [localhost-startStop-1] org.apache.catalina.startup.HostConfig.deployDirectory Deploying web application directory [/home/mo/apps/tomcat8/webapps/manager]
01-Jul-2021 16:36:04.947 INFO [localhost-startStop-1] org.apache.catalina.startup.HostConfig.deployDirectory Deployment of web application directory [/home/mo/apps/tomcat8/webapps/manager] has finished in [14] ms
01-Jul-2021 16:36:04.947 INFO [localhost-startStop-1] org.apache.catalina.startup.HostConfig.deployDirectory Deploying web application directory [/home/mo/apps/tomcat8/webapps/nsl#mapper]
01-Jul-2021 16:36:04.963 INFO [localhost-startStop-1] org.apache.catalina.startup.HostConfig.deployDirectory Deployment of web application directory [/home/mo/apps/tomcat8/webapps/nsl#mapper] has finished in [16] ms
01-Jul-2021 16:36:04.966 INFO [main] org.apache.coyote.AbstractProtocol.start Starting ProtocolHandler ["http-nio-8081"]
01-Jul-2021 16:36:04.971 INFO [main] org.apache.catalina.startup.Catalina.start Server startup in 492 ms
