09-Jul-2021 18:44:51.517 INFO [ContainerBackgroundProcessor[StandardEngine[Catalina]]] org.apache.catalina.startup.HostConfig.undeploy Undeploying context [/nsl/mapper]
09-Jul-2021 18:44:51.553 INFO [localhost-startStop-2] org.apache.catalina.startup.HostConfig.deployDirectory Deploying web application directory [/home/mo/apps/tomcat8/webapps/mo#it]
09-Jul-2021 18:44:51.577 INFO [localhost-startStop-2] org.apache.catalina.startup.HostConfig.deployDirectory Deployment of web application directory [/home/mo/apps/tomcat8/webapps/mo#it] has finished in [24] ms
09-Jul-2021 18:53:12.931 INFO [main] org.apache.catalina.startup.VersionLoggerListener.log Server version name:   Apache Tomcat/8.5.68
09-Jul-2021 18:53:12.933 INFO [main] org.apache.catalina.startup.VersionLoggerListener.log Server built:          Jun 11 2021 13:32:01 UTC
09-Jul-2021 18:53:12.933 INFO [main] org.apache.catalina.startup.VersionLoggerListener.log Server version number: 8.5.68.0
09-Jul-2021 18:53:12.933 INFO [main] org.apache.catalina.startup.VersionLoggerListener.log OS Name:               Linux
09-Jul-2021 18:53:12.933 INFO [main] org.apache.catalina.startup.VersionLoggerListener.log OS Version:            5.11.20-300.fc34.x86_64
09-Jul-2021 18:53:12.933 INFO [main] org.apache.catalina.startup.VersionLoggerListener.log Architecture:          amd64
09-Jul-2021 18:53:12.934 INFO [main] org.apache.catalina.startup.VersionLoggerListener.log Java Home:             /home/mo/.sdkman/candidates/java/8.0.282.hs-adpt/jre
09-Jul-2021 18:53:12.934 INFO [main] org.apache.catalina.startup.VersionLoggerListener.log JVM Version:           1.8.0_282-b08
09-Jul-2021 18:53:12.934 INFO [main] org.apache.catalina.startup.VersionLoggerListener.log JVM Vendor:            AdoptOpenJDK
09-Jul-2021 18:53:12.934 INFO [main] org.apache.catalina.startup.VersionLoggerListener.log CATALINA_BASE:         /home/mo/apps/tomcat8
09-Jul-2021 18:53:12.934 INFO [main] org.apache.catalina.startup.VersionLoggerListener.log CATALINA_HOME:         /home/mo/apps/tomcat8
09-Jul-2021 18:53:12.934 INFO [main] org.apache.catalina.startup.VersionLoggerListener.log Command line argument: -Djava.util.logging.config.file=/home/mo/apps/tomcat8/conf/logging.properties
09-Jul-2021 18:53:12.934 INFO [main] org.apache.catalina.startup.VersionLoggerListener.log Command line argument: -Djava.util.logging.manager=org.apache.juli.ClassLoaderLogManager
09-Jul-2021 18:53:12.934 INFO [main] org.apache.catalina.startup.VersionLoggerListener.log Command line argument: -Djdk.tls.ephemeralDHKeySize=2048
09-Jul-2021 18:53:12.934 INFO [main] org.apache.catalina.startup.VersionLoggerListener.log Command line argument: -Djava.protocol.handler.pkgs=org.apache.catalina.webresources
09-Jul-2021 18:53:12.935 INFO [main] org.apache.catalina.startup.VersionLoggerListener.log Command line argument: -Dorg.apache.catalina.security.SecurityListener.UMASK=0027
09-Jul-2021 18:53:12.935 INFO [main] org.apache.catalina.startup.VersionLoggerListener.log Command line argument: -Dignore.endorsed.dirs=
09-Jul-2021 18:53:12.935 INFO [main] org.apache.catalina.startup.VersionLoggerListener.log Command line argument: -Dcatalina.base=/home/mo/apps/tomcat8
09-Jul-2021 18:53:12.935 INFO [main] org.apache.catalina.startup.VersionLoggerListener.log Command line argument: -Dcatalina.home=/home/mo/apps/tomcat8
09-Jul-2021 18:53:12.935 INFO [main] org.apache.catalina.startup.VersionLoggerListener.log Command line argument: -Djava.io.tmpdir=/home/mo/apps/tomcat8/temp
09-Jul-2021 18:53:12.935 INFO [main] org.apache.catalina.core.AprLifecycleListener.lifecycleEvent The Apache Tomcat Native library which allows using OpenSSL was not found on the java.library.path: [/usr/java/packages/lib/amd64:/usr/lib64:/lib64:/lib:/usr/lib]
09-Jul-2021 18:53:13.017 INFO [main] org.apache.coyote.AbstractProtocol.init Initializing ProtocolHandler ["http-nio-8081"]
09-Jul-2021 18:53:13.027 SEVERE [main] org.apache.catalina.core.StandardService.initInternal Failed to initialize connector [Connector[HTTP/1.1-8081]]
	org.apache.catalina.LifecycleException: Protocol handler initialization failed
		at org.apache.catalina.connector.Connector.initInternal(Connector.java:1077)
		at org.apache.catalina.util.LifecycleBase.init(LifecycleBase.java:136)
		at org.apache.catalina.core.StandardService.initInternal(StandardService.java:557)
		at org.apache.catalina.util.LifecycleBase.init(LifecycleBase.java:136)
		at org.apache.catalina.core.StandardServer.initInternal(StandardServer.java:850)
		at org.apache.catalina.util.LifecycleBase.init(LifecycleBase.java:136)
		at org.apache.catalina.startup.Catalina.load(Catalina.java:639)
		at org.apache.catalina.startup.Catalina.load(Catalina.java:662)
		at sun.reflect.NativeMethodAccessorImpl.invoke0(Native Method)
		at sun.reflect.NativeMethodAccessorImpl.invoke(NativeMethodAccessorImpl.java:62)
		at sun.reflect.DelegatingMethodAccessorImpl.invoke(DelegatingMethodAccessorImpl.java:43)
		at java.lang.reflect.Method.invoke(Method.java:498)
		at org.apache.catalina.startup.Bootstrap.load(Bootstrap.java:305)
		at org.apache.catalina.startup.Bootstrap.main(Bootstrap.java:475)
	Caused by: java.net.BindException: Address already in use
		at sun.nio.ch.Net.bind0(Native Method)
		at sun.nio.ch.Net.bind(Net.java:461)
		at sun.nio.ch.Net.bind(Net.java:453)
		at sun.nio.ch.ServerSocketChannelImpl.bind(ServerSocketChannelImpl.java:222)
		at sun.nio.ch.ServerSocketAdaptor.bind(ServerSocketAdaptor.java:85)
		at org.apache.tomcat.util.net.NioEndpoint.bind(NioEndpoint.java:222)
		at org.apache.tomcat.util.net.AbstractEndpoint.init(AbstractEndpoint.java:1147)
		at org.apache.tomcat.util.net.AbstractJsseEndpoint.init(AbstractJsseEndpoint.java:222)
		at org.apache.coyote.AbstractProtocol.init(AbstractProtocol.java:599)
		at org.apache.coyote.http11.AbstractHttp11Protocol.init(AbstractHttp11Protocol.java:80)
		at org.apache.catalina.connector.Connector.initInternal(Connector.java:1074)
		... 13 more
09-Jul-2021 18:53:13.028 INFO [main] org.apache.catalina.startup.Catalina.load Initialization processed in 562 ms
09-Jul-2021 18:53:13.051 INFO [main] org.apache.catalina.core.StandardService.startInternal Starting service [Catalina]
09-Jul-2021 18:53:13.052 INFO [main] org.apache.catalina.core.StandardEngine.startInternal Starting Servlet engine: [Apache Tomcat/8.5.68]
09-Jul-2021 18:53:13.060 INFO [localhost-startStop-1] org.apache.catalina.startup.HostConfig.deployDirectory Deploying web application directory [/home/mo/apps/tomcat8/webapps/ROOT]
09-Jul-2021 18:53:13.286 INFO [localhost-startStop-1] org.apache.jasper.servlet.TldScanner.scanJars At least one JAR was scanned for TLDs yet contained no TLDs. Enable debug logging for this logger for a complete list of JARs that were scanned but no TLDs were found in them. Skipping unneeded JARs during scanning can improve startup time and JSP compilation time.
09-Jul-2021 18:53:13.363 INFO [localhost-startStop-1] org.apache.catalina.startup.HostConfig.deployDirectory Deployment of web application directory [/home/mo/apps/tomcat8/webapps/ROOT] has finished in [302] ms
09-Jul-2021 18:53:13.364 INFO [localhost-startStop-1] org.apache.catalina.startup.HostConfig.deployDirectory Deploying web application directory [/home/mo/apps/tomcat8/webapps/docs]
09-Jul-2021 18:53:13.384 INFO [localhost-startStop-1] org.apache.catalina.startup.HostConfig.deployDirectory Deployment of web application directory [/home/mo/apps/tomcat8/webapps/docs] has finished in [20] ms
09-Jul-2021 18:53:13.384 INFO [localhost-startStop-1] org.apache.catalina.startup.HostConfig.deployDirectory Deploying web application directory [/home/mo/apps/tomcat8/webapps/examples]
09-Jul-2021 18:53:13.595 INFO [localhost-startStop-1] org.apache.catalina.startup.HostConfig.deployDirectory Deployment of web application directory [/home/mo/apps/tomcat8/webapps/examples] has finished in [211] ms
09-Jul-2021 18:53:13.595 INFO [localhost-startStop-1] org.apache.catalina.startup.HostConfig.deployDirectory Deploying web application directory [/home/mo/apps/tomcat8/webapps/host-manager]
09-Jul-2021 18:53:13.615 INFO [localhost-startStop-1] org.apache.catalina.startup.HostConfig.deployDirectory Deployment of web application directory [/home/mo/apps/tomcat8/webapps/host-manager] has finished in [20] ms
09-Jul-2021 18:53:13.615 INFO [localhost-startStop-1] org.apache.catalina.startup.HostConfig.deployDirectory Deploying web application directory [/home/mo/apps/tomcat8/webapps/manager]
09-Jul-2021 18:53:13.633 INFO [localhost-startStop-1] org.apache.catalina.startup.HostConfig.deployDirectory Deployment of web application directory [/home/mo/apps/tomcat8/webapps/manager] has finished in [18] ms
09-Jul-2021 18:53:13.633 INFO [localhost-startStop-1] org.apache.catalina.startup.HostConfig.deployDirectory Deploying web application directory [/home/mo/apps/tomcat8/webapps/mo#it]
09-Jul-2021 18:53:13.651 INFO [localhost-startStop-1] org.apache.catalina.startup.HostConfig.deployDirectory Deployment of web application directory [/home/mo/apps/tomcat8/webapps/mo#it] has finished in [18] ms
09-Jul-2021 18:53:13.654 INFO [main] org.apache.catalina.startup.Catalina.start Server startup in 625 ms
09-Jul-2021 18:53:13.656 SEVERE [main] org.apache.catalina.core.StandardServer.await StandardServer.await: create[localhost:8001]: 
	java.net.BindException: Address already in use (Bind failed)
		at java.net.PlainSocketImpl.socketBind(Native Method)
		at java.net.AbstractPlainSocketImpl.bind(AbstractPlainSocketImpl.java:387)
		at java.net.ServerSocket.bind(ServerSocket.java:390)
		at java.net.ServerSocket.<init>(ServerSocket.java:252)
		at org.apache.catalina.core.StandardServer.await(StandardServer.java:422)
		at org.apache.catalina.startup.Catalina.await(Catalina.java:776)
		at org.apache.catalina.startup.Catalina.start(Catalina.java:722)
		at sun.reflect.NativeMethodAccessorImpl.invoke0(Native Method)
		at sun.reflect.NativeMethodAccessorImpl.invoke(NativeMethodAccessorImpl.java:62)
		at sun.reflect.DelegatingMethodAccessorImpl.invoke(DelegatingMethodAccessorImpl.java:43)
		at java.lang.reflect.Method.invoke(Method.java:498)
		at org.apache.catalina.startup.Bootstrap.start(Bootstrap.java:345)
		at org.apache.catalina.startup.Bootstrap.main(Bootstrap.java:476)
09-Jul-2021 18:53:13.656 INFO [main] org.apache.coyote.AbstractProtocol.pause Pausing ProtocolHandler ["http-nio-8081"]
09-Jul-2021 18:53:13.656 INFO [main] org.apache.catalina.core.StandardService.stopInternal Stopping service [Catalina]
09-Jul-2021 18:53:13.678 INFO [main] org.apache.coyote.AbstractProtocol.stop Stopping ProtocolHandler ["http-nio-8081"]
09-Jul-2021 18:53:13.679 INFO [main] org.apache.coyote.AbstractProtocol.destroy Destroying ProtocolHandler ["http-nio-8081"]
09-Jul-2021 18:54:51.679 INFO [ContainerBackgroundProcessor[StandardEngine[Catalina]]] org.apache.catalina.startup.HostConfig.reload Reloading context []
09-Jul-2021 18:54:51.679 INFO [ContainerBackgroundProcessor[StandardEngine[Catalina]]] org.apache.catalina.core.StandardContext.reload Reloading Context with name [] has started
09-Jul-2021 18:54:51.739 INFO [ContainerBackgroundProcessor[StandardEngine[Catalina]]] org.apache.jasper.servlet.TldScanner.scanJars At least one JAR was scanned for TLDs yet contained no TLDs. Enable debug logging for this logger for a complete list of JARs that were scanned but no TLDs were found in them. Skipping unneeded JARs during scanning can improve startup time and JSP compilation time.
09-Jul-2021 18:54:51.775 INFO [ContainerBackgroundProcessor[StandardEngine[Catalina]]] org.apache.catalina.core.StandardContext.reload Reloading Context with name [] is completed
09-Jul-2021 18:55:20.149 INFO [main] org.apache.catalina.core.StandardServer.await A valid shutdown command was received via the shutdown port. Stopping the Server instance.
09-Jul-2021 18:55:20.150 INFO [main] org.apache.coyote.AbstractProtocol.pause Pausing ProtocolHandler ["http-nio-8081"]
09-Jul-2021 18:55:20.157 INFO [main] org.apache.catalina.core.StandardService.stopInternal Stopping service [Catalina]
09-Jul-2021 18:55:20.179 INFO [main] org.apache.coyote.AbstractProtocol.stop Stopping ProtocolHandler ["http-nio-8081"]
09-Jul-2021 18:55:20.183 INFO [main] org.apache.coyote.AbstractProtocol.destroy Destroying ProtocolHandler ["http-nio-8081"]
09-Jul-2021 18:55:25.133 INFO [main] org.apache.catalina.startup.VersionLoggerListener.log Server version name:   Apache Tomcat/8.5.68
09-Jul-2021 18:55:25.134 INFO [main] org.apache.catalina.startup.VersionLoggerListener.log Server built:          Jun 11 2021 13:32:01 UTC
09-Jul-2021 18:55:25.135 INFO [main] org.apache.catalina.startup.VersionLoggerListener.log Server version number: 8.5.68.0
09-Jul-2021 18:55:25.135 INFO [main] org.apache.catalina.startup.VersionLoggerListener.log OS Name:               Linux
09-Jul-2021 18:55:25.135 INFO [main] org.apache.catalina.startup.VersionLoggerListener.log OS Version:            5.11.20-300.fc34.x86_64
09-Jul-2021 18:55:25.135 INFO [main] org.apache.catalina.startup.VersionLoggerListener.log Architecture:          amd64
09-Jul-2021 18:55:25.135 INFO [main] org.apache.catalina.startup.VersionLoggerListener.log Java Home:             /home/mo/.sdkman/candidates/java/8.0.282.hs-adpt/jre
09-Jul-2021 18:55:25.135 INFO [main] org.apache.catalina.startup.VersionLoggerListener.log JVM Version:           1.8.0_282-b08
09-Jul-2021 18:55:25.135 INFO [main] org.apache.catalina.startup.VersionLoggerListener.log JVM Vendor:            AdoptOpenJDK
09-Jul-2021 18:55:25.135 INFO [main] org.apache.catalina.startup.VersionLoggerListener.log CATALINA_BASE:         /home/mo/apps/tomcat8
09-Jul-2021 18:55:25.135 INFO [main] org.apache.catalina.startup.VersionLoggerListener.log CATALINA_HOME:         /home/mo/apps/tomcat8
09-Jul-2021 18:55:25.136 INFO [main] org.apache.catalina.startup.VersionLoggerListener.log Command line argument: -Djava.util.logging.config.file=/home/mo/apps/tomcat8/conf/logging.properties
09-Jul-2021 18:55:25.136 INFO [main] org.apache.catalina.startup.VersionLoggerListener.log Command line argument: -Djava.util.logging.manager=org.apache.juli.ClassLoaderLogManager
09-Jul-2021 18:55:25.136 INFO [main] org.apache.catalina.startup.VersionLoggerListener.log Command line argument: -Djdk.tls.ephemeralDHKeySize=2048
09-Jul-2021 18:55:25.136 INFO [main] org.apache.catalina.startup.VersionLoggerListener.log Command line argument: -Djava.protocol.handler.pkgs=org.apache.catalina.webresources
09-Jul-2021 18:55:25.136 INFO [main] org.apache.catalina.startup.VersionLoggerListener.log Command line argument: -Dorg.apache.catalina.security.SecurityListener.UMASK=0027
09-Jul-2021 18:55:25.136 INFO [main] org.apache.catalina.startup.VersionLoggerListener.log Command line argument: -Dignore.endorsed.dirs=
09-Jul-2021 18:55:25.136 INFO [main] org.apache.catalina.startup.VersionLoggerListener.log Command line argument: -Dcatalina.base=/home/mo/apps/tomcat8
09-Jul-2021 18:55:25.136 INFO [main] org.apache.catalina.startup.VersionLoggerListener.log Command line argument: -Dcatalina.home=/home/mo/apps/tomcat8
09-Jul-2021 18:55:25.136 INFO [main] org.apache.catalina.startup.VersionLoggerListener.log Command line argument: -Djava.io.tmpdir=/home/mo/apps/tomcat8/temp
09-Jul-2021 18:55:25.136 INFO [main] org.apache.catalina.core.AprLifecycleListener.lifecycleEvent The Apache Tomcat Native library which allows using OpenSSL was not found on the java.library.path: [/usr/java/packages/lib/amd64:/usr/lib64:/lib64:/lib:/usr/lib]
09-Jul-2021 18:55:25.205 INFO [main] org.apache.coyote.AbstractProtocol.init Initializing ProtocolHandler ["http-nio-8081"]
09-Jul-2021 18:55:25.217 INFO [main] org.apache.tomcat.util.net.NioSelectorPool.getSharedSelector Using a shared selector for servlet write/read
09-Jul-2021 18:55:25.229 INFO [main] org.apache.catalina.startup.Catalina.load Initialization processed in 558 ms
09-Jul-2021 18:55:25.251 INFO [main] org.apache.catalina.core.StandardService.startInternal Starting service [Catalina]
09-Jul-2021 18:55:25.252 INFO [main] org.apache.catalina.core.StandardEngine.startInternal Starting Servlet engine: [Apache Tomcat/8.5.68]
09-Jul-2021 18:55:25.260 INFO [localhost-startStop-1] org.apache.catalina.startup.HostConfig.deployDirectory Deploying web application directory [/home/mo/apps/tomcat8/webapps/ROOT]
09-Jul-2021 18:55:25.484 INFO [localhost-startStop-1] org.apache.jasper.servlet.TldScanner.scanJars At least one JAR was scanned for TLDs yet contained no TLDs. Enable debug logging for this logger for a complete list of JARs that were scanned but no TLDs were found in them. Skipping unneeded JARs during scanning can improve startup time and JSP compilation time.
09-Jul-2021 18:55:25.560 INFO [localhost-startStop-1] org.apache.catalina.startup.HostConfig.deployDirectory Deployment of web application directory [/home/mo/apps/tomcat8/webapps/ROOT] has finished in [299] ms
09-Jul-2021 18:55:25.560 INFO [localhost-startStop-1] org.apache.catalina.startup.HostConfig.deployDirectory Deploying web application directory [/home/mo/apps/tomcat8/webapps/docs]
09-Jul-2021 18:55:25.582 INFO [localhost-startStop-1] org.apache.catalina.startup.HostConfig.deployDirectory Deployment of web application directory [/home/mo/apps/tomcat8/webapps/docs] has finished in [21] ms
09-Jul-2021 18:55:25.582 INFO [localhost-startStop-1] org.apache.catalina.startup.HostConfig.deployDirectory Deploying web application directory [/home/mo/apps/tomcat8/webapps/examples]
09-Jul-2021 18:55:25.790 INFO [localhost-startStop-1] org.apache.catalina.startup.HostConfig.deployDirectory Deployment of web application directory [/home/mo/apps/tomcat8/webapps/examples] has finished in [208] ms
09-Jul-2021 18:55:25.790 INFO [localhost-startStop-1] org.apache.catalina.startup.HostConfig.deployDirectory Deploying web application directory [/home/mo/apps/tomcat8/webapps/host-manager]
09-Jul-2021 18:55:25.810 INFO [localhost-startStop-1] org.apache.catalina.startup.HostConfig.deployDirectory Deployment of web application directory [/home/mo/apps/tomcat8/webapps/host-manager] has finished in [20] ms
09-Jul-2021 18:55:25.811 INFO [localhost-startStop-1] org.apache.catalina.startup.HostConfig.deployDirectory Deploying web application directory [/home/mo/apps/tomcat8/webapps/manager]
09-Jul-2021 18:55:25.828 INFO [localhost-startStop-1] org.apache.catalina.startup.HostConfig.deployDirectory Deployment of web application directory [/home/mo/apps/tomcat8/webapps/manager] has finished in [17] ms
09-Jul-2021 18:55:25.828 INFO [localhost-startStop-1] org.apache.catalina.startup.HostConfig.deployDirectory Deploying web application directory [/home/mo/apps/tomcat8/webapps/mo#it]
09-Jul-2021 18:55:25.847 INFO [localhost-startStop-1] org.apache.catalina.startup.HostConfig.deployDirectory Deployment of web application directory [/home/mo/apps/tomcat8/webapps/mo#it] has finished in [19] ms
09-Jul-2021 18:55:25.850 INFO [main] org.apache.coyote.AbstractProtocol.start Starting ProtocolHandler ["http-nio-8081"]
09-Jul-2021 18:55:25.857 INFO [main] org.apache.catalina.startup.Catalina.start Server startup in 628 ms
09-Jul-2021 18:59:26.425 INFO [ContainerBackgroundProcessor[StandardEngine[Catalina]]] org.apache.catalina.startup.HostConfig.undeploy Undeploying context []
09-Jul-2021 18:59:36.456 INFO [localhost-startStop-2] org.apache.catalina.startup.HostConfig.deployDirectory Deploying web application directory [/home/mo/apps/tomcat8/webapps/ROOT]
09-Jul-2021 18:59:36.502 INFO [localhost-startStop-2] org.apache.jasper.servlet.TldScanner.scanJars At least one JAR was scanned for TLDs yet contained no TLDs. Enable debug logging for this logger for a complete list of JARs that were scanned but no TLDs were found in them. Skipping unneeded JARs during scanning can improve startup time and JSP compilation time.
09-Jul-2021 18:59:36.526 INFO [localhost-startStop-2] org.apache.catalina.startup.HostConfig.deployDirectory Deployment of web application directory [/home/mo/apps/tomcat8/webapps/ROOT] has finished in [69] ms
09-Jul-2021 18:59:39.410 INFO [main] org.apache.catalina.core.StandardServer.await A valid shutdown command was received via the shutdown port. Stopping the Server instance.
09-Jul-2021 18:59:39.411 INFO [main] org.apache.coyote.AbstractProtocol.pause Pausing ProtocolHandler ["http-nio-8081"]
09-Jul-2021 18:59:39.419 INFO [main] org.apache.catalina.core.StandardService.stopInternal Stopping service [Catalina]
09-Jul-2021 18:59:39.438 INFO [main] org.apache.coyote.AbstractProtocol.stop Stopping ProtocolHandler ["http-nio-8081"]
09-Jul-2021 18:59:39.442 INFO [main] org.apache.coyote.AbstractProtocol.destroy Destroying ProtocolHandler ["http-nio-8081"]
09-Jul-2021 18:59:47.314 INFO [main] org.apache.catalina.startup.VersionLoggerListener.log Server version name:   Apache Tomcat/8.5.68
09-Jul-2021 18:59:47.316 INFO [main] org.apache.catalina.startup.VersionLoggerListener.log Server built:          Jun 11 2021 13:32:01 UTC
09-Jul-2021 18:59:47.317 INFO [main] org.apache.catalina.startup.VersionLoggerListener.log Server version number: 8.5.68.0
09-Jul-2021 18:59:47.317 INFO [main] org.apache.catalina.startup.VersionLoggerListener.log OS Name:               Linux
09-Jul-2021 18:59:47.317 INFO [main] org.apache.catalina.startup.VersionLoggerListener.log OS Version:            5.11.20-300.fc34.x86_64
09-Jul-2021 18:59:47.317 INFO [main] org.apache.catalina.startup.VersionLoggerListener.log Architecture:          amd64
09-Jul-2021 18:59:47.317 INFO [main] org.apache.catalina.startup.VersionLoggerListener.log Java Home:             /home/mo/.sdkman/candidates/java/8.0.282.hs-adpt/jre
09-Jul-2021 18:59:47.317 INFO [main] org.apache.catalina.startup.VersionLoggerListener.log JVM Version:           1.8.0_282-b08
09-Jul-2021 18:59:47.317 INFO [main] org.apache.catalina.startup.VersionLoggerListener.log JVM Vendor:            AdoptOpenJDK
09-Jul-2021 18:59:47.317 INFO [main] org.apache.catalina.startup.VersionLoggerListener.log CATALINA_BASE:         /home/mo/apps/tomcat8
09-Jul-2021 18:59:47.317 INFO [main] org.apache.catalina.startup.VersionLoggerListener.log CATALINA_HOME:         /home/mo/apps/tomcat8
09-Jul-2021 18:59:47.318 INFO [main] org.apache.catalina.startup.VersionLoggerListener.log Command line argument: -Djava.util.logging.config.file=/home/mo/apps/tomcat8/conf/logging.properties
09-Jul-2021 18:59:47.318 INFO [main] org.apache.catalina.startup.VersionLoggerListener.log Command line argument: -Djava.util.logging.manager=org.apache.juli.ClassLoaderLogManager
09-Jul-2021 18:59:47.318 INFO [main] org.apache.catalina.startup.VersionLoggerListener.log Command line argument: -Djdk.tls.ephemeralDHKeySize=2048
09-Jul-2021 18:59:47.318 INFO [main] org.apache.catalina.startup.VersionLoggerListener.log Command line argument: -Djava.protocol.handler.pkgs=org.apache.catalina.webresources
09-Jul-2021 18:59:47.318 INFO [main] org.apache.catalina.startup.VersionLoggerListener.log Command line argument: -Dorg.apache.catalina.security.SecurityListener.UMASK=0027
09-Jul-2021 18:59:47.318 INFO [main] org.apache.catalina.startup.VersionLoggerListener.log Command line argument: -Dignore.endorsed.dirs=
09-Jul-2021 18:59:47.318 INFO [main] org.apache.catalina.startup.VersionLoggerListener.log Command line argument: -Dcatalina.base=/home/mo/apps/tomcat8
09-Jul-2021 18:59:47.318 INFO [main] org.apache.catalina.startup.VersionLoggerListener.log Command line argument: -Dcatalina.home=/home/mo/apps/tomcat8
09-Jul-2021 18:59:47.318 INFO [main] org.apache.catalina.startup.VersionLoggerListener.log Command line argument: -Djava.io.tmpdir=/home/mo/apps/tomcat8/temp
09-Jul-2021 18:59:47.318 INFO [main] org.apache.catalina.core.AprLifecycleListener.lifecycleEvent The Apache Tomcat Native library which allows using OpenSSL was not found on the java.library.path: [/usr/java/packages/lib/amd64:/usr/lib64:/lib64:/lib:/usr/lib]
09-Jul-2021 18:59:47.391 INFO [main] org.apache.coyote.AbstractProtocol.init Initializing ProtocolHandler ["http-nio-8081"]
09-Jul-2021 18:59:47.403 INFO [main] org.apache.tomcat.util.net.NioSelectorPool.getSharedSelector Using a shared selector for servlet write/read
09-Jul-2021 18:59:47.416 INFO [main] org.apache.catalina.startup.Catalina.load Initialization processed in 537 ms
09-Jul-2021 18:59:47.439 INFO [main] org.apache.catalina.core.StandardService.startInternal Starting service [Catalina]
09-Jul-2021 18:59:47.440 INFO [main] org.apache.catalina.core.StandardEngine.startInternal Starting Servlet engine: [Apache Tomcat/8.5.68]
09-Jul-2021 18:59:47.449 INFO [localhost-startStop-1] org.apache.catalina.startup.HostConfig.deployDirectory Deploying web application directory [/home/mo/apps/tomcat8/webapps/docs]
09-Jul-2021 18:59:47.675 INFO [localhost-startStop-1] org.apache.catalina.startup.HostConfig.deployDirectory Deployment of web application directory [/home/mo/apps/tomcat8/webapps/docs] has finished in [223] ms
09-Jul-2021 18:59:47.676 INFO [localhost-startStop-1] org.apache.catalina.startup.HostConfig.deployDirectory Deploying web application directory [/home/mo/apps/tomcat8/webapps/examples]
09-Jul-2021 18:59:47.907 INFO [localhost-startStop-1] org.apache.catalina.startup.HostConfig.deployDirectory Deployment of web application directory [/home/mo/apps/tomcat8/webapps/examples] has finished in [231] ms
09-Jul-2021 18:59:47.907 INFO [localhost-startStop-1] org.apache.catalina.startup.HostConfig.deployDirectory Deploying web application directory [/home/mo/apps/tomcat8/webapps/host-manager]
09-Jul-2021 18:59:47.935 INFO [localhost-startStop-1] org.apache.catalina.startup.HostConfig.deployDirectory Deployment of web application directory [/home/mo/apps/tomcat8/webapps/host-manager] has finished in [28] ms
09-Jul-2021 18:59:47.935 INFO [localhost-startStop-1] org.apache.catalina.startup.HostConfig.deployDirectory Deploying web application directory [/home/mo/apps/tomcat8/webapps/manager]
09-Jul-2021 18:59:47.958 INFO [localhost-startStop-1] org.apache.catalina.startup.HostConfig.deployDirectory Deployment of web application directory [/home/mo/apps/tomcat8/webapps/manager] has finished in [23] ms
09-Jul-2021 18:59:47.958 INFO [localhost-startStop-1] org.apache.catalina.startup.HostConfig.deployDirectory Deploying web application directory [/home/mo/apps/tomcat8/webapps/mo#it]
09-Jul-2021 18:59:47.979 INFO [localhost-startStop-1] org.apache.catalina.startup.HostConfig.deployDirectory Deployment of web application directory [/home/mo/apps/tomcat8/webapps/mo#it] has finished in [21] ms
09-Jul-2021 18:59:47.979 INFO [localhost-startStop-1] org.apache.catalina.startup.HostConfig.deployDirectory Deploying web application directory [/home/mo/apps/tomcat8/webapps/ROOT]
09-Jul-2021 18:59:48.018 INFO [localhost-startStop-1] org.apache.jasper.servlet.TldScanner.scanJars At least one JAR was scanned for TLDs yet contained no TLDs. Enable debug logging for this logger for a complete list of JARs that were scanned but no TLDs were found in them. Skipping unneeded JARs during scanning can improve startup time and JSP compilation time.
09-Jul-2021 18:59:48.042 INFO [localhost-startStop-1] org.apache.catalina.startup.HostConfig.deployDirectory Deployment of web application directory [/home/mo/apps/tomcat8/webapps/ROOT] has finished in [63] ms
09-Jul-2021 18:59:48.044 INFO [main] org.apache.coyote.AbstractProtocol.start Starting ProtocolHandler ["http-nio-8081"]
09-Jul-2021 18:59:48.052 INFO [main] org.apache.catalina.startup.Catalina.start Server startup in 635 ms
09-Jul-2021 19:08:30.114 INFO [main] org.apache.catalina.core.StandardServer.await A valid shutdown command was received via the shutdown port. Stopping the Server instance.
09-Jul-2021 19:08:30.115 INFO [main] org.apache.coyote.AbstractProtocol.pause Pausing ProtocolHandler ["http-nio-8081"]
09-Jul-2021 19:08:30.122 INFO [main] org.apache.catalina.core.StandardService.stopInternal Stopping service [Catalina]
09-Jul-2021 19:08:30.146 INFO [main] org.apache.coyote.AbstractProtocol.stop Stopping ProtocolHandler ["http-nio-8081"]
09-Jul-2021 19:08:30.149 INFO [main] org.apache.coyote.AbstractProtocol.destroy Destroying ProtocolHandler ["http-nio-8081"]
09-Jul-2021 19:08:35.547 INFO [main] org.apache.catalina.startup.VersionLoggerListener.log Server version name:   Apache Tomcat/8.5.68
09-Jul-2021 19:08:35.549 INFO [main] org.apache.catalina.startup.VersionLoggerListener.log Server built:          Jun 11 2021 13:32:01 UTC
09-Jul-2021 19:08:35.549 INFO [main] org.apache.catalina.startup.VersionLoggerListener.log Server version number: 8.5.68.0
09-Jul-2021 19:08:35.549 INFO [main] org.apache.catalina.startup.VersionLoggerListener.log OS Name:               Linux
09-Jul-2021 19:08:35.549 INFO [main] org.apache.catalina.startup.VersionLoggerListener.log OS Version:            5.11.20-300.fc34.x86_64
09-Jul-2021 19:08:35.549 INFO [main] org.apache.catalina.startup.VersionLoggerListener.log Architecture:          amd64
09-Jul-2021 19:08:35.550 INFO [main] org.apache.catalina.startup.VersionLoggerListener.log Java Home:             /home/mo/.sdkman/candidates/java/8.0.282.hs-adpt/jre
09-Jul-2021 19:08:35.550 INFO [main] org.apache.catalina.startup.VersionLoggerListener.log JVM Version:           1.8.0_282-b08
09-Jul-2021 19:08:35.550 INFO [main] org.apache.catalina.startup.VersionLoggerListener.log JVM Vendor:            AdoptOpenJDK
09-Jul-2021 19:08:35.550 INFO [main] org.apache.catalina.startup.VersionLoggerListener.log CATALINA_BASE:         /home/mo/apps/tomcat8
09-Jul-2021 19:08:35.550 INFO [main] org.apache.catalina.startup.VersionLoggerListener.log CATALINA_HOME:         /home/mo/apps/tomcat8
09-Jul-2021 19:08:35.550 INFO [main] org.apache.catalina.startup.VersionLoggerListener.log Command line argument: -Djava.util.logging.config.file=/home/mo/apps/tomcat8/conf/logging.properties
09-Jul-2021 19:08:35.550 INFO [main] org.apache.catalina.startup.VersionLoggerListener.log Command line argument: -Djava.util.logging.manager=org.apache.juli.ClassLoaderLogManager
09-Jul-2021 19:08:35.550 INFO [main] org.apache.catalina.startup.VersionLoggerListener.log Command line argument: -Djdk.tls.ephemeralDHKeySize=2048
09-Jul-2021 19:08:35.550 INFO [main] org.apache.catalina.startup.VersionLoggerListener.log Command line argument: -Djava.protocol.handler.pkgs=org.apache.catalina.webresources
09-Jul-2021 19:08:35.551 INFO [main] org.apache.catalina.startup.VersionLoggerListener.log Command line argument: -Dorg.apache.catalina.security.SecurityListener.UMASK=0027
09-Jul-2021 19:08:35.551 INFO [main] org.apache.catalina.startup.VersionLoggerListener.log Command line argument: -Dignore.endorsed.dirs=
09-Jul-2021 19:08:35.551 INFO [main] org.apache.catalina.startup.VersionLoggerListener.log Command line argument: -Dcatalina.base=/home/mo/apps/tomcat8
09-Jul-2021 19:08:35.551 INFO [main] org.apache.catalina.startup.VersionLoggerListener.log Command line argument: -Dcatalina.home=/home/mo/apps/tomcat8
09-Jul-2021 19:08:35.551 INFO [main] org.apache.catalina.startup.VersionLoggerListener.log Command line argument: -Djava.io.tmpdir=/home/mo/apps/tomcat8/temp
09-Jul-2021 19:08:35.554 INFO [main] org.apache.catalina.core.AprLifecycleListener.lifecycleEvent The Apache Tomcat Native library which allows using OpenSSL was not found on the java.library.path: [/usr/java/packages/lib/amd64:/usr/lib64:/lib64:/lib:/usr/lib]
09-Jul-2021 19:08:35.627 INFO [main] org.apache.coyote.AbstractProtocol.init Initializing ProtocolHandler ["http-nio-8081"]
09-Jul-2021 19:08:35.644 INFO [main] org.apache.tomcat.util.net.NioSelectorPool.getSharedSelector Using a shared selector for servlet write/read
09-Jul-2021 19:08:35.662 INFO [main] org.apache.catalina.startup.Catalina.load Initialization processed in 567 ms
09-Jul-2021 19:08:35.690 INFO [main] org.apache.catalina.core.StandardService.startInternal Starting service [Catalina]
09-Jul-2021 19:08:35.690 INFO [main] org.apache.catalina.core.StandardEngine.startInternal Starting Servlet engine: [Apache Tomcat/8.5.68]
09-Jul-2021 19:08:35.698 INFO [localhost-startStop-1] org.apache.catalina.startup.HostConfig.deployDirectory Deploying web application directory [/home/mo/apps/tomcat8/webapps/docs]
09-Jul-2021 19:08:35.932 INFO [localhost-startStop-1] org.apache.catalina.startup.HostConfig.deployDirectory Deployment of web application directory [/home/mo/apps/tomcat8/webapps/docs] has finished in [233] ms
09-Jul-2021 19:08:35.932 INFO [localhost-startStop-1] org.apache.catalina.startup.HostConfig.deployDirectory Deploying web application directory [/home/mo/apps/tomcat8/webapps/examples]
09-Jul-2021 19:08:36.227 INFO [localhost-startStop-1] org.apache.catalina.startup.HostConfig.deployDirectory Deployment of web application directory [/home/mo/apps/tomcat8/webapps/examples] has finished in [294] ms
09-Jul-2021 19:08:36.227 INFO [localhost-startStop-1] org.apache.catalina.startup.HostConfig.deployDirectory Deploying web application directory [/home/mo/apps/tomcat8/webapps/host-manager]
09-Jul-2021 19:08:36.257 INFO [localhost-startStop-1] org.apache.catalina.startup.HostConfig.deployDirectory Deployment of web application directory [/home/mo/apps/tomcat8/webapps/host-manager] has finished in [30] ms
09-Jul-2021 19:08:36.257 INFO [localhost-startStop-1] org.apache.catalina.startup.HostConfig.deployDirectory Deploying web application directory [/home/mo/apps/tomcat8/webapps/manager]
09-Jul-2021 19:08:36.280 INFO [localhost-startStop-1] org.apache.catalina.startup.HostConfig.deployDirectory Deployment of web application directory [/home/mo/apps/tomcat8/webapps/manager] has finished in [22] ms
09-Jul-2021 19:08:36.280 INFO [localhost-startStop-1] org.apache.catalina.startup.HostConfig.deployDirectory Deploying web application directory [/home/mo/apps/tomcat8/webapps/mo#it]
09-Jul-2021 19:08:36.303 INFO [localhost-startStop-1] org.apache.catalina.startup.HostConfig.deployDirectory Deployment of web application directory [/home/mo/apps/tomcat8/webapps/mo#it] has finished in [23] ms
09-Jul-2021 19:08:36.303 INFO [localhost-startStop-1] org.apache.catalina.startup.HostConfig.deployDirectory Deploying web application directory [/home/mo/apps/tomcat8/webapps/ROOT]
09-Jul-2021 19:08:36.353 INFO [localhost-startStop-1] org.apache.jasper.servlet.TldScanner.scanJars At least one JAR was scanned for TLDs yet contained no TLDs. Enable debug logging for this logger for a complete list of JARs that were scanned but no TLDs were found in them. Skipping unneeded JARs during scanning can improve startup time and JSP compilation time.
09-Jul-2021 19:08:36.382 INFO [localhost-startStop-1] org.apache.catalina.startup.HostConfig.deployDirectory Deployment of web application directory [/home/mo/apps/tomcat8/webapps/ROOT] has finished in [79] ms
09-Jul-2021 19:08:36.385 INFO [main] org.apache.coyote.AbstractProtocol.start Starting ProtocolHandler ["http-nio-8081"]
09-Jul-2021 19:08:36.392 INFO [main] org.apache.catalina.startup.Catalina.start Server startup in 729 ms
09-Jul-2021 19:09:09.064 INFO [main] org.apache.catalina.core.StandardServer.await A valid shutdown command was received via the shutdown port. Stopping the Server instance.
09-Jul-2021 19:09:09.065 INFO [main] org.apache.coyote.AbstractProtocol.pause Pausing ProtocolHandler ["http-nio-8081"]
09-Jul-2021 19:09:09.072 INFO [main] org.apache.catalina.core.StandardService.stopInternal Stopping service [Catalina]
09-Jul-2021 19:09:09.098 INFO [main] org.apache.coyote.AbstractProtocol.stop Stopping ProtocolHandler ["http-nio-8081"]
09-Jul-2021 19:09:09.100 INFO [main] org.apache.coyote.AbstractProtocol.destroy Destroying ProtocolHandler ["http-nio-8081"]
09-Jul-2021 19:09:11.254 INFO [main] org.apache.catalina.startup.VersionLoggerListener.log Server version name:   Apache Tomcat/8.5.68
09-Jul-2021 19:09:11.257 INFO [main] org.apache.catalina.startup.VersionLoggerListener.log Server built:          Jun 11 2021 13:32:01 UTC
09-Jul-2021 19:09:11.257 INFO [main] org.apache.catalina.startup.VersionLoggerListener.log Server version number: 8.5.68.0
09-Jul-2021 19:09:11.257 INFO [main] org.apache.catalina.startup.VersionLoggerListener.log OS Name:               Linux
09-Jul-2021 19:09:11.257 INFO [main] org.apache.catalina.startup.VersionLoggerListener.log OS Version:            5.11.20-300.fc34.x86_64
09-Jul-2021 19:09:11.257 INFO [main] org.apache.catalina.startup.VersionLoggerListener.log Architecture:          amd64
09-Jul-2021 19:09:11.257 INFO [main] org.apache.catalina.startup.VersionLoggerListener.log Java Home:             /home/mo/.sdkman/candidates/java/8.0.282.hs-adpt/jre
09-Jul-2021 19:09:11.258 INFO [main] org.apache.catalina.startup.VersionLoggerListener.log JVM Version:           1.8.0_282-b08
09-Jul-2021 19:09:11.258 INFO [main] org.apache.catalina.startup.VersionLoggerListener.log JVM Vendor:            AdoptOpenJDK
09-Jul-2021 19:09:11.258 INFO [main] org.apache.catalina.startup.VersionLoggerListener.log CATALINA_BASE:         /home/mo/apps/tomcat8
09-Jul-2021 19:09:11.258 INFO [main] org.apache.catalina.startup.VersionLoggerListener.log CATALINA_HOME:         /home/mo/apps/tomcat8
09-Jul-2021 19:09:11.258 INFO [main] org.apache.catalina.startup.VersionLoggerListener.log Command line argument: -Djava.util.logging.config.file=/home/mo/apps/tomcat8/conf/logging.properties
09-Jul-2021 19:09:11.258 INFO [main] org.apache.catalina.startup.VersionLoggerListener.log Command line argument: -Djava.util.logging.manager=org.apache.juli.ClassLoaderLogManager
09-Jul-2021 19:09:11.259 INFO [main] org.apache.catalina.startup.VersionLoggerListener.log Command line argument: -Djdk.tls.ephemeralDHKeySize=2048
09-Jul-2021 19:09:11.259 INFO [main] org.apache.catalina.startup.VersionLoggerListener.log Command line argument: -Djava.protocol.handler.pkgs=org.apache.catalina.webresources
09-Jul-2021 19:09:11.259 INFO [main] org.apache.catalina.startup.VersionLoggerListener.log Command line argument: -Dorg.apache.catalina.security.SecurityListener.UMASK=0027
09-Jul-2021 19:09:11.259 INFO [main] org.apache.catalina.startup.VersionLoggerListener.log Command line argument: -Dignore.endorsed.dirs=
09-Jul-2021 19:09:11.259 INFO [main] org.apache.catalina.startup.VersionLoggerListener.log Command line argument: -Dcatalina.base=/home/mo/apps/tomcat8
09-Jul-2021 19:09:11.259 INFO [main] org.apache.catalina.startup.VersionLoggerListener.log Command line argument: -Dcatalina.home=/home/mo/apps/tomcat8
09-Jul-2021 19:09:11.260 INFO [main] org.apache.catalina.startup.VersionLoggerListener.log Command line argument: -Djava.io.tmpdir=/home/mo/apps/tomcat8/temp
09-Jul-2021 19:09:11.260 INFO [main] org.apache.catalina.core.AprLifecycleListener.lifecycleEvent The Apache Tomcat Native library which allows using OpenSSL was not found on the java.library.path: [/usr/java/packages/lib/amd64:/usr/lib64:/lib64:/lib:/usr/lib]
09-Jul-2021 19:09:11.340 INFO [main] org.apache.coyote.AbstractProtocol.init Initializing ProtocolHandler ["http-nio-8081"]
09-Jul-2021 19:09:11.357 INFO [main] org.apache.tomcat.util.net.NioSelectorPool.getSharedSelector Using a shared selector for servlet write/read
09-Jul-2021 19:09:11.375 INFO [main] org.apache.catalina.startup.Catalina.load Initialization processed in 567 ms
09-Jul-2021 19:09:11.401 INFO [main] org.apache.catalina.core.StandardService.startInternal Starting service [Catalina]
09-Jul-2021 19:09:11.401 INFO [main] org.apache.catalina.core.StandardEngine.startInternal Starting Servlet engine: [Apache Tomcat/8.5.68]
09-Jul-2021 19:09:11.411 INFO [localhost-startStop-1] org.apache.catalina.startup.HostConfig.deployDirectory Deploying web application directory [/home/mo/apps/tomcat8/webapps/docs]
09-Jul-2021 19:09:11.686 INFO [localhost-startStop-1] org.apache.catalina.startup.HostConfig.deployDirectory Deployment of web application directory [/home/mo/apps/tomcat8/webapps/docs] has finished in [273] ms
09-Jul-2021 19:09:11.687 INFO [localhost-startStop-1] org.apache.catalina.startup.HostConfig.deployDirectory Deploying web application directory [/home/mo/apps/tomcat8/webapps/examples]
09-Jul-2021 19:09:11.954 INFO [localhost-startStop-1] org.apache.catalina.startup.HostConfig.deployDirectory Deployment of web application directory [/home/mo/apps/tomcat8/webapps/examples] has finished in [267] ms
09-Jul-2021 19:09:11.955 INFO [localhost-startStop-1] org.apache.catalina.startup.HostConfig.deployDirectory Deploying web application directory [/home/mo/apps/tomcat8/webapps/host-manager]
09-Jul-2021 19:09:11.980 INFO [localhost-startStop-1] org.apache.catalina.startup.HostConfig.deployDirectory Deployment of web application directory [/home/mo/apps/tomcat8/webapps/host-manager] has finished in [25] ms
09-Jul-2021 19:09:11.980 INFO [localhost-startStop-1] org.apache.catalina.startup.HostConfig.deployDirectory Deploying web application directory [/home/mo/apps/tomcat8/webapps/manager]
09-Jul-2021 19:09:12.005 INFO [localhost-startStop-1] org.apache.catalina.startup.HostConfig.deployDirectory Deployment of web application directory [/home/mo/apps/tomcat8/webapps/manager] has finished in [25] ms
09-Jul-2021 19:09:12.005 INFO [localhost-startStop-1] org.apache.catalina.startup.HostConfig.deployDirectory Deploying web application directory [/home/mo/apps/tomcat8/webapps/mo#it]
09-Jul-2021 19:09:12.027 INFO [localhost-startStop-1] org.apache.catalina.startup.HostConfig.deployDirectory Deployment of web application directory [/home/mo/apps/tomcat8/webapps/mo#it] has finished in [22] ms
09-Jul-2021 19:09:12.027 INFO [localhost-startStop-1] org.apache.catalina.startup.HostConfig.deployDirectory Deploying web application directory [/home/mo/apps/tomcat8/webapps/ROOT]
09-Jul-2021 19:09:12.075 INFO [localhost-startStop-1] org.apache.jasper.servlet.TldScanner.scanJars At least one JAR was scanned for TLDs yet contained no TLDs. Enable debug logging for this logger for a complete list of JARs that were scanned but no TLDs were found in them. Skipping unneeded JARs during scanning can improve startup time and JSP compilation time.
09-Jul-2021 19:09:12.102 INFO [localhost-startStop-1] org.apache.catalina.startup.HostConfig.deployDirectory Deployment of web application directory [/home/mo/apps/tomcat8/webapps/ROOT] has finished in [75] ms
09-Jul-2021 19:09:12.106 INFO [main] org.apache.coyote.AbstractProtocol.start Starting ProtocolHandler ["http-nio-8081"]
09-Jul-2021 19:09:12.114 INFO [main] org.apache.catalina.startup.Catalina.start Server startup in 738 ms
09-Jul-2021 19:10:48.143 INFO [main] org.apache.catalina.core.StandardServer.await A valid shutdown command was received via the shutdown port. Stopping the Server instance.
09-Jul-2021 19:10:48.143 INFO [main] org.apache.coyote.AbstractProtocol.pause Pausing ProtocolHandler ["http-nio-8081"]
09-Jul-2021 19:10:48.151 INFO [main] org.apache.catalina.core.StandardService.stopInternal Stopping service [Catalina]
09-Jul-2021 19:10:48.179 INFO [main] org.apache.coyote.AbstractProtocol.stop Stopping ProtocolHandler ["http-nio-8081"]
09-Jul-2021 19:10:48.182 INFO [main] org.apache.coyote.AbstractProtocol.destroy Destroying ProtocolHandler ["http-nio-8081"]
09-Jul-2021 19:10:50.168 INFO [main] org.apache.catalina.startup.VersionLoggerListener.log Server version name:   Apache Tomcat/8.5.68
09-Jul-2021 19:10:50.170 INFO [main] org.apache.catalina.startup.VersionLoggerListener.log Server built:          Jun 11 2021 13:32:01 UTC
09-Jul-2021 19:10:50.170 INFO [main] org.apache.catalina.startup.VersionLoggerListener.log Server version number: 8.5.68.0
09-Jul-2021 19:10:50.170 INFO [main] org.apache.catalina.startup.VersionLoggerListener.log OS Name:               Linux
09-Jul-2021 19:10:50.170 INFO [main] org.apache.catalina.startup.VersionLoggerListener.log OS Version:            5.11.20-300.fc34.x86_64
09-Jul-2021 19:10:50.171 INFO [main] org.apache.catalina.startup.VersionLoggerListener.log Architecture:          amd64
09-Jul-2021 19:10:50.171 INFO [main] org.apache.catalina.startup.VersionLoggerListener.log Java Home:             /home/mo/.sdkman/candidates/java/8.0.282.hs-adpt/jre
09-Jul-2021 19:10:50.171 INFO [main] org.apache.catalina.startup.VersionLoggerListener.log JVM Version:           1.8.0_282-b08
09-Jul-2021 19:10:50.171 INFO [main] org.apache.catalina.startup.VersionLoggerListener.log JVM Vendor:            AdoptOpenJDK
09-Jul-2021 19:10:50.171 INFO [main] org.apache.catalina.startup.VersionLoggerListener.log CATALINA_BASE:         /home/mo/apps/tomcat8
09-Jul-2021 19:10:50.171 INFO [main] org.apache.catalina.startup.VersionLoggerListener.log CATALINA_HOME:         /home/mo/apps/tomcat8
09-Jul-2021 19:10:50.171 INFO [main] org.apache.catalina.startup.VersionLoggerListener.log Command line argument: -Djava.util.logging.config.file=/home/mo/apps/tomcat8/conf/logging.properties
09-Jul-2021 19:10:50.172 INFO [main] org.apache.catalina.startup.VersionLoggerListener.log Command line argument: -Djava.util.logging.manager=org.apache.juli.ClassLoaderLogManager
09-Jul-2021 19:10:50.172 INFO [main] org.apache.catalina.startup.VersionLoggerListener.log Command line argument: -Djdk.tls.ephemeralDHKeySize=2048
09-Jul-2021 19:10:50.172 INFO [main] org.apache.catalina.startup.VersionLoggerListener.log Command line argument: -Djava.protocol.handler.pkgs=org.apache.catalina.webresources
09-Jul-2021 19:10:50.172 INFO [main] org.apache.catalina.startup.VersionLoggerListener.log Command line argument: -Dorg.apache.catalina.security.SecurityListener.UMASK=0027
09-Jul-2021 19:10:50.172 INFO [main] org.apache.catalina.startup.VersionLoggerListener.log Command line argument: -Dignore.endorsed.dirs=
09-Jul-2021 19:10:50.172 INFO [main] org.apache.catalina.startup.VersionLoggerListener.log Command line argument: -Dcatalina.base=/home/mo/apps/tomcat8
09-Jul-2021 19:10:50.172 INFO [main] org.apache.catalina.startup.VersionLoggerListener.log Command line argument: -Dcatalina.home=/home/mo/apps/tomcat8
09-Jul-2021 19:10:50.173 INFO [main] org.apache.catalina.startup.VersionLoggerListener.log Command line argument: -Djava.io.tmpdir=/home/mo/apps/tomcat8/temp
09-Jul-2021 19:10:50.173 INFO [main] org.apache.catalina.core.AprLifecycleListener.lifecycleEvent The Apache Tomcat Native library which allows using OpenSSL was not found on the java.library.path: [/usr/java/packages/lib/amd64:/usr/lib64:/lib64:/lib:/usr/lib]
09-Jul-2021 19:10:50.244 INFO [main] org.apache.coyote.AbstractProtocol.init Initializing ProtocolHandler ["http-nio-8081"]
09-Jul-2021 19:10:50.256 INFO [main] org.apache.tomcat.util.net.NioSelectorPool.getSharedSelector Using a shared selector for servlet write/read
09-Jul-2021 19:10:50.269 INFO [main] org.apache.catalina.startup.Catalina.load Initialization processed in 575 ms
09-Jul-2021 19:10:50.295 INFO [main] org.apache.catalina.core.StandardService.startInternal Starting service [Catalina]
09-Jul-2021 19:10:50.295 INFO [main] org.apache.catalina.core.StandardEngine.startInternal Starting Servlet engine: [Apache Tomcat/8.5.68]
09-Jul-2021 19:10:50.306 INFO [localhost-startStop-1] org.apache.catalina.startup.HostConfig.deployDirectory Deploying web application directory [/home/mo/apps/tomcat8/webapps/docs]
09-Jul-2021 19:10:50.525 INFO [localhost-startStop-1] org.apache.catalina.startup.HostConfig.deployDirectory Deployment of web application directory [/home/mo/apps/tomcat8/webapps/docs] has finished in [215] ms
09-Jul-2021 19:10:50.525 INFO [localhost-startStop-1] org.apache.catalina.startup.HostConfig.deployDirectory Deploying web application directory [/home/mo/apps/tomcat8/webapps/examples]
09-Jul-2021 19:10:50.747 INFO [localhost-startStop-1] org.apache.catalina.startup.HostConfig.deployDirectory Deployment of web application directory [/home/mo/apps/tomcat8/webapps/examples] has finished in [222] ms
09-Jul-2021 19:10:50.748 INFO [localhost-startStop-1] org.apache.catalina.startup.HostConfig.deployDirectory Deploying web application directory [/home/mo/apps/tomcat8/webapps/host-manager]
09-Jul-2021 19:10:50.770 INFO [localhost-startStop-1] org.apache.catalina.startup.HostConfig.deployDirectory Deployment of web application directory [/home/mo/apps/tomcat8/webapps/host-manager] has finished in [22] ms
09-Jul-2021 19:10:50.770 INFO [localhost-startStop-1] org.apache.catalina.startup.HostConfig.deployDirectory Deploying web application directory [/home/mo/apps/tomcat8/webapps/manager]
09-Jul-2021 19:10:50.787 INFO [localhost-startStop-1] org.apache.catalina.startup.HostConfig.deployDirectory Deployment of web application directory [/home/mo/apps/tomcat8/webapps/manager] has finished in [17] ms
09-Jul-2021 19:10:50.787 INFO [localhost-startStop-1] org.apache.catalina.startup.HostConfig.deployDirectory Deploying web application directory [/home/mo/apps/tomcat8/webapps/mo#it]
09-Jul-2021 19:10:50.805 INFO [localhost-startStop-1] org.apache.catalina.startup.HostConfig.deployDirectory Deployment of web application directory [/home/mo/apps/tomcat8/webapps/mo#it] has finished in [18] ms
09-Jul-2021 19:10:50.805 INFO [localhost-startStop-1] org.apache.catalina.startup.HostConfig.deployDirectory Deploying web application directory [/home/mo/apps/tomcat8/webapps/ROOT]
09-Jul-2021 19:10:50.844 INFO [localhost-startStop-1] org.apache.jasper.servlet.TldScanner.scanJars At least one JAR was scanned for TLDs yet contained no TLDs. Enable debug logging for this logger for a complete list of JARs that were scanned but no TLDs were found in them. Skipping unneeded JARs during scanning can improve startup time and JSP compilation time.
09-Jul-2021 19:10:50.869 INFO [localhost-startStop-1] org.apache.catalina.startup.HostConfig.deployDirectory Deployment of web application directory [/home/mo/apps/tomcat8/webapps/ROOT] has finished in [64] ms
09-Jul-2021 19:10:50.871 INFO [main] org.apache.coyote.AbstractProtocol.start Starting ProtocolHandler ["http-nio-8081"]
09-Jul-2021 19:10:50.878 INFO [main] org.apache.catalina.startup.Catalina.start Server startup in 609 ms
09-Jul-2021 19:13:31.898 INFO [main] org.apache.catalina.core.StandardServer.await A valid shutdown command was received via the shutdown port. Stopping the Server instance.
09-Jul-2021 19:13:31.899 INFO [main] org.apache.coyote.AbstractProtocol.pause Pausing ProtocolHandler ["http-nio-8081"]
09-Jul-2021 19:13:31.907 INFO [main] org.apache.catalina.core.StandardService.stopInternal Stopping service [Catalina]
09-Jul-2021 19:13:31.931 INFO [main] org.apache.coyote.AbstractProtocol.stop Stopping ProtocolHandler ["http-nio-8081"]
09-Jul-2021 19:13:31.934 INFO [main] org.apache.coyote.AbstractProtocol.destroy Destroying ProtocolHandler ["http-nio-8081"]
09-Jul-2021 19:13:35.949 INFO [main] org.apache.catalina.startup.VersionLoggerListener.log Server version name:   Apache Tomcat/8.5.68
09-Jul-2021 19:13:35.951 INFO [main] org.apache.catalina.startup.VersionLoggerListener.log Server built:          Jun 11 2021 13:32:01 UTC
09-Jul-2021 19:13:35.951 INFO [main] org.apache.catalina.startup.VersionLoggerListener.log Server version number: 8.5.68.0
09-Jul-2021 19:13:35.951 INFO [main] org.apache.catalina.startup.VersionLoggerListener.log OS Name:               Linux
09-Jul-2021 19:13:35.951 INFO [main] org.apache.catalina.startup.VersionLoggerListener.log OS Version:            5.11.20-300.fc34.x86_64
09-Jul-2021 19:13:35.951 INFO [main] org.apache.catalina.startup.VersionLoggerListener.log Architecture:          amd64
09-Jul-2021 19:13:35.952 INFO [main] org.apache.catalina.startup.VersionLoggerListener.log Java Home:             /home/mo/.sdkman/candidates/java/8.0.282.hs-adpt/jre
09-Jul-2021 19:13:35.952 INFO [main] org.apache.catalina.startup.VersionLoggerListener.log JVM Version:           1.8.0_282-b08
09-Jul-2021 19:13:35.952 INFO [main] org.apache.catalina.startup.VersionLoggerListener.log JVM Vendor:            AdoptOpenJDK
09-Jul-2021 19:13:35.952 INFO [main] org.apache.catalina.startup.VersionLoggerListener.log CATALINA_BASE:         /home/mo/apps/tomcat8
09-Jul-2021 19:13:35.952 INFO [main] org.apache.catalina.startup.VersionLoggerListener.log CATALINA_HOME:         /home/mo/apps/tomcat8
09-Jul-2021 19:13:35.952 INFO [main] org.apache.catalina.startup.VersionLoggerListener.log Command line argument: -Djava.util.logging.config.file=/home/mo/apps/tomcat8/conf/logging.properties
09-Jul-2021 19:13:35.952 INFO [main] org.apache.catalina.startup.VersionLoggerListener.log Command line argument: -Djava.util.logging.manager=org.apache.juli.ClassLoaderLogManager
09-Jul-2021 19:13:35.953 INFO [main] org.apache.catalina.startup.VersionLoggerListener.log Command line argument: -Djdk.tls.ephemeralDHKeySize=2048
09-Jul-2021 19:13:35.953 INFO [main] org.apache.catalina.startup.VersionLoggerListener.log Command line argument: -Djava.protocol.handler.pkgs=org.apache.catalina.webresources
09-Jul-2021 19:13:35.953 INFO [main] org.apache.catalina.startup.VersionLoggerListener.log Command line argument: -Dorg.apache.catalina.security.SecurityListener.UMASK=0027
09-Jul-2021 19:13:35.953 INFO [main] org.apache.catalina.startup.VersionLoggerListener.log Command line argument: -Dignore.endorsed.dirs=
09-Jul-2021 19:13:35.953 INFO [main] org.apache.catalina.startup.VersionLoggerListener.log Command line argument: -Dcatalina.base=/home/mo/apps/tomcat8
09-Jul-2021 19:13:35.953 INFO [main] org.apache.catalina.startup.VersionLoggerListener.log Command line argument: -Dcatalina.home=/home/mo/apps/tomcat8
09-Jul-2021 19:13:35.953 INFO [main] org.apache.catalina.startup.VersionLoggerListener.log Command line argument: -Djava.io.tmpdir=/home/mo/apps/tomcat8/temp
09-Jul-2021 19:13:35.954 INFO [main] org.apache.catalina.core.AprLifecycleListener.lifecycleEvent The Apache Tomcat Native library which allows using OpenSSL was not found on the java.library.path: [/usr/java/packages/lib/amd64:/usr/lib64:/lib64:/lib:/usr/lib]
09-Jul-2021 19:13:36.039 INFO [main] org.apache.coyote.AbstractProtocol.init Initializing ProtocolHandler ["http-nio-8081"]
09-Jul-2021 19:13:36.050 INFO [main] org.apache.tomcat.util.net.NioSelectorPool.getSharedSelector Using a shared selector for servlet write/read
09-Jul-2021 19:13:36.064 INFO [main] org.apache.catalina.startup.Catalina.load Initialization processed in 541 ms
09-Jul-2021 19:13:36.088 INFO [main] org.apache.catalina.core.StandardService.startInternal Starting service [Catalina]
09-Jul-2021 19:13:36.089 INFO [main] org.apache.catalina.core.StandardEngine.startInternal Starting Servlet engine: [Apache Tomcat/8.5.68]
09-Jul-2021 19:13:36.097 INFO [localhost-startStop-1] org.apache.catalina.startup.HostConfig.deployDirectory Deploying web application directory [/home/mo/apps/tomcat8/webapps/docs]
09-Jul-2021 19:13:36.320 INFO [localhost-startStop-1] org.apache.catalina.startup.HostConfig.deployDirectory Deployment of web application directory [/home/mo/apps/tomcat8/webapps/docs] has finished in [220] ms
09-Jul-2021 19:13:36.321 INFO [localhost-startStop-1] org.apache.catalina.startup.HostConfig.deployDirectory Deploying web application directory [/home/mo/apps/tomcat8/webapps/examples]
09-Jul-2021 19:13:36.542 INFO [localhost-startStop-1] org.apache.catalina.startup.HostConfig.deployDirectory Deployment of web application directory [/home/mo/apps/tomcat8/webapps/examples] has finished in [222] ms
09-Jul-2021 19:13:36.543 INFO [localhost-startStop-1] org.apache.catalina.startup.HostConfig.deployDirectory Deploying web application directory [/home/mo/apps/tomcat8/webapps/host-manager]
09-Jul-2021 19:13:36.565 INFO [localhost-startStop-1] org.apache.catalina.startup.HostConfig.deployDirectory Deployment of web application directory [/home/mo/apps/tomcat8/webapps/host-manager] has finished in [22] ms
09-Jul-2021 19:13:36.566 INFO [localhost-startStop-1] org.apache.catalina.startup.HostConfig.deployDirectory Deploying web application directory [/home/mo/apps/tomcat8/webapps/manager]
09-Jul-2021 19:13:36.584 INFO [localhost-startStop-1] org.apache.catalina.startup.HostConfig.deployDirectory Deployment of web application directory [/home/mo/apps/tomcat8/webapps/manager] has finished in [17] ms
09-Jul-2021 19:13:36.584 INFO [localhost-startStop-1] org.apache.catalina.startup.HostConfig.deployDirectory Deploying web application directory [/home/mo/apps/tomcat8/webapps/mo#it]
09-Jul-2021 19:13:36.602 INFO [localhost-startStop-1] org.apache.catalina.startup.HostConfig.deployDirectory Deployment of web application directory [/home/mo/apps/tomcat8/webapps/mo#it] has finished in [18] ms
09-Jul-2021 19:13:36.603 INFO [localhost-startStop-1] org.apache.catalina.startup.HostConfig.deployDirectory Deploying web application directory [/home/mo/apps/tomcat8/webapps/ROOT]
09-Jul-2021 19:13:36.642 INFO [localhost-startStop-1] org.apache.jasper.servlet.TldScanner.scanJars At least one JAR was scanned for TLDs yet contained no TLDs. Enable debug logging for this logger for a complete list of JARs that were scanned but no TLDs were found in them. Skipping unneeded JARs during scanning can improve startup time and JSP compilation time.
09-Jul-2021 19:13:36.668 INFO [localhost-startStop-1] org.apache.catalina.startup.HostConfig.deployDirectory Deployment of web application directory [/home/mo/apps/tomcat8/webapps/ROOT] has finished in [66] ms
09-Jul-2021 19:13:36.670 INFO [main] org.apache.coyote.AbstractProtocol.start Starting ProtocolHandler ["http-nio-8081"]
09-Jul-2021 19:13:36.678 INFO [main] org.apache.catalina.startup.Catalina.start Server startup in 614 ms
09-Jul-2021 19:26:42.646 INFO [main] org.apache.catalina.core.StandardServer.await A valid shutdown command was received via the shutdown port. Stopping the Server instance.
09-Jul-2021 19:26:42.647 INFO [main] org.apache.coyote.AbstractProtocol.pause Pausing ProtocolHandler ["http-nio-8081"]
09-Jul-2021 19:26:42.655 INFO [main] org.apache.catalina.core.StandardService.stopInternal Stopping service [Catalina]
09-Jul-2021 19:26:42.684 INFO [main] org.apache.coyote.AbstractProtocol.stop Stopping ProtocolHandler ["http-nio-8081"]
09-Jul-2021 19:26:42.690 INFO [main] org.apache.coyote.AbstractProtocol.destroy Destroying ProtocolHandler ["http-nio-8081"]
09-Jul-2021 19:26:48.613 INFO [main] org.apache.catalina.startup.VersionLoggerListener.log Server version name:   Apache Tomcat/8.5.68
09-Jul-2021 19:26:48.616 INFO [main] org.apache.catalina.startup.VersionLoggerListener.log Server built:          Jun 11 2021 13:32:01 UTC
09-Jul-2021 19:26:48.616 INFO [main] org.apache.catalina.startup.VersionLoggerListener.log Server version number: 8.5.68.0
09-Jul-2021 19:26:48.616 INFO [main] org.apache.catalina.startup.VersionLoggerListener.log OS Name:               Linux
09-Jul-2021 19:26:48.616 INFO [main] org.apache.catalina.startup.VersionLoggerListener.log OS Version:            5.11.20-300.fc34.x86_64
09-Jul-2021 19:26:48.617 INFO [main] org.apache.catalina.startup.VersionLoggerListener.log Architecture:          amd64
09-Jul-2021 19:26:48.617 INFO [main] org.apache.catalina.startup.VersionLoggerListener.log Java Home:             /home/mo/.sdkman/candidates/java/8.0.282.hs-adpt/jre
09-Jul-2021 19:26:48.617 INFO [main] org.apache.catalina.startup.VersionLoggerListener.log JVM Version:           1.8.0_282-b08
09-Jul-2021 19:26:48.617 INFO [main] org.apache.catalina.startup.VersionLoggerListener.log JVM Vendor:            AdoptOpenJDK
09-Jul-2021 19:26:48.617 INFO [main] org.apache.catalina.startup.VersionLoggerListener.log CATALINA_BASE:         /home/mo/apps/tomcat8
09-Jul-2021 19:26:48.617 INFO [main] org.apache.catalina.startup.VersionLoggerListener.log CATALINA_HOME:         /home/mo/apps/tomcat8
09-Jul-2021 19:26:48.617 INFO [main] org.apache.catalina.startup.VersionLoggerListener.log Command line argument: -Djava.util.logging.config.file=/home/mo/apps/tomcat8/conf/logging.properties
09-Jul-2021 19:26:48.618 INFO [main] org.apache.catalina.startup.VersionLoggerListener.log Command line argument: -Djava.util.logging.manager=org.apache.juli.ClassLoaderLogManager
09-Jul-2021 19:26:48.618 INFO [main] org.apache.catalina.startup.VersionLoggerListener.log Command line argument: -Djdk.tls.ephemeralDHKeySize=2048
09-Jul-2021 19:26:48.618 INFO [main] org.apache.catalina.startup.VersionLoggerListener.log Command line argument: -Djava.protocol.handler.pkgs=org.apache.catalina.webresources
09-Jul-2021 19:26:48.618 INFO [main] org.apache.catalina.startup.VersionLoggerListener.log Command line argument: -Dorg.apache.catalina.security.SecurityListener.UMASK=0027
09-Jul-2021 19:26:48.618 INFO [main] org.apache.catalina.startup.VersionLoggerListener.log Command line argument: -Dignore.endorsed.dirs=
09-Jul-2021 19:26:48.618 INFO [main] org.apache.catalina.startup.VersionLoggerListener.log Command line argument: -Dcatalina.base=/home/mo/apps/tomcat8
09-Jul-2021 19:26:48.618 INFO [main] org.apache.catalina.startup.VersionLoggerListener.log Command line argument: -Dcatalina.home=/home/mo/apps/tomcat8
09-Jul-2021 19:26:48.618 INFO [main] org.apache.catalina.startup.VersionLoggerListener.log Command line argument: -Djava.io.tmpdir=/home/mo/apps/tomcat8/temp
09-Jul-2021 19:26:48.618 INFO [main] org.apache.catalina.core.AprLifecycleListener.lifecycleEvent The Apache Tomcat Native library which allows using OpenSSL was not found on the java.library.path: [/usr/java/packages/lib/amd64:/usr/lib64:/lib64:/lib:/usr/lib]
09-Jul-2021 19:26:48.699 INFO [main] org.apache.coyote.AbstractProtocol.init Initializing ProtocolHandler ["http-nio-8081"]
09-Jul-2021 19:26:48.716 INFO [main] org.apache.tomcat.util.net.NioSelectorPool.getSharedSelector Using a shared selector for servlet write/read
09-Jul-2021 19:26:48.736 INFO [main] org.apache.catalina.startup.Catalina.load Initialization processed in 615 ms
09-Jul-2021 19:26:48.771 INFO [main] org.apache.catalina.core.StandardService.startInternal Starting service [Catalina]
09-Jul-2021 19:26:48.772 INFO [main] org.apache.catalina.core.StandardEngine.startInternal Starting Servlet engine: [Apache Tomcat/8.5.68]
09-Jul-2021 19:26:48.782 INFO [localhost-startStop-1] org.apache.catalina.startup.HostConfig.deployDirectory Deploying web application directory [/home/mo/apps/tomcat8/webapps/docs]
09-Jul-2021 19:26:49.080 INFO [localhost-startStop-1] org.apache.catalina.startup.HostConfig.deployDirectory Deployment of web application directory [/home/mo/apps/tomcat8/webapps/docs] has finished in [294] ms
09-Jul-2021 19:26:49.081 INFO [localhost-startStop-1] org.apache.catalina.startup.HostConfig.deployDirectory Deploying web application directory [/home/mo/apps/tomcat8/webapps/examples]
09-Jul-2021 19:26:49.367 INFO [localhost-startStop-1] org.apache.catalina.startup.HostConfig.deployDirectory Deployment of web application directory [/home/mo/apps/tomcat8/webapps/examples] has finished in [286] ms
09-Jul-2021 19:26:49.367 INFO [localhost-startStop-1] org.apache.catalina.startup.HostConfig.deployDirectory Deploying web application directory [/home/mo/apps/tomcat8/webapps/host-manager]
09-Jul-2021 19:26:49.390 INFO [localhost-startStop-1] org.apache.catalina.startup.HostConfig.deployDirectory Deployment of web application directory [/home/mo/apps/tomcat8/webapps/host-manager] has finished in [23] ms
09-Jul-2021 19:26:49.390 INFO [localhost-startStop-1] org.apache.catalina.startup.HostConfig.deployDirectory Deploying web application directory [/home/mo/apps/tomcat8/webapps/manager]
09-Jul-2021 19:26:49.414 INFO [localhost-startStop-1] org.apache.catalina.startup.HostConfig.deployDirectory Deployment of web application directory [/home/mo/apps/tomcat8/webapps/manager] has finished in [24] ms
09-Jul-2021 19:26:49.414 INFO [localhost-startStop-1] org.apache.catalina.startup.HostConfig.deployDirectory Deploying web application directory [/home/mo/apps/tomcat8/webapps/mo#it]
09-Jul-2021 19:26:49.432 INFO [localhost-startStop-1] org.apache.catalina.startup.HostConfig.deployDirectory Deployment of web application directory [/home/mo/apps/tomcat8/webapps/mo#it] has finished in [18] ms
09-Jul-2021 19:26:49.432 INFO [localhost-startStop-1] org.apache.catalina.startup.HostConfig.deployDirectory Deploying web application directory [/home/mo/apps/tomcat8/webapps/ROOT]
09-Jul-2021 19:26:49.481 INFO [localhost-startStop-1] org.apache.jasper.servlet.TldScanner.scanJars At least one JAR was scanned for TLDs yet contained no TLDs. Enable debug logging for this logger for a complete list of JARs that were scanned but no TLDs were found in them. Skipping unneeded JARs during scanning can improve startup time and JSP compilation time.
09-Jul-2021 19:26:49.511 INFO [localhost-startStop-1] org.apache.catalina.startup.HostConfig.deployDirectory Deployment of web application directory [/home/mo/apps/tomcat8/webapps/ROOT] has finished in [79] ms
09-Jul-2021 19:26:49.515 INFO [main] org.apache.coyote.AbstractProtocol.start Starting ProtocolHandler ["http-nio-8081"]
09-Jul-2021 19:26:49.531 INFO [main] org.apache.catalina.startup.Catalina.start Server startup in 794 ms
09-Jul-2021 19:35:26.311 INFO [main] org.apache.catalina.core.StandardServer.await A valid shutdown command was received via the shutdown port. Stopping the Server instance.
09-Jul-2021 19:35:26.312 INFO [main] org.apache.coyote.AbstractProtocol.pause Pausing ProtocolHandler ["http-nio-8081"]
09-Jul-2021 19:35:26.321 INFO [main] org.apache.catalina.core.StandardService.stopInternal Stopping service [Catalina]
09-Jul-2021 19:35:26.347 INFO [main] org.apache.coyote.AbstractProtocol.stop Stopping ProtocolHandler ["http-nio-8081"]
09-Jul-2021 19:35:26.353 INFO [main] org.apache.coyote.AbstractProtocol.destroy Destroying ProtocolHandler ["http-nio-8081"]
09-Jul-2021 19:35:30.251 INFO [main] org.apache.catalina.startup.VersionLoggerListener.log Server version name:   Apache Tomcat/8.5.68
09-Jul-2021 19:35:30.253 INFO [main] org.apache.catalina.startup.VersionLoggerListener.log Server built:          Jun 11 2021 13:32:01 UTC
09-Jul-2021 19:35:30.253 INFO [main] org.apache.catalina.startup.VersionLoggerListener.log Server version number: 8.5.68.0
09-Jul-2021 19:35:30.253 INFO [main] org.apache.catalina.startup.VersionLoggerListener.log OS Name:               Linux
09-Jul-2021 19:35:30.253 INFO [main] org.apache.catalina.startup.VersionLoggerListener.log OS Version:            5.11.20-300.fc34.x86_64
09-Jul-2021 19:35:30.253 INFO [main] org.apache.catalina.startup.VersionLoggerListener.log Architecture:          amd64
09-Jul-2021 19:35:30.253 INFO [main] org.apache.catalina.startup.VersionLoggerListener.log Java Home:             /home/mo/.sdkman/candidates/java/8.0.282.hs-adpt/jre
09-Jul-2021 19:35:30.253 INFO [main] org.apache.catalina.startup.VersionLoggerListener.log JVM Version:           1.8.0_282-b08
09-Jul-2021 19:35:30.253 INFO [main] org.apache.catalina.startup.VersionLoggerListener.log JVM Vendor:            AdoptOpenJDK
09-Jul-2021 19:35:30.254 INFO [main] org.apache.catalina.startup.VersionLoggerListener.log CATALINA_BASE:         /home/mo/apps/tomcat8
09-Jul-2021 19:35:30.254 INFO [main] org.apache.catalina.startup.VersionLoggerListener.log CATALINA_HOME:         /home/mo/apps/tomcat8
09-Jul-2021 19:35:30.254 INFO [main] org.apache.catalina.startup.VersionLoggerListener.log Command line argument: -Djava.util.logging.config.file=/home/mo/apps/tomcat8/conf/logging.properties
09-Jul-2021 19:35:30.254 INFO [main] org.apache.catalina.startup.VersionLoggerListener.log Command line argument: -Djava.util.logging.manager=org.apache.juli.ClassLoaderLogManager
09-Jul-2021 19:35:30.254 INFO [main] org.apache.catalina.startup.VersionLoggerListener.log Command line argument: -Djdk.tls.ephemeralDHKeySize=2048
09-Jul-2021 19:35:30.254 INFO [main] org.apache.catalina.startup.VersionLoggerListener.log Command line argument: -Djava.protocol.handler.pkgs=org.apache.catalina.webresources
09-Jul-2021 19:35:30.255 INFO [main] org.apache.catalina.startup.VersionLoggerListener.log Command line argument: -Dorg.apache.catalina.security.SecurityListener.UMASK=0027
09-Jul-2021 19:35:30.255 INFO [main] org.apache.catalina.startup.VersionLoggerListener.log Command line argument: -Dignore.endorsed.dirs=
09-Jul-2021 19:35:30.255 INFO [main] org.apache.catalina.startup.VersionLoggerListener.log Command line argument: -Dcatalina.base=/home/mo/apps/tomcat8
09-Jul-2021 19:35:30.255 INFO [main] org.apache.catalina.startup.VersionLoggerListener.log Command line argument: -Dcatalina.home=/home/mo/apps/tomcat8
09-Jul-2021 19:35:30.255 INFO [main] org.apache.catalina.startup.VersionLoggerListener.log Command line argument: -Djava.io.tmpdir=/home/mo/apps/tomcat8/temp
09-Jul-2021 19:35:30.255 INFO [main] org.apache.catalina.core.AprLifecycleListener.lifecycleEvent The Apache Tomcat Native library which allows using OpenSSL was not found on the java.library.path: [/usr/java/packages/lib/amd64:/usr/lib64:/lib64:/lib:/usr/lib]
09-Jul-2021 19:35:30.337 INFO [main] org.apache.coyote.AbstractProtocol.init Initializing ProtocolHandler ["http-nio-8081"]
09-Jul-2021 19:35:30.349 INFO [main] org.apache.tomcat.util.net.NioSelectorPool.getSharedSelector Using a shared selector for servlet write/read
09-Jul-2021 19:35:30.367 INFO [main] org.apache.catalina.startup.Catalina.load Initialization processed in 611 ms
09-Jul-2021 19:35:30.391 INFO [main] org.apache.catalina.core.StandardService.startInternal Starting service [Catalina]
09-Jul-2021 19:35:30.391 INFO [main] org.apache.catalina.core.StandardEngine.startInternal Starting Servlet engine: [Apache Tomcat/8.5.68]
09-Jul-2021 19:35:30.401 INFO [localhost-startStop-1] org.apache.catalina.startup.HostConfig.deployDirectory Deploying web application directory [/home/mo/apps/tomcat8/webapps/docs]
09-Jul-2021 19:35:30.645 INFO [localhost-startStop-1] org.apache.catalina.startup.HostConfig.deployDirectory Deployment of web application directory [/home/mo/apps/tomcat8/webapps/docs] has finished in [243] ms
09-Jul-2021 19:35:30.645 INFO [localhost-startStop-1] org.apache.catalina.startup.HostConfig.deployDirectory Deploying web application directory [/home/mo/apps/tomcat8/webapps/examples]
09-Jul-2021 19:35:30.929 INFO [localhost-startStop-1] org.apache.catalina.startup.HostConfig.deployDirectory Deployment of web application directory [/home/mo/apps/tomcat8/webapps/examples] has finished in [284] ms
09-Jul-2021 19:35:30.930 INFO [localhost-startStop-1] org.apache.catalina.startup.HostConfig.deployDirectory Deploying web application directory [/home/mo/apps/tomcat8/webapps/host-manager]
09-Jul-2021 19:35:30.960 INFO [localhost-startStop-1] org.apache.catalina.startup.HostConfig.deployDirectory Deployment of web application directory [/home/mo/apps/tomcat8/webapps/host-manager] has finished in [30] ms
09-Jul-2021 19:35:30.961 INFO [localhost-startStop-1] org.apache.catalina.startup.HostConfig.deployDirectory Deploying web application directory [/home/mo/apps/tomcat8/webapps/manager]
09-Jul-2021 19:35:30.994 INFO [localhost-startStop-1] org.apache.catalina.startup.HostConfig.deployDirectory Deployment of web application directory [/home/mo/apps/tomcat8/webapps/manager] has finished in [33] ms
09-Jul-2021 19:35:30.995 INFO [localhost-startStop-1] org.apache.catalina.startup.HostConfig.deployDirectory Deploying web application directory [/home/mo/apps/tomcat8/webapps/mo#it]
09-Jul-2021 19:35:31.025 INFO [localhost-startStop-1] org.apache.catalina.startup.HostConfig.deployDirectory Deployment of web application directory [/home/mo/apps/tomcat8/webapps/mo#it] has finished in [30] ms
09-Jul-2021 19:35:31.026 INFO [localhost-startStop-1] org.apache.catalina.startup.HostConfig.deployDirectory Deploying web application directory [/home/mo/apps/tomcat8/webapps/ROOT]
09-Jul-2021 19:35:31.090 INFO [localhost-startStop-1] org.apache.jasper.servlet.TldScanner.scanJars At least one JAR was scanned for TLDs yet contained no TLDs. Enable debug logging for this logger for a complete list of JARs that were scanned but no TLDs were found in them. Skipping unneeded JARs during scanning can improve startup time and JSP compilation time.
09-Jul-2021 19:35:31.123 INFO [localhost-startStop-1] org.apache.catalina.startup.HostConfig.deployDirectory Deployment of web application directory [/home/mo/apps/tomcat8/webapps/ROOT] has finished in [97] ms
09-Jul-2021 19:35:31.125 INFO [main] org.apache.coyote.AbstractProtocol.start Starting ProtocolHandler ["http-nio-8081"]
09-Jul-2021 19:35:31.134 INFO [main] org.apache.catalina.startup.Catalina.start Server startup in 766 ms
