09-Jul-2021 18:53:13.587 INFO [localhost-startStop-1] org.apache.catalina.core.ApplicationContext.log ContextListener: contextInitialized()
09-Jul-2021 18:53:13.587 INFO [localhost-startStop-1] org.apache.catalina.core.ApplicationContext.log SessionListener: contextInitialized()
09-Jul-2021 18:53:13.588 INFO [localhost-startStop-1] org.apache.catalina.core.ApplicationContext.log ContextListener: attributeAdded('StockTicker', 'async.Stockticker@4a78bdcb')
09-Jul-2021 18:53:13.666 INFO [localhost-startStop-1] org.apache.catalina.core.ApplicationContext.log SessionListener: contextDestroyed()
09-Jul-2021 18:53:13.666 INFO [localhost-startStop-1] org.apache.catalina.core.ApplicationContext.log ContextListener: contextDestroyed()
09-Jul-2021 18:54:51.746 INFO [ContainerBackgroundProcessor[StandardEngine[Catalina]]] org.apache.catalina.core.ApplicationContext.log org.tuckey.web.filters.urlrewrite.utils.Log DEBUG: logLevel set to DEBUG
09-Jul-2021 18:54:51.747 INFO [ContainerBackgroundProcessor[StandardEngine[Catalina]]] org.apache.catalina.core.ApplicationContext.log org.tuckey.web.filters.urlrewrite.UrlRewriteFilter DEBUG: confPath set to /WEB-INF/urlrewrite.xml
09-Jul-2021 18:54:51.756 INFO [ContainerBackgroundProcessor[StandardEngine[Catalina]]] org.apache.catalina.core.ApplicationContext.log org.tuckey.web.filters.urlrewrite.Conf DEBUG: XML builder factory is: com.sun.org.apache.xerces.internal.jaxp.DocumentBuilderFactoryImpl
09-Jul-2021 18:54:51.756 INFO [ContainerBackgroundProcessor[StandardEngine[Catalina]]] org.apache.catalina.core.ApplicationContext.log org.tuckey.web.filters.urlrewrite.Conf DEBUG: XML Parser: com.sun.org.apache.xerces.internal.jaxp.DocumentBuilderImpl
09-Jul-2021 18:54:51.757 INFO [ContainerBackgroundProcessor[StandardEngine[Catalina]]] org.apache.catalina.core.ApplicationContext.log org.tuckey.web.filters.urlrewrite.Conf DEBUG: about to parse conf
09-Jul-2021 18:54:51.759 INFO [ContainerBackgroundProcessor[StandardEngine[Catalina]]] org.apache.catalina.core.ApplicationContext.log org.tuckey.web.filters.urlrewrite.ConfHandler DEBUG: error: Document is invalid: no grammar found.
09-Jul-2021 18:54:51.759 INFO [ContainerBackgroundProcessor[StandardEngine[Catalina]]] org.apache.catalina.core.ApplicationContext.log org.tuckey.web.filters.urlrewrite.ConfHandler DEBUG: error: Document root element "urlrewrite", must match DOCTYPE root "null".
09-Jul-2021 18:54:51.764 INFO [ContainerBackgroundProcessor[StandardEngine[Catalina]]] org.apache.catalina.core.ApplicationContext.log org.tuckey.web.filters.urlrewrite.Conf DEBUG: now initialising conf
09-Jul-2021 18:54:51.768 INFO [ContainerBackgroundProcessor[StandardEngine[Catalina]]] org.apache.catalina.core.ApplicationContext.log org.tuckey.web.filters.urlrewrite.RuleBase DEBUG: loaded rule Rule 0 (/nsl/services/(.*)$, /nsl/services/$1 1)
09-Jul-2021 18:54:51.769 INFO [ContainerBackgroundProcessor[StandardEngine[Catalina]]] org.apache.catalina.core.ApplicationContext.log org.tuckey.web.filters.urlrewrite.NormalRule DEBUG: loaded rule Rule 0 (/nsl/services/(.*)$, /nsl/services/$1 1)
09-Jul-2021 18:54:51.769 INFO [ContainerBackgroundProcessor[StandardEngine[Catalina]]] org.apache.catalina.core.ApplicationContext.log org.tuckey.web.filters.urlrewrite.RuleBase DEBUG: loaded rule Rule 1 (/nsl/editor/(.*)$, /nsl/editor/$1 1)
09-Jul-2021 18:54:51.769 INFO [ContainerBackgroundProcessor[StandardEngine[Catalina]]] org.apache.catalina.core.ApplicationContext.log org.tuckey.web.filters.urlrewrite.NormalRule DEBUG: loaded rule Rule 1 (/nsl/editor/(.*)$, /nsl/editor/$1 1)
09-Jul-2021 18:54:51.769 INFO [ContainerBackgroundProcessor[StandardEngine[Catalina]]] org.apache.catalina.core.ApplicationContext.log org.tuckey.web.filters.urlrewrite.RuleBase DEBUG: loaded rule Rule 2 (/instance/(.*)$, %{context-path}/nsl/mapper/broker/instance/$1 0)
09-Jul-2021 18:54:51.769 INFO [ContainerBackgroundProcessor[StandardEngine[Catalina]]] org.apache.catalina.core.ApplicationContext.log org.tuckey.web.filters.urlrewrite.NormalRule DEBUG: loaded rule Rule 2 (/instance/(.*)$, %{context-path}/nsl/mapper/broker/instance/$1 0)
09-Jul-2021 18:54:51.769 INFO [ContainerBackgroundProcessor[StandardEngine[Catalina]]] org.apache.catalina.core.ApplicationContext.log org.tuckey.web.filters.urlrewrite.RuleBase DEBUG: loaded rule Rule 3 (/apni.name/(.*)$, %{context-path}/nsl/mapper/broker/apni.name/$1 0)
09-Jul-2021 18:54:51.769 INFO [ContainerBackgroundProcessor[StandardEngine[Catalina]]] org.apache.catalina.core.ApplicationContext.log org.tuckey.web.filters.urlrewrite.NormalRule DEBUG: loaded rule Rule 3 (/apni.name/(.*)$, %{context-path}/nsl/mapper/broker/apni.name/$1 0)
09-Jul-2021 18:54:51.769 INFO [ContainerBackgroundProcessor[StandardEngine[Catalina]]] org.apache.catalina.core.ApplicationContext.log org.tuckey.web.filters.urlrewrite.RuleBase DEBUG: loaded rule Rule 4 (/apni.publication/(.*)$, %{context-path}/nsl/mapper/broker/apni.publication/$1 0)
09-Jul-2021 18:54:51.769 INFO [ContainerBackgroundProcessor[StandardEngine[Catalina]]] org.apache.catalina.core.ApplicationContext.log org.tuckey.web.filters.urlrewrite.NormalRule DEBUG: loaded rule Rule 4 (/apni.publication/(.*)$, %{context-path}/nsl/mapper/broker/apni.publication/$1 0)
09-Jul-2021 18:54:51.770 INFO [ContainerBackgroundProcessor[StandardEngine[Catalina]]] org.apache.catalina.core.ApplicationContext.log org.tuckey.web.filters.urlrewrite.RuleBase DEBUG: loaded rule Rule 5 (/apni.reference/(.*)$, %{context-path}/nsl/mapper/broker/apni.reference/$1 0)
09-Jul-2021 18:54:51.770 INFO [ContainerBackgroundProcessor[StandardEngine[Catalina]]] org.apache.catalina.core.ApplicationContext.log org.tuckey.web.filters.urlrewrite.NormalRule DEBUG: loaded rule Rule 5 (/apni.reference/(.*)$, %{context-path}/nsl/mapper/broker/apni.reference/$1 0)
09-Jul-2021 18:54:51.770 INFO [ContainerBackgroundProcessor[StandardEngine[Catalina]]] org.apache.catalina.core.ApplicationContext.log org.tuckey.web.filters.urlrewrite.RuleBase DEBUG: loaded rule Rule 6 (/apni.taxon/(.*)$, %{context-path}/nsl/mapper/broker/apni.taxon/$1 0)
09-Jul-2021 18:54:51.770 INFO [ContainerBackgroundProcessor[StandardEngine[Catalina]]] org.apache.catalina.core.ApplicationContext.log org.tuckey.web.filters.urlrewrite.NormalRule DEBUG: loaded rule Rule 6 (/apni.taxon/(.*)$, %{context-path}/nsl/mapper/broker/apni.taxon/$1 0)
09-Jul-2021 18:54:51.770 INFO [ContainerBackgroundProcessor[StandardEngine[Catalina]]] org.apache.catalina.core.ApplicationContext.log org.tuckey.web.filters.urlrewrite.RuleBase DEBUG: loaded rule Rule 7 (/author/(.*)$, %{context-path}/nsl/mapper/broker/author/$1 0)
09-Jul-2021 18:54:51.770 INFO [ContainerBackgroundProcessor[StandardEngine[Catalina]]] org.apache.catalina.core.ApplicationContext.log org.tuckey.web.filters.urlrewrite.NormalRule DEBUG: loaded rule Rule 7 (/author/(.*)$, %{context-path}/nsl/mapper/broker/author/$1 0)
09-Jul-2021 18:54:51.770 INFO [ContainerBackgroundProcessor[StandardEngine[Catalina]]] org.apache.catalina.core.ApplicationContext.log org.tuckey.web.filters.urlrewrite.RuleBase DEBUG: loaded rule Rule 8 (/cgi-bin/(.*)$, %{context-path}/nsl/mapper/broker/cgi-bin/$1 0)
09-Jul-2021 18:54:51.770 INFO [ContainerBackgroundProcessor[StandardEngine[Catalina]]] org.apache.catalina.core.ApplicationContext.log org.tuckey.web.filters.urlrewrite.NormalRule DEBUG: loaded rule Rule 8 (/cgi-bin/(.*)$, %{context-path}/nsl/mapper/broker/cgi-bin/$1 0)
09-Jul-2021 18:54:51.770 INFO [ContainerBackgroundProcessor[StandardEngine[Catalina]]] org.apache.catalina.core.ApplicationContext.log org.tuckey.web.filters.urlrewrite.RuleBase DEBUG: loaded rule Rule 9 (/event/(.*)$, %{context-path}/nsl/mapper/broker/event/$1 0)
09-Jul-2021 18:54:51.770 INFO [ContainerBackgroundProcessor[StandardEngine[Catalina]]] org.apache.catalina.core.ApplicationContext.log org.tuckey.web.filters.urlrewrite.NormalRule DEBUG: loaded rule Rule 9 (/event/(.*)$, %{context-path}/nsl/mapper/broker/event/$1 0)
09-Jul-2021 18:54:51.770 INFO [ContainerBackgroundProcessor[StandardEngine[Catalina]]] org.apache.catalina.core.ApplicationContext.log org.tuckey.web.filters.urlrewrite.RuleBase DEBUG: loaded rule Rule 10 (/foa/(.*)$, %{context-path}/nsl/mapper/broker/foa/$1 0)
09-Jul-2021 18:54:51.770 INFO [ContainerBackgroundProcessor[StandardEngine[Catalina]]] org.apache.catalina.core.ApplicationContext.log org.tuckey.web.filters.urlrewrite.NormalRule DEBUG: loaded rule Rule 10 (/foa/(.*)$, %{context-path}/nsl/mapper/broker/foa/$1 0)
09-Jul-2021 18:54:51.771 INFO [ContainerBackgroundProcessor[StandardEngine[Catalina]]] org.apache.catalina.core.ApplicationContext.log org.tuckey.web.filters.urlrewrite.RuleBase DEBUG: loaded rule Rule 11 (/instanceNote/(.*)$, %{context-path}/nsl/mapper/broker/instanceNote/$1 0)
09-Jul-2021 18:54:51.771 INFO [ContainerBackgroundProcessor[StandardEngine[Catalina]]] org.apache.catalina.core.ApplicationContext.log org.tuckey.web.filters.urlrewrite.NormalRule DEBUG: loaded rule Rule 11 (/instanceNote/(.*)$, %{context-path}/nsl/mapper/broker/instanceNote/$1 0)
09-Jul-2021 18:54:51.771 INFO [ContainerBackgroundProcessor[StandardEngine[Catalina]]] org.apache.catalina.core.ApplicationContext.log org.tuckey.web.filters.urlrewrite.RuleBase DEBUG: loaded rule Rule 12 (/name/(.*)$, %{context-path}/nsl/mapper/broker/name/$1 0)
09-Jul-2021 18:54:51.771 INFO [ContainerBackgroundProcessor[StandardEngine[Catalina]]] org.apache.catalina.core.ApplicationContext.log org.tuckey.web.filters.urlrewrite.NormalRule DEBUG: loaded rule Rule 12 (/name/(.*)$, %{context-path}/nsl/mapper/broker/name/$1 0)
09-Jul-2021 18:54:51.771 INFO [ContainerBackgroundProcessor[StandardEngine[Catalina]]] org.apache.catalina.core.ApplicationContext.log org.tuckey.web.filters.urlrewrite.RuleBase DEBUG: loaded rule Rule 13 (/node/(.*)$, %{context-path}/nsl/mapper/broker/node/$1 0)
09-Jul-2021 18:54:51.771 INFO [ContainerBackgroundProcessor[StandardEngine[Catalina]]] org.apache.catalina.core.ApplicationContext.log org.tuckey.web.filters.urlrewrite.NormalRule DEBUG: loaded rule Rule 13 (/node/(.*)$, %{context-path}/nsl/mapper/broker/node/$1 0)
09-Jul-2021 18:54:51.771 INFO [ContainerBackgroundProcessor[StandardEngine[Catalina]]] org.apache.catalina.core.ApplicationContext.log org.tuckey.web.filters.urlrewrite.RuleBase DEBUG: loaded rule Rule 14 (/reference/(.*)$, %{context-path}/nsl/mapper/broker/reference/$1 0)
09-Jul-2021 18:54:51.771 INFO [ContainerBackgroundProcessor[StandardEngine[Catalina]]] org.apache.catalina.core.ApplicationContext.log org.tuckey.web.filters.urlrewrite.NormalRule DEBUG: loaded rule Rule 14 (/reference/(.*)$, %{context-path}/nsl/mapper/broker/reference/$1 0)
09-Jul-2021 18:54:51.771 INFO [ContainerBackgroundProcessor[StandardEngine[Catalina]]] org.apache.catalina.core.ApplicationContext.log org.tuckey.web.filters.urlrewrite.RuleBase DEBUG: loaded rule Rule 15 (/summary/(.*)$, %{context-path}/nsl/mapper/broker/summary/$1 0)
09-Jul-2021 18:54:51.772 INFO [ContainerBackgroundProcessor[StandardEngine[Catalina]]] org.apache.catalina.core.ApplicationContext.log org.tuckey.web.filters.urlrewrite.NormalRule DEBUG: loaded rule Rule 15 (/summary/(.*)$, %{context-path}/nsl/mapper/broker/summary/$1 0)
09-Jul-2021 18:54:51.772 INFO [ContainerBackgroundProcessor[StandardEngine[Catalina]]] org.apache.catalina.core.ApplicationContext.log org.tuckey.web.filters.urlrewrite.RuleBase DEBUG: loaded rule Rule 16 (/taxon/(.*)$, %{context-path}/nsl/mapper/broker/taxon/$1 0)
09-Jul-2021 18:54:51.772 INFO [ContainerBackgroundProcessor[StandardEngine[Catalina]]] org.apache.catalina.core.ApplicationContext.log org.tuckey.web.filters.urlrewrite.NormalRule DEBUG: loaded rule Rule 16 (/taxon/(.*)$, %{context-path}/nsl/mapper/broker/taxon/$1 0)
09-Jul-2021 18:54:51.772 INFO [ContainerBackgroundProcessor[StandardEngine[Catalina]]] org.apache.catalina.core.ApplicationContext.log org.tuckey.web.filters.urlrewrite.RuleBase DEBUG: loaded rule Rule 17 (/tree/(.*)$, %{context-path}/nsl/mapper/broker/tree/$1 0)
09-Jul-2021 18:54:51.772 INFO [ContainerBackgroundProcessor[StandardEngine[Catalina]]] org.apache.catalina.core.ApplicationContext.log org.tuckey.web.filters.urlrewrite.NormalRule DEBUG: loaded rule Rule 17 (/tree/(.*)$, %{context-path}/nsl/mapper/broker/tree/$1 0)
09-Jul-2021 18:54:51.772 INFO [ContainerBackgroundProcessor[StandardEngine[Catalina]]] org.apache.catalina.core.ApplicationContext.log org.tuckey.web.filters.urlrewrite.Conf DEBUG: conf status true
09-Jul-2021 18:54:51.772 INFO [ContainerBackgroundProcessor[StandardEngine[Catalina]]] org.apache.catalina.core.ApplicationContext.log org.tuckey.web.filters.urlrewrite.UrlRewriteFilter DEBUG: inited with 18 rules
09-Jul-2021 18:54:51.772 INFO [ContainerBackgroundProcessor[StandardEngine[Catalina]]] org.apache.catalina.core.ApplicationContext.log org.tuckey.web.filters.urlrewrite.UrlRewriteFilter DEBUG: conf is ok
09-Jul-2021 18:54:51.774 INFO [ContainerBackgroundProcessor[StandardEngine[Catalina]]] org.apache.catalina.core.ApplicationContext.log org.tuckey.web.filters.urlrewrite.UrlRewriteFilter INFO: loaded (conf ok)
09-Jul-2021 18:55:20.160 INFO [localhost-startStop-3] org.apache.catalina.core.ApplicationContext.log org.tuckey.web.filters.urlrewrite.UrlRewriteFilter INFO: destroy called
09-Jul-2021 18:55:20.163 INFO [localhost-startStop-3] org.apache.catalina.core.ApplicationContext.log SessionListener: contextDestroyed()
09-Jul-2021 18:55:20.164 INFO [localhost-startStop-3] org.apache.catalina.core.ApplicationContext.log ContextListener: contextDestroyed()
09-Jul-2021 18:55:25.512 INFO [localhost-startStop-1] org.apache.catalina.core.ApplicationContext.log org.tuckey.web.filters.urlrewrite.utils.Log DEBUG: logLevel set to DEBUG
09-Jul-2021 18:55:25.513 INFO [localhost-startStop-1] org.apache.catalina.core.ApplicationContext.log org.tuckey.web.filters.urlrewrite.UrlRewriteFilter DEBUG: confPath set to /WEB-INF/urlrewrite.xml
09-Jul-2021 18:55:25.519 INFO [localhost-startStop-1] org.apache.catalina.core.ApplicationContext.log org.tuckey.web.filters.urlrewrite.Conf DEBUG: XML builder factory is: com.sun.org.apache.xerces.internal.jaxp.DocumentBuilderFactoryImpl
09-Jul-2021 18:55:25.520 INFO [localhost-startStop-1] org.apache.catalina.core.ApplicationContext.log org.tuckey.web.filters.urlrewrite.Conf DEBUG: XML Parser: com.sun.org.apache.xerces.internal.jaxp.DocumentBuilderImpl
09-Jul-2021 18:55:25.520 INFO [localhost-startStop-1] org.apache.catalina.core.ApplicationContext.log org.tuckey.web.filters.urlrewrite.Conf DEBUG: about to parse conf
09-Jul-2021 18:55:25.524 INFO [localhost-startStop-1] org.apache.catalina.core.ApplicationContext.log org.tuckey.web.filters.urlrewrite.ConfHandler DEBUG: error: Document is invalid: no grammar found.
09-Jul-2021 18:55:25.525 INFO [localhost-startStop-1] org.apache.catalina.core.ApplicationContext.log org.tuckey.web.filters.urlrewrite.ConfHandler DEBUG: error: Document root element "urlrewrite", must match DOCTYPE root "null".
09-Jul-2021 18:55:25.532 INFO [localhost-startStop-1] org.apache.catalina.core.ApplicationContext.log org.tuckey.web.filters.urlrewrite.Conf DEBUG: now initialising conf
09-Jul-2021 18:55:25.535 INFO [localhost-startStop-1] org.apache.catalina.core.ApplicationContext.log org.tuckey.web.filters.urlrewrite.RuleBase DEBUG: loaded rule Rule 0 (/nsl/services/(.*)$, /nsl/services/$1 1)
09-Jul-2021 18:55:25.535 INFO [localhost-startStop-1] org.apache.catalina.core.ApplicationContext.log org.tuckey.web.filters.urlrewrite.NormalRule DEBUG: loaded rule Rule 0 (/nsl/services/(.*)$, /nsl/services/$1 1)
09-Jul-2021 18:55:25.536 INFO [localhost-startStop-1] org.apache.catalina.core.ApplicationContext.log org.tuckey.web.filters.urlrewrite.RuleBase DEBUG: loaded rule Rule 1 (/nsl/editor/(.*)$, /nsl/editor/$1 1)
09-Jul-2021 18:55:25.536 INFO [localhost-startStop-1] org.apache.catalina.core.ApplicationContext.log org.tuckey.web.filters.urlrewrite.NormalRule DEBUG: loaded rule Rule 1 (/nsl/editor/(.*)$, /nsl/editor/$1 1)
09-Jul-2021 18:55:25.536 INFO [localhost-startStop-1] org.apache.catalina.core.ApplicationContext.log org.tuckey.web.filters.urlrewrite.RuleBase DEBUG: loaded rule Rule 2 (/instance/(.*)$, %{context-path}/nsl/mapper/broker/instance/$1 0)
09-Jul-2021 18:55:25.536 INFO [localhost-startStop-1] org.apache.catalina.core.ApplicationContext.log org.tuckey.web.filters.urlrewrite.NormalRule DEBUG: loaded rule Rule 2 (/instance/(.*)$, %{context-path}/nsl/mapper/broker/instance/$1 0)
09-Jul-2021 18:55:25.536 INFO [localhost-startStop-1] org.apache.catalina.core.ApplicationContext.log org.tuckey.web.filters.urlrewrite.RuleBase DEBUG: loaded rule Rule 3 (/apni.name/(.*)$, %{context-path}/nsl/mapper/broker/apni.name/$1 0)
09-Jul-2021 18:55:25.536 INFO [localhost-startStop-1] org.apache.catalina.core.ApplicationContext.log org.tuckey.web.filters.urlrewrite.NormalRule DEBUG: loaded rule Rule 3 (/apni.name/(.*)$, %{context-path}/nsl/mapper/broker/apni.name/$1 0)
09-Jul-2021 18:55:25.536 INFO [localhost-startStop-1] org.apache.catalina.core.ApplicationContext.log org.tuckey.web.filters.urlrewrite.RuleBase DEBUG: loaded rule Rule 4 (/apni.publication/(.*)$, %{context-path}/nsl/mapper/broker/apni.publication/$1 0)
09-Jul-2021 18:55:25.536 INFO [localhost-startStop-1] org.apache.catalina.core.ApplicationContext.log org.tuckey.web.filters.urlrewrite.NormalRule DEBUG: loaded rule Rule 4 (/apni.publication/(.*)$, %{context-path}/nsl/mapper/broker/apni.publication/$1 0)
09-Jul-2021 18:55:25.537 INFO [localhost-startStop-1] org.apache.catalina.core.ApplicationContext.log org.tuckey.web.filters.urlrewrite.RuleBase DEBUG: loaded rule Rule 5 (/apni.reference/(.*)$, %{context-path}/nsl/mapper/broker/apni.reference/$1 0)
09-Jul-2021 18:55:25.537 INFO [localhost-startStop-1] org.apache.catalina.core.ApplicationContext.log org.tuckey.web.filters.urlrewrite.NormalRule DEBUG: loaded rule Rule 5 (/apni.reference/(.*)$, %{context-path}/nsl/mapper/broker/apni.reference/$1 0)
09-Jul-2021 18:55:25.537 INFO [localhost-startStop-1] org.apache.catalina.core.ApplicationContext.log org.tuckey.web.filters.urlrewrite.RuleBase DEBUG: loaded rule Rule 6 (/apni.taxon/(.*)$, %{context-path}/nsl/mapper/broker/apni.taxon/$1 0)
09-Jul-2021 18:55:25.537 INFO [localhost-startStop-1] org.apache.catalina.core.ApplicationContext.log org.tuckey.web.filters.urlrewrite.NormalRule DEBUG: loaded rule Rule 6 (/apni.taxon/(.*)$, %{context-path}/nsl/mapper/broker/apni.taxon/$1 0)
09-Jul-2021 18:55:25.537 INFO [localhost-startStop-1] org.apache.catalina.core.ApplicationContext.log org.tuckey.web.filters.urlrewrite.RuleBase DEBUG: loaded rule Rule 7 (/author/(.*)$, %{context-path}/nsl/mapper/broker/author/$1 0)
09-Jul-2021 18:55:25.537 INFO [localhost-startStop-1] org.apache.catalina.core.ApplicationContext.log org.tuckey.web.filters.urlrewrite.NormalRule DEBUG: loaded rule Rule 7 (/author/(.*)$, %{context-path}/nsl/mapper/broker/author/$1 0)
09-Jul-2021 18:55:25.537 INFO [localhost-startStop-1] org.apache.catalina.core.ApplicationContext.log org.tuckey.web.filters.urlrewrite.RuleBase DEBUG: loaded rule Rule 8 (/cgi-bin/(.*)$, %{context-path}/nsl/mapper/broker/cgi-bin/$1 0)
09-Jul-2021 18:55:25.537 INFO [localhost-startStop-1] org.apache.catalina.core.ApplicationContext.log org.tuckey.web.filters.urlrewrite.NormalRule DEBUG: loaded rule Rule 8 (/cgi-bin/(.*)$, %{context-path}/nsl/mapper/broker/cgi-bin/$1 0)
09-Jul-2021 18:55:25.537 INFO [localhost-startStop-1] org.apache.catalina.core.ApplicationContext.log org.tuckey.web.filters.urlrewrite.RuleBase DEBUG: loaded rule Rule 9 (/event/(.*)$, %{context-path}/nsl/mapper/broker/event/$1 0)
09-Jul-2021 18:55:25.537 INFO [localhost-startStop-1] org.apache.catalina.core.ApplicationContext.log org.tuckey.web.filters.urlrewrite.NormalRule DEBUG: loaded rule Rule 9 (/event/(.*)$, %{context-path}/nsl/mapper/broker/event/$1 0)
09-Jul-2021 18:55:25.537 INFO [localhost-startStop-1] org.apache.catalina.core.ApplicationContext.log org.tuckey.web.filters.urlrewrite.RuleBase DEBUG: loaded rule Rule 10 (/foa/(.*)$, %{context-path}/nsl/mapper/broker/foa/$1 0)
09-Jul-2021 18:55:25.538 INFO [localhost-startStop-1] org.apache.catalina.core.ApplicationContext.log org.tuckey.web.filters.urlrewrite.NormalRule DEBUG: loaded rule Rule 10 (/foa/(.*)$, %{context-path}/nsl/mapper/broker/foa/$1 0)
09-Jul-2021 18:55:25.538 INFO [localhost-startStop-1] org.apache.catalina.core.ApplicationContext.log org.tuckey.web.filters.urlrewrite.RuleBase DEBUG: loaded rule Rule 11 (/instanceNote/(.*)$, %{context-path}/nsl/mapper/broker/instanceNote/$1 0)
09-Jul-2021 18:55:25.538 INFO [localhost-startStop-1] org.apache.catalina.core.ApplicationContext.log org.tuckey.web.filters.urlrewrite.NormalRule DEBUG: loaded rule Rule 11 (/instanceNote/(.*)$, %{context-path}/nsl/mapper/broker/instanceNote/$1 0)
09-Jul-2021 18:55:25.538 INFO [localhost-startStop-1] org.apache.catalina.core.ApplicationContext.log org.tuckey.web.filters.urlrewrite.RuleBase DEBUG: loaded rule Rule 12 (/name/(.*)$, %{context-path}/nsl/mapper/broker/name/$1 0)
09-Jul-2021 18:55:25.538 INFO [localhost-startStop-1] org.apache.catalina.core.ApplicationContext.log org.tuckey.web.filters.urlrewrite.NormalRule DEBUG: loaded rule Rule 12 (/name/(.*)$, %{context-path}/nsl/mapper/broker/name/$1 0)
09-Jul-2021 18:55:25.538 INFO [localhost-startStop-1] org.apache.catalina.core.ApplicationContext.log org.tuckey.web.filters.urlrewrite.RuleBase DEBUG: loaded rule Rule 13 (/node/(.*)$, %{context-path}/nsl/mapper/broker/node/$1 0)
09-Jul-2021 18:55:25.538 INFO [localhost-startStop-1] org.apache.catalina.core.ApplicationContext.log org.tuckey.web.filters.urlrewrite.NormalRule DEBUG: loaded rule Rule 13 (/node/(.*)$, %{context-path}/nsl/mapper/broker/node/$1 0)
09-Jul-2021 18:55:25.538 INFO [localhost-startStop-1] org.apache.catalina.core.ApplicationContext.log org.tuckey.web.filters.urlrewrite.RuleBase DEBUG: loaded rule Rule 14 (/reference/(.*)$, %{context-path}/nsl/mapper/broker/reference/$1 0)
09-Jul-2021 18:55:25.538 INFO [localhost-startStop-1] org.apache.catalina.core.ApplicationContext.log org.tuckey.web.filters.urlrewrite.NormalRule DEBUG: loaded rule Rule 14 (/reference/(.*)$, %{context-path}/nsl/mapper/broker/reference/$1 0)
09-Jul-2021 18:55:25.539 INFO [localhost-startStop-1] org.apache.catalina.core.ApplicationContext.log org.tuckey.web.filters.urlrewrite.RuleBase DEBUG: loaded rule Rule 15 (/summary/(.*)$, %{context-path}/nsl/mapper/broker/summary/$1 0)
09-Jul-2021 18:55:25.539 INFO [localhost-startStop-1] org.apache.catalina.core.ApplicationContext.log org.tuckey.web.filters.urlrewrite.NormalRule DEBUG: loaded rule Rule 15 (/summary/(.*)$, %{context-path}/nsl/mapper/broker/summary/$1 0)
09-Jul-2021 18:55:25.539 INFO [localhost-startStop-1] org.apache.catalina.core.ApplicationContext.log org.tuckey.web.filters.urlrewrite.RuleBase DEBUG: loaded rule Rule 16 (/taxon/(.*)$, %{context-path}/nsl/mapper/broker/taxon/$1 0)
09-Jul-2021 18:55:25.539 INFO [localhost-startStop-1] org.apache.catalina.core.ApplicationContext.log org.tuckey.web.filters.urlrewrite.NormalRule DEBUG: loaded rule Rule 16 (/taxon/(.*)$, %{context-path}/nsl/mapper/broker/taxon/$1 0)
09-Jul-2021 18:55:25.539 INFO [localhost-startStop-1] org.apache.catalina.core.ApplicationContext.log org.tuckey.web.filters.urlrewrite.RuleBase DEBUG: loaded rule Rule 17 (/tree/(.*)$, %{context-path}/nsl/mapper/broker/tree/$1 0)
09-Jul-2021 18:55:25.539 INFO [localhost-startStop-1] org.apache.catalina.core.ApplicationContext.log org.tuckey.web.filters.urlrewrite.NormalRule DEBUG: loaded rule Rule 17 (/tree/(.*)$, %{context-path}/nsl/mapper/broker/tree/$1 0)
09-Jul-2021 18:55:25.539 INFO [localhost-startStop-1] org.apache.catalina.core.ApplicationContext.log org.tuckey.web.filters.urlrewrite.Conf DEBUG: conf status true
09-Jul-2021 18:55:25.539 INFO [localhost-startStop-1] org.apache.catalina.core.ApplicationContext.log org.tuckey.web.filters.urlrewrite.UrlRewriteFilter DEBUG: inited with 18 rules
09-Jul-2021 18:55:25.539 INFO [localhost-startStop-1] org.apache.catalina.core.ApplicationContext.log org.tuckey.web.filters.urlrewrite.UrlRewriteFilter DEBUG: conf is ok
09-Jul-2021 18:55:25.540 INFO [localhost-startStop-1] org.apache.catalina.core.ApplicationContext.log org.tuckey.web.filters.urlrewrite.UrlRewriteFilter INFO: loaded (conf ok)
09-Jul-2021 18:55:25.783 INFO [localhost-startStop-1] org.apache.catalina.core.ApplicationContext.log ContextListener: contextInitialized()
09-Jul-2021 18:55:25.783 INFO [localhost-startStop-1] org.apache.catalina.core.ApplicationContext.log SessionListener: contextInitialized()
09-Jul-2021 18:55:25.784 INFO [localhost-startStop-1] org.apache.catalina.core.ApplicationContext.log ContextListener: attributeAdded('StockTicker', 'async.Stockticker@78cc4c19')
09-Jul-2021 18:55:32.252 INFO [http-nio-8081-exec-1] org.apache.catalina.core.ApplicationContext.log org.tuckey.web.filters.urlrewrite.utils.ServerNameMatcher DEBUG: looking for hostname match on current server name localhost
09-Jul-2021 18:55:32.253 INFO [http-nio-8081-exec-1] org.apache.catalina.core.ApplicationContext.log org.tuckey.web.filters.urlrewrite.UrlRewriteFilter DEBUG: checking for status path on /
09-Jul-2021 18:55:32.253 INFO [http-nio-8081-exec-1] org.apache.catalina.core.ApplicationContext.log org.tuckey.web.filters.urlrewrite.UrlRewriter DEBUG: processing request for /
09-Jul-2021 18:55:32.254 INFO [http-nio-8081-exec-1] org.apache.catalina.core.ApplicationContext.log org.tuckey.web.filters.urlrewrite.RuleBase DEBUG: Rule 0 run called with /
09-Jul-2021 18:55:32.255 INFO [http-nio-8081-exec-1] org.apache.catalina.core.ApplicationContext.log org.tuckey.web.filters.urlrewrite.RuleBase DEBUG: Rule 1 run called with /
09-Jul-2021 18:55:32.256 INFO [http-nio-8081-exec-1] org.apache.catalina.core.ApplicationContext.log org.tuckey.web.filters.urlrewrite.RuleBase DEBUG: Rule 2 run called with /
09-Jul-2021 18:55:32.256 INFO [http-nio-8081-exec-1] org.apache.catalina.core.ApplicationContext.log org.tuckey.web.filters.urlrewrite.RuleBase DEBUG: Rule 3 run called with /
09-Jul-2021 18:55:32.256 INFO [http-nio-8081-exec-1] org.apache.catalina.core.ApplicationContext.log org.tuckey.web.filters.urlrewrite.RuleBase DEBUG: Rule 4 run called with /
09-Jul-2021 18:55:32.256 INFO [http-nio-8081-exec-1] org.apache.catalina.core.ApplicationContext.log org.tuckey.web.filters.urlrewrite.RuleBase DEBUG: Rule 5 run called with /
09-Jul-2021 18:55:32.256 INFO [http-nio-8081-exec-1] org.apache.catalina.core.ApplicationContext.log org.tuckey.web.filters.urlrewrite.RuleBase DEBUG: Rule 6 run called with /
09-Jul-2021 18:55:32.257 INFO [http-nio-8081-exec-1] org.apache.catalina.core.ApplicationContext.log org.tuckey.web.filters.urlrewrite.RuleBase DEBUG: Rule 7 run called with /
09-Jul-2021 18:55:32.257 INFO [http-nio-8081-exec-1] org.apache.catalina.core.ApplicationContext.log org.tuckey.web.filters.urlrewrite.RuleBase DEBUG: Rule 8 run called with /
09-Jul-2021 18:55:32.257 INFO [http-nio-8081-exec-1] org.apache.catalina.core.ApplicationContext.log org.tuckey.web.filters.urlrewrite.RuleBase DEBUG: Rule 9 run called with /
09-Jul-2021 18:55:32.257 INFO [http-nio-8081-exec-1] org.apache.catalina.core.ApplicationContext.log org.tuckey.web.filters.urlrewrite.RuleBase DEBUG: Rule 10 run called with /
09-Jul-2021 18:55:32.257 INFO [http-nio-8081-exec-1] org.apache.catalina.core.ApplicationContext.log org.tuckey.web.filters.urlrewrite.RuleBase DEBUG: Rule 11 run called with /
09-Jul-2021 18:55:32.257 INFO [http-nio-8081-exec-1] org.apache.catalina.core.ApplicationContext.log org.tuckey.web.filters.urlrewrite.RuleBase DEBUG: Rule 12 run called with /
09-Jul-2021 18:55:32.257 INFO [http-nio-8081-exec-1] org.apache.catalina.core.ApplicationContext.log org.tuckey.web.filters.urlrewrite.RuleBase DEBUG: Rule 13 run called with /
09-Jul-2021 18:55:32.257 INFO [http-nio-8081-exec-1] org.apache.catalina.core.ApplicationContext.log org.tuckey.web.filters.urlrewrite.RuleBase DEBUG: Rule 14 run called with /
09-Jul-2021 18:55:32.257 INFO [http-nio-8081-exec-1] org.apache.catalina.core.ApplicationContext.log org.tuckey.web.filters.urlrewrite.RuleBase DEBUG: Rule 15 run called with /
09-Jul-2021 18:55:32.257 INFO [http-nio-8081-exec-1] org.apache.catalina.core.ApplicationContext.log org.tuckey.web.filters.urlrewrite.RuleBase DEBUG: Rule 16 run called with /
09-Jul-2021 18:55:32.258 INFO [http-nio-8081-exec-1] org.apache.catalina.core.ApplicationContext.log org.tuckey.web.filters.urlrewrite.RuleBase DEBUG: Rule 17 run called with /
09-Jul-2021 18:55:32.480 INFO [http-nio-8081-exec-2] org.apache.catalina.core.ApplicationContext.log org.tuckey.web.filters.urlrewrite.utils.ServerNameMatcher DEBUG: looking for hostname match on current server name localhost
09-Jul-2021 18:55:32.480 INFO [http-nio-8081-exec-2] org.apache.catalina.core.ApplicationContext.log org.tuckey.web.filters.urlrewrite.UrlRewriteFilter DEBUG: checking for status path on /favicon.ico
09-Jul-2021 18:55:32.480 INFO [http-nio-8081-exec-2] org.apache.catalina.core.ApplicationContext.log org.tuckey.web.filters.urlrewrite.UrlRewriter DEBUG: processing request for /favicon.ico
09-Jul-2021 18:55:32.480 INFO [http-nio-8081-exec-2] org.apache.catalina.core.ApplicationContext.log org.tuckey.web.filters.urlrewrite.RuleBase DEBUG: Rule 0 run called with /favicon.ico
09-Jul-2021 18:55:32.480 INFO [http-nio-8081-exec-2] org.apache.catalina.core.ApplicationContext.log org.tuckey.web.filters.urlrewrite.RuleBase DEBUG: Rule 1 run called with /favicon.ico
09-Jul-2021 18:55:32.481 INFO [http-nio-8081-exec-2] org.apache.catalina.core.ApplicationContext.log org.tuckey.web.filters.urlrewrite.RuleBase DEBUG: Rule 2 run called with /favicon.ico
09-Jul-2021 18:55:32.481 INFO [http-nio-8081-exec-2] org.apache.catalina.core.ApplicationContext.log org.tuckey.web.filters.urlrewrite.RuleBase DEBUG: Rule 3 run called with /favicon.ico
09-Jul-2021 18:55:32.481 INFO [http-nio-8081-exec-2] org.apache.catalina.core.ApplicationContext.log org.tuckey.web.filters.urlrewrite.RuleBase DEBUG: Rule 4 run called with /favicon.ico
09-Jul-2021 18:55:32.481 INFO [http-nio-8081-exec-2] org.apache.catalina.core.ApplicationContext.log org.tuckey.web.filters.urlrewrite.RuleBase DEBUG: Rule 5 run called with /favicon.ico
09-Jul-2021 18:55:32.481 INFO [http-nio-8081-exec-2] org.apache.catalina.core.ApplicationContext.log org.tuckey.web.filters.urlrewrite.RuleBase DEBUG: Rule 6 run called with /favicon.ico
09-Jul-2021 18:55:32.481 INFO [http-nio-8081-exec-2] org.apache.catalina.core.ApplicationContext.log org.tuckey.web.filters.urlrewrite.RuleBase DEBUG: Rule 7 run called with /favicon.ico
09-Jul-2021 18:55:32.481 INFO [http-nio-8081-exec-2] org.apache.catalina.core.ApplicationContext.log org.tuckey.web.filters.urlrewrite.RuleBase DEBUG: Rule 8 run called with /favicon.ico
09-Jul-2021 18:55:32.482 INFO [http-nio-8081-exec-2] org.apache.catalina.core.ApplicationContext.log org.tuckey.web.filters.urlrewrite.RuleBase DEBUG: Rule 9 run called with /favicon.ico
09-Jul-2021 18:55:32.482 INFO [http-nio-8081-exec-2] org.apache.catalina.core.ApplicationContext.log org.tuckey.web.filters.urlrewrite.RuleBase DEBUG: Rule 10 run called with /favicon.ico
09-Jul-2021 18:55:32.482 INFO [http-nio-8081-exec-2] org.apache.catalina.core.ApplicationContext.log org.tuckey.web.filters.urlrewrite.RuleBase DEBUG: Rule 11 run called with /favicon.ico
09-Jul-2021 18:55:32.482 INFO [http-nio-8081-exec-2] org.apache.catalina.core.ApplicationContext.log org.tuckey.web.filters.urlrewrite.RuleBase DEBUG: Rule 12 run called with /favicon.ico
09-Jul-2021 18:55:32.482 INFO [http-nio-8081-exec-2] org.apache.catalina.core.ApplicationContext.log org.tuckey.web.filters.urlrewrite.RuleBase DEBUG: Rule 13 run called with /favicon.ico
09-Jul-2021 18:55:32.482 INFO [http-nio-8081-exec-2] org.apache.catalina.core.ApplicationContext.log org.tuckey.web.filters.urlrewrite.RuleBase DEBUG: Rule 14 run called with /favicon.ico
09-Jul-2021 18:55:32.482 INFO [http-nio-8081-exec-2] org.apache.catalina.core.ApplicationContext.log org.tuckey.web.filters.urlrewrite.RuleBase DEBUG: Rule 15 run called with /favicon.ico
09-Jul-2021 18:55:32.482 INFO [http-nio-8081-exec-2] org.apache.catalina.core.ApplicationContext.log org.tuckey.web.filters.urlrewrite.RuleBase DEBUG: Rule 16 run called with /favicon.ico
09-Jul-2021 18:55:32.483 INFO [http-nio-8081-exec-2] org.apache.catalina.core.ApplicationContext.log org.tuckey.web.filters.urlrewrite.RuleBase DEBUG: Rule 17 run called with /favicon.ico
09-Jul-2021 18:55:39.019 INFO [http-nio-8081-exec-3] org.apache.catalina.core.ApplicationContext.log org.tuckey.web.filters.urlrewrite.utils.ServerNameMatcher DEBUG: looking for hostname match on current server name localhost
09-Jul-2021 18:55:39.019 INFO [http-nio-8081-exec-3] org.apache.catalina.core.ApplicationContext.log org.tuckey.web.filters.urlrewrite.UrlRewriteFilter DEBUG: checking for status path on /app/
09-Jul-2021 18:55:39.020 INFO [http-nio-8081-exec-3] org.apache.catalina.core.ApplicationContext.log org.tuckey.web.filters.urlrewrite.UrlRewriter DEBUG: processing request for /app/
09-Jul-2021 18:55:39.020 INFO [http-nio-8081-exec-3] org.apache.catalina.core.ApplicationContext.log org.tuckey.web.filters.urlrewrite.RuleBase DEBUG: Rule 0 run called with /app/
09-Jul-2021 18:55:39.020 INFO [http-nio-8081-exec-3] org.apache.catalina.core.ApplicationContext.log org.tuckey.web.filters.urlrewrite.RuleBase DEBUG: Rule 1 run called with /app/
09-Jul-2021 18:55:39.020 INFO [http-nio-8081-exec-3] org.apache.catalina.core.ApplicationContext.log org.tuckey.web.filters.urlrewrite.RuleBase DEBUG: Rule 2 run called with /app/
09-Jul-2021 18:55:39.020 INFO [http-nio-8081-exec-3] org.apache.catalina.core.ApplicationContext.log org.tuckey.web.filters.urlrewrite.RuleBase DEBUG: Rule 3 run called with /app/
09-Jul-2021 18:55:39.021 INFO [http-nio-8081-exec-3] org.apache.catalina.core.ApplicationContext.log org.tuckey.web.filters.urlrewrite.RuleBase DEBUG: Rule 4 run called with /app/
09-Jul-2021 18:55:39.021 INFO [http-nio-8081-exec-3] org.apache.catalina.core.ApplicationContext.log org.tuckey.web.filters.urlrewrite.RuleBase DEBUG: Rule 5 run called with /app/
09-Jul-2021 18:55:39.022 INFO [http-nio-8081-exec-3] org.apache.catalina.core.ApplicationContext.log org.tuckey.web.filters.urlrewrite.RuleBase DEBUG: Rule 6 run called with /app/
09-Jul-2021 18:55:39.022 INFO [http-nio-8081-exec-3] org.apache.catalina.core.ApplicationContext.log org.tuckey.web.filters.urlrewrite.RuleBase DEBUG: Rule 7 run called with /app/
09-Jul-2021 18:55:39.022 INFO [http-nio-8081-exec-3] org.apache.catalina.core.ApplicationContext.log org.tuckey.web.filters.urlrewrite.RuleBase DEBUG: Rule 8 run called with /app/
09-Jul-2021 18:55:39.022 INFO [http-nio-8081-exec-3] org.apache.catalina.core.ApplicationContext.log org.tuckey.web.filters.urlrewrite.RuleBase DEBUG: Rule 9 run called with /app/
09-Jul-2021 18:55:39.023 INFO [http-nio-8081-exec-3] org.apache.catalina.core.ApplicationContext.log org.tuckey.web.filters.urlrewrite.RuleBase DEBUG: Rule 10 run called with /app/
09-Jul-2021 18:55:39.023 INFO [http-nio-8081-exec-3] org.apache.catalina.core.ApplicationContext.log org.tuckey.web.filters.urlrewrite.RuleBase DEBUG: Rule 11 run called with /app/
09-Jul-2021 18:55:39.023 INFO [http-nio-8081-exec-3] org.apache.catalina.core.ApplicationContext.log org.tuckey.web.filters.urlrewrite.RuleBase DEBUG: Rule 12 run called with /app/
09-Jul-2021 18:55:39.023 INFO [http-nio-8081-exec-3] org.apache.catalina.core.ApplicationContext.log org.tuckey.web.filters.urlrewrite.RuleBase DEBUG: Rule 13 run called with /app/
09-Jul-2021 18:55:39.023 INFO [http-nio-8081-exec-3] org.apache.catalina.core.ApplicationContext.log org.tuckey.web.filters.urlrewrite.RuleBase DEBUG: Rule 14 run called with /app/
09-Jul-2021 18:55:39.024 INFO [http-nio-8081-exec-3] org.apache.catalina.core.ApplicationContext.log org.tuckey.web.filters.urlrewrite.RuleBase DEBUG: Rule 15 run called with /app/
09-Jul-2021 18:55:39.024 INFO [http-nio-8081-exec-3] org.apache.catalina.core.ApplicationContext.log org.tuckey.web.filters.urlrewrite.RuleBase DEBUG: Rule 16 run called with /app/
09-Jul-2021 18:55:39.024 INFO [http-nio-8081-exec-3] org.apache.catalina.core.ApplicationContext.log org.tuckey.web.filters.urlrewrite.RuleBase DEBUG: Rule 17 run called with /app/
09-Jul-2021 18:57:09.324 INFO [http-nio-8081-exec-6] org.apache.catalina.core.ApplicationContext.log org.tuckey.web.filters.urlrewrite.utils.ServerNameMatcher DEBUG: looking for hostname match on current server name localhost
09-Jul-2021 18:57:09.324 INFO [http-nio-8081-exec-6] org.apache.catalina.core.ApplicationContext.log org.tuckey.web.filters.urlrewrite.UrlRewriteFilter DEBUG: checking for status path on /app/
09-Jul-2021 18:57:09.324 INFO [http-nio-8081-exec-6] org.apache.catalina.core.ApplicationContext.log org.tuckey.web.filters.urlrewrite.UrlRewriter DEBUG: processing request for /app/
09-Jul-2021 18:57:09.324 INFO [http-nio-8081-exec-6] org.apache.catalina.core.ApplicationContext.log org.tuckey.web.filters.urlrewrite.RuleBase DEBUG: Rule 0 run called with /app/
09-Jul-2021 18:57:09.324 INFO [http-nio-8081-exec-6] org.apache.catalina.core.ApplicationContext.log org.tuckey.web.filters.urlrewrite.RuleBase DEBUG: Rule 1 run called with /app/
09-Jul-2021 18:57:09.324 INFO [http-nio-8081-exec-6] org.apache.catalina.core.ApplicationContext.log org.tuckey.web.filters.urlrewrite.RuleBase DEBUG: Rule 2 run called with /app/
09-Jul-2021 18:57:09.324 INFO [http-nio-8081-exec-6] org.apache.catalina.core.ApplicationContext.log org.tuckey.web.filters.urlrewrite.RuleBase DEBUG: Rule 3 run called with /app/
09-Jul-2021 18:57:09.324 INFO [http-nio-8081-exec-6] org.apache.catalina.core.ApplicationContext.log org.tuckey.web.filters.urlrewrite.RuleBase DEBUG: Rule 4 run called with /app/
09-Jul-2021 18:57:09.324 INFO [http-nio-8081-exec-6] org.apache.catalina.core.ApplicationContext.log org.tuckey.web.filters.urlrewrite.RuleBase DEBUG: Rule 5 run called with /app/
09-Jul-2021 18:57:09.325 INFO [http-nio-8081-exec-6] org.apache.catalina.core.ApplicationContext.log org.tuckey.web.filters.urlrewrite.RuleBase DEBUG: Rule 6 run called with /app/
09-Jul-2021 18:57:09.325 INFO [http-nio-8081-exec-6] org.apache.catalina.core.ApplicationContext.log org.tuckey.web.filters.urlrewrite.RuleBase DEBUG: Rule 7 run called with /app/
09-Jul-2021 18:57:09.325 INFO [http-nio-8081-exec-6] org.apache.catalina.core.ApplicationContext.log org.tuckey.web.filters.urlrewrite.RuleBase DEBUG: Rule 8 run called with /app/
09-Jul-2021 18:57:09.325 INFO [http-nio-8081-exec-6] org.apache.catalina.core.ApplicationContext.log org.tuckey.web.filters.urlrewrite.RuleBase DEBUG: Rule 9 run called with /app/
09-Jul-2021 18:57:09.325 INFO [http-nio-8081-exec-6] org.apache.catalina.core.ApplicationContext.log org.tuckey.web.filters.urlrewrite.RuleBase DEBUG: Rule 10 run called with /app/
09-Jul-2021 18:57:09.325 INFO [http-nio-8081-exec-6] org.apache.catalina.core.ApplicationContext.log org.tuckey.web.filters.urlrewrite.RuleBase DEBUG: Rule 11 run called with /app/
09-Jul-2021 18:57:09.325 INFO [http-nio-8081-exec-6] org.apache.catalina.core.ApplicationContext.log org.tuckey.web.filters.urlrewrite.RuleBase DEBUG: Rule 12 run called with /app/
09-Jul-2021 18:57:09.325 INFO [http-nio-8081-exec-6] org.apache.catalina.core.ApplicationContext.log org.tuckey.web.filters.urlrewrite.RuleBase DEBUG: Rule 13 run called with /app/
09-Jul-2021 18:57:09.325 INFO [http-nio-8081-exec-6] org.apache.catalina.core.ApplicationContext.log org.tuckey.web.filters.urlrewrite.RuleBase DEBUG: Rule 14 run called with /app/
09-Jul-2021 18:57:09.325 INFO [http-nio-8081-exec-6] org.apache.catalina.core.ApplicationContext.log org.tuckey.web.filters.urlrewrite.RuleBase DEBUG: Rule 15 run called with /app/
09-Jul-2021 18:57:09.325 INFO [http-nio-8081-exec-6] org.apache.catalina.core.ApplicationContext.log org.tuckey.web.filters.urlrewrite.RuleBase DEBUG: Rule 16 run called with /app/
09-Jul-2021 18:57:09.325 INFO [http-nio-8081-exec-6] org.apache.catalina.core.ApplicationContext.log org.tuckey.web.filters.urlrewrite.RuleBase DEBUG: Rule 17 run called with /app/
09-Jul-2021 18:57:09.519 INFO [http-nio-8081-exec-7] org.apache.catalina.core.ApplicationContext.log org.tuckey.web.filters.urlrewrite.utils.ServerNameMatcher DEBUG: looking for hostname match on current server name localhost
09-Jul-2021 18:57:09.519 INFO [http-nio-8081-exec-7] org.apache.catalina.core.ApplicationContext.log org.tuckey.web.filters.urlrewrite.UrlRewriteFilter DEBUG: checking for status path on /favicon.ico
09-Jul-2021 18:57:09.520 INFO [http-nio-8081-exec-7] org.apache.catalina.core.ApplicationContext.log org.tuckey.web.filters.urlrewrite.UrlRewriter DEBUG: processing request for /favicon.ico
09-Jul-2021 18:57:09.520 INFO [http-nio-8081-exec-7] org.apache.catalina.core.ApplicationContext.log org.tuckey.web.filters.urlrewrite.RuleBase DEBUG: Rule 0 run called with /favicon.ico
09-Jul-2021 18:57:09.520 INFO [http-nio-8081-exec-7] org.apache.catalina.core.ApplicationContext.log org.tuckey.web.filters.urlrewrite.RuleBase DEBUG: Rule 1 run called with /favicon.ico
09-Jul-2021 18:57:09.520 INFO [http-nio-8081-exec-7] org.apache.catalina.core.ApplicationContext.log org.tuckey.web.filters.urlrewrite.RuleBase DEBUG: Rule 2 run called with /favicon.ico
09-Jul-2021 18:57:09.520 INFO [http-nio-8081-exec-7] org.apache.catalina.core.ApplicationContext.log org.tuckey.web.filters.urlrewrite.RuleBase DEBUG: Rule 3 run called with /favicon.ico
09-Jul-2021 18:57:09.520 INFO [http-nio-8081-exec-7] org.apache.catalina.core.ApplicationContext.log org.tuckey.web.filters.urlrewrite.RuleBase DEBUG: Rule 4 run called with /favicon.ico
09-Jul-2021 18:57:09.520 INFO [http-nio-8081-exec-7] org.apache.catalina.core.ApplicationContext.log org.tuckey.web.filters.urlrewrite.RuleBase DEBUG: Rule 5 run called with /favicon.ico
09-Jul-2021 18:57:09.520 INFO [http-nio-8081-exec-7] org.apache.catalina.core.ApplicationContext.log org.tuckey.web.filters.urlrewrite.RuleBase DEBUG: Rule 6 run called with /favicon.ico
09-Jul-2021 18:57:09.520 INFO [http-nio-8081-exec-7] org.apache.catalina.core.ApplicationContext.log org.tuckey.web.filters.urlrewrite.RuleBase DEBUG: Rule 7 run called with /favicon.ico
09-Jul-2021 18:57:09.520 INFO [http-nio-8081-exec-7] org.apache.catalina.core.ApplicationContext.log org.tuckey.web.filters.urlrewrite.RuleBase DEBUG: Rule 8 run called with /favicon.ico
09-Jul-2021 18:57:09.520 INFO [http-nio-8081-exec-7] org.apache.catalina.core.ApplicationContext.log org.tuckey.web.filters.urlrewrite.RuleBase DEBUG: Rule 9 run called with /favicon.ico
09-Jul-2021 18:57:09.520 INFO [http-nio-8081-exec-7] org.apache.catalina.core.ApplicationContext.log org.tuckey.web.filters.urlrewrite.RuleBase DEBUG: Rule 10 run called with /favicon.ico
09-Jul-2021 18:57:09.521 INFO [http-nio-8081-exec-7] org.apache.catalina.core.ApplicationContext.log org.tuckey.web.filters.urlrewrite.RuleBase DEBUG: Rule 11 run called with /favicon.ico
09-Jul-2021 18:57:09.521 INFO [http-nio-8081-exec-7] org.apache.catalina.core.ApplicationContext.log org.tuckey.web.filters.urlrewrite.RuleBase DEBUG: Rule 12 run called with /favicon.ico
09-Jul-2021 18:57:09.521 INFO [http-nio-8081-exec-7] org.apache.catalina.core.ApplicationContext.log org.tuckey.web.filters.urlrewrite.RuleBase DEBUG: Rule 13 run called with /favicon.ico
09-Jul-2021 18:57:09.521 INFO [http-nio-8081-exec-7] org.apache.catalina.core.ApplicationContext.log org.tuckey.web.filters.urlrewrite.RuleBase DEBUG: Rule 14 run called with /favicon.ico
09-Jul-2021 18:57:09.521 INFO [http-nio-8081-exec-7] org.apache.catalina.core.ApplicationContext.log org.tuckey.web.filters.urlrewrite.RuleBase DEBUG: Rule 15 run called with /favicon.ico
09-Jul-2021 18:57:09.521 INFO [http-nio-8081-exec-7] org.apache.catalina.core.ApplicationContext.log org.tuckey.web.filters.urlrewrite.RuleBase DEBUG: Rule 16 run called with /favicon.ico
09-Jul-2021 18:57:09.521 INFO [http-nio-8081-exec-7] org.apache.catalina.core.ApplicationContext.log org.tuckey.web.filters.urlrewrite.RuleBase DEBUG: Rule 17 run called with /favicon.ico
09-Jul-2021 18:59:26.426 INFO [ContainerBackgroundProcessor[StandardEngine[Catalina]]] org.apache.catalina.core.ApplicationContext.log org.tuckey.web.filters.urlrewrite.UrlRewriteFilter INFO: destroy called
09-Jul-2021 18:59:39.424 INFO [localhost-startStop-2] org.apache.catalina.core.ApplicationContext.log SessionListener: contextDestroyed()
09-Jul-2021 18:59:39.425 INFO [localhost-startStop-2] org.apache.catalina.core.ApplicationContext.log ContextListener: contextDestroyed()
09-Jul-2021 18:59:47.898 INFO [localhost-startStop-1] org.apache.catalina.core.ApplicationContext.log ContextListener: contextInitialized()
09-Jul-2021 18:59:47.898 INFO [localhost-startStop-1] org.apache.catalina.core.ApplicationContext.log SessionListener: contextInitialized()
09-Jul-2021 18:59:47.899 INFO [localhost-startStop-1] org.apache.catalina.core.ApplicationContext.log ContextListener: attributeAdded('StockTicker', 'async.Stockticker@19166be7')
09-Jul-2021 19:08:30.134 INFO [localhost-startStop-2] org.apache.catalina.core.ApplicationContext.log SessionListener: contextDestroyed()
09-Jul-2021 19:08:30.134 INFO [localhost-startStop-2] org.apache.catalina.core.ApplicationContext.log ContextListener: contextDestroyed()
09-Jul-2021 19:08:36.216 INFO [localhost-startStop-1] org.apache.catalina.core.ApplicationContext.log ContextListener: contextInitialized()
09-Jul-2021 19:08:36.217 INFO [localhost-startStop-1] org.apache.catalina.core.ApplicationContext.log SessionListener: contextInitialized()
09-Jul-2021 19:08:36.218 INFO [localhost-startStop-1] org.apache.catalina.core.ApplicationContext.log ContextListener: attributeAdded('StockTicker', 'async.Stockticker@66b19701')
09-Jul-2021 19:09:09.084 INFO [localhost-startStop-2] org.apache.catalina.core.ApplicationContext.log SessionListener: contextDestroyed()
09-Jul-2021 19:09:09.085 INFO [localhost-startStop-2] org.apache.catalina.core.ApplicationContext.log ContextListener: contextDestroyed()
09-Jul-2021 19:09:11.944 INFO [localhost-startStop-1] org.apache.catalina.core.ApplicationContext.log ContextListener: contextInitialized()
09-Jul-2021 19:09:11.944 INFO [localhost-startStop-1] org.apache.catalina.core.ApplicationContext.log SessionListener: contextInitialized()
09-Jul-2021 19:09:11.945 INFO [localhost-startStop-1] org.apache.catalina.core.ApplicationContext.log ContextListener: attributeAdded('StockTicker', 'async.Stockticker@19166be7')
09-Jul-2021 19:10:48.163 INFO [localhost-startStop-2] org.apache.catalina.core.ApplicationContext.log SessionListener: contextDestroyed()
09-Jul-2021 19:10:48.163 INFO [localhost-startStop-2] org.apache.catalina.core.ApplicationContext.log ContextListener: contextDestroyed()
09-Jul-2021 19:10:50.738 INFO [localhost-startStop-1] org.apache.catalina.core.ApplicationContext.log ContextListener: contextInitialized()
09-Jul-2021 19:10:50.738 INFO [localhost-startStop-1] org.apache.catalina.core.ApplicationContext.log SessionListener: contextInitialized()
09-Jul-2021 19:10:50.740 INFO [localhost-startStop-1] org.apache.catalina.core.ApplicationContext.log ContextListener: attributeAdded('StockTicker', 'async.Stockticker@19166be7')
09-Jul-2021 19:13:31.919 INFO [localhost-startStop-2] org.apache.catalina.core.ApplicationContext.log SessionListener: contextDestroyed()
09-Jul-2021 19:13:31.919 INFO [localhost-startStop-2] org.apache.catalina.core.ApplicationContext.log ContextListener: contextDestroyed()
09-Jul-2021 19:13:36.534 INFO [localhost-startStop-1] org.apache.catalina.core.ApplicationContext.log ContextListener: contextInitialized()
09-Jul-2021 19:13:36.535 INFO [localhost-startStop-1] org.apache.catalina.core.ApplicationContext.log SessionListener: contextInitialized()
09-Jul-2021 19:13:36.536 INFO [localhost-startStop-1] org.apache.catalina.core.ApplicationContext.log ContextListener: attributeAdded('StockTicker', 'async.Stockticker@19166be7')
09-Jul-2021 19:26:42.668 INFO [localhost-startStop-2] org.apache.catalina.core.ApplicationContext.log SessionListener: contextDestroyed()
09-Jul-2021 19:26:42.668 INFO [localhost-startStop-2] org.apache.catalina.core.ApplicationContext.log ContextListener: contextDestroyed()
09-Jul-2021 19:26:49.358 INFO [localhost-startStop-1] org.apache.catalina.core.ApplicationContext.log ContextListener: contextInitialized()
09-Jul-2021 19:26:49.358 INFO [localhost-startStop-1] org.apache.catalina.core.ApplicationContext.log SessionListener: contextInitialized()
09-Jul-2021 19:26:49.359 INFO [localhost-startStop-1] org.apache.catalina.core.ApplicationContext.log ContextListener: attributeAdded('StockTicker', 'async.Stockticker@19166be7')
09-Jul-2021 19:35:26.332 INFO [localhost-startStop-2] org.apache.catalina.core.ApplicationContext.log SessionListener: contextDestroyed()
09-Jul-2021 19:35:26.333 INFO [localhost-startStop-2] org.apache.catalina.core.ApplicationContext.log ContextListener: contextDestroyed()
09-Jul-2021 19:35:30.914 INFO [localhost-startStop-1] org.apache.catalina.core.ApplicationContext.log ContextListener: contextInitialized()
09-Jul-2021 19:35:30.914 INFO [localhost-startStop-1] org.apache.catalina.core.ApplicationContext.log SessionListener: contextInitialized()
09-Jul-2021 19:35:30.916 INFO [localhost-startStop-1] org.apache.catalina.core.ApplicationContext.log ContextListener: attributeAdded('StockTicker', 'async.Stockticker@19166be7')
